<?xml version="1.0" encoding="UTF-8"?>
<robot generator="Robot 7.3.2 (Python 3.13.5 on darwin)" generated="2025-09-29T22:17:38.147415" rpa="false" schemaversion="5">
<suite id="s1" name="Thuy Chuong Duong" source="/Users/peanut/Library/CloudStorage/OneDrive-CharlesDarwinUniversity/F1-S2/PRT582  PROCESS&amp; TOOLS/robot_train_suite/suites/thuy_chuong_duong.robot">
<kw name="Setup And Login With Role" owner="Auth" type="SETUP">
<kw name="Set Selenium Speed" owner="SeleniumLibrary">
<arg>0.1s</arg>
<doc>Sets the delay that is waited after each Selenium command.</doc>
<status status="PASS" start="2025-09-29T22:17:38.332852" elapsed="0.000125"/>
</kw>
<kw name="Select Role (Admin/User)" owner="Auth">
<kw name="Set Variable" owner="BuiltIn">
<msg time="2025-09-29T22:17:38.333257" level="INFO">${base} = http://localhost:8083/TrainBook/AdminHome.html</msg>
<var>${base}</var>
<arg>${BASE_URLS}[${role}]</arg>
<doc>Returns the given values which can then be assigned to a variables.</doc>
<status status="PASS" start="2025-09-29T22:17:38.333177" elapsed="0.000096"/>
</kw>
<kw name="Set Variable" owner="BuiltIn">
<msg time="2025-09-29T22:17:38.333388" level="INFO">${username} = admin@demo.com</msg>
<var>${username}</var>
<arg>${CREDS}[${role}][username]</arg>
<doc>Returns the given values which can then be assigned to a variables.</doc>
<status status="PASS" start="2025-09-29T22:17:38.333322" elapsed="0.000078"/>
</kw>
<kw name="Set Variable" owner="BuiltIn">
<msg time="2025-09-29T22:17:38.333502" level="INFO">${password} = admin</msg>
<var>${password}</var>
<arg>${CREDS}[${role}][password]</arg>
<doc>Returns the given values which can then be assigned to a variables.</doc>
<status status="PASS" start="2025-09-29T22:17:38.333442" elapsed="0.000070"/>
</kw>
<kw name="Set Suite Variable" owner="BuiltIn">
<msg time="2025-09-29T22:17:38.333636" level="INFO">${BASE_URL} = http://localhost:8083/TrainBook/AdminHome.html</msg>
<arg>${BASE_URL}</arg>
<arg>${base}</arg>
<doc>Makes a variable available everywhere within the scope of the current suite.</doc>
<status status="PASS" start="2025-09-29T22:17:38.333557" elapsed="0.000096"/>
</kw>
<kw name="Set Suite Variable" owner="BuiltIn">
<msg time="2025-09-29T22:17:38.334283" level="INFO">${APP_USERNAME} = admin@demo.com</msg>
<arg>${APP_USERNAME}</arg>
<arg>${username}</arg>
<doc>Makes a variable available everywhere within the scope of the current suite.</doc>
<status status="PASS" start="2025-09-29T22:17:38.333699" elapsed="0.000605"/>
</kw>
<kw name="Set Suite Variable" owner="BuiltIn">
<msg time="2025-09-29T22:17:38.334883" level="INFO">${APP_PASSWORD} = admin</msg>
<arg>${APP_PASSWORD}</arg>
<arg>${password}</arg>
<doc>Makes a variable available everywhere within the scope of the current suite.</doc>
<status status="PASS" start="2025-09-29T22:17:38.334352" elapsed="0.000551"/>
</kw>
<arg>${role}</arg>
<status status="PASS" start="2025-09-29T22:17:38.333075" elapsed="0.001859"/>
</kw>
<kw name="Open Browser To App" owner="TrainApp">
<kw name="Set Variable" owner="BuiltIn">
<msg time="2025-09-29T22:17:38.335142" level="INFO">${base_url} = http://localhost:8083/TrainBook/AdminHome.html</msg>
<var>${base_url}</var>
<arg>${BASE_URLS}[${role}]</arg>
<doc>Returns the given values which can then be assigned to a variables.</doc>
<status status="PASS" start="2025-09-29T22:17:38.335074" elapsed="0.000080"/>
</kw>
<kw name="Open Browser" owner="SeleniumLibrary">
<msg time="2025-09-29T22:17:38.335301" level="INFO">Opening browser 'chrome' to base url 'http://localhost:8083/TrainBook/AdminHome.html'.</msg>
<arg>${base_url}</arg>
<arg>${BROWSER}</arg>
<doc>Opens a new browser instance to the optional ``url``.</doc>
<status status="PASS" start="2025-09-29T22:17:38.335209" elapsed="1.127759"/>
</kw>
<kw name="Set Window Size" owner="SeleniumLibrary">
<arg>1920</arg>
<arg>1080</arg>
<doc>Sets current windows size to given ``width`` and ``height``.</doc>
<status status="PASS" start="2025-09-29T22:17:39.463383" elapsed="0.446103"/>
</kw>
<status status="PASS" start="2025-09-29T22:17:38.334994" elapsed="1.600402"/>
</kw>
<kw name="Ensure Logged In" owner="TrainApp">
<kw name="Go To" owner="SeleniumLibrary">
<msg time="2025-09-29T22:17:39.942779" level="INFO">Opening url 'http://localhost:8083/TrainBook/AdminLogin.html'</msg>
<arg>${LOGIN_PAGE_ADMIN}</arg>
<doc>Navigates the current browser window to the provided ``url``.</doc>
<status status="PASS" start="2025-09-29T22:17:39.942671" elapsed="0.126185"/>
</kw>
<kw name="Set Field Value" owner="TrainApp">
<kw name="Wait Until Element Is Visible" owner="SeleniumLibrary">
<arg>${locator}</arg>
<doc>Waits until the element ``locator`` is visible.</doc>
<status status="PASS" start="2025-09-29T22:17:40.075775" elapsed="0.233599"/>
</kw>
<kw name="Clear Element Text" owner="SeleniumLibrary">
<arg>${locator}</arg>
<doc>Clears the value of the text-input-element identified by ``locator``.</doc>
<status status="PASS" start="2025-09-29T22:17:40.309542" elapsed="0.227679"/>
</kw>
<kw name="Input Text" owner="SeleniumLibrary">
<msg time="2025-09-29T22:17:40.537529" level="INFO">Typing text 'admin@demo.com' into text field 'css=input[name="uname"]'.</msg>
<arg>${locator}</arg>
<arg>${value}</arg>
<doc>Types the given ``text`` into the text field identified by ``locator``.</doc>
<status status="PASS" start="2025-09-29T22:17:40.537365" elapsed="0.464475"/>
</kw>
<arg>${LOGIN_USERNAME_FIELD}</arg>
<arg>${username}</arg>
<status status="PASS" start="2025-09-29T22:17:40.075234" elapsed="0.926781"/>
</kw>
<kw name="Set Field Value" owner="TrainApp">
<kw name="Wait Until Element Is Visible" owner="SeleniumLibrary">
<arg>${locator}</arg>
<doc>Waits until the element ``locator`` is visible.</doc>
<status status="PASS" start="2025-09-29T22:17:41.002596" elapsed="0.239869"/>
</kw>
<kw name="Clear Element Text" owner="SeleniumLibrary">
<arg>${locator}</arg>
<doc>Clears the value of the text-input-element identified by ``locator``.</doc>
<status status="PASS" start="2025-09-29T22:17:41.242731" elapsed="0.254014"/>
</kw>
<kw name="Input Text" owner="SeleniumLibrary">
<msg time="2025-09-29T22:17:41.498137" level="INFO">Typing text 'admin' into text field 'css=input[name="pword"]'.</msg>
<arg>${locator}</arg>
<arg>${value}</arg>
<doc>Types the given ``text`` into the text field identified by ``locator``.</doc>
<status status="PASS" start="2025-09-29T22:17:41.497258" elapsed="0.429686"/>
</kw>
<arg>${LOGIN_PASSWORD_FIELD}</arg>
<arg>${password}</arg>
<status status="PASS" start="2025-09-29T22:17:41.002263" elapsed="0.924805"/>
</kw>
<kw name="Click" owner="TrainApp">
<kw name="Wait Until Element Is Visible" owner="SeleniumLibrary">
<arg>${locator}</arg>
<doc>Waits until the element ``locator`` is visible.</doc>
<status status="PASS" start="2025-09-29T22:17:41.927598" elapsed="0.246617"/>
</kw>
<kw name="Click Element" owner="SeleniumLibrary">
<msg time="2025-09-29T22:17:42.174722" level="INFO">Clicking element 'css=input[type="submit"][value*="LOGIN"]'.</msg>
<arg>${locator}</arg>
<doc>Click the element identified by ``locator``.</doc>
<status status="PASS" start="2025-09-29T22:17:42.174475" elapsed="0.268108"/>
</kw>
<arg>${BTN_LOGIN}</arg>
<status status="PASS" start="2025-09-29T22:17:41.927317" elapsed="0.515365"/>
</kw>
<arg>${APP_USERNAME}</arg>
<arg>${APP_PASSWORD}</arg>
<status status="PASS" start="2025-09-29T22:17:39.939617" elapsed="2.503100"/>
</kw>
<arg>${ROLE}</arg>
<status status="PASS" start="2025-09-29T22:17:38.332471" elapsed="4.110284"/>
</kw>
<test id="s1-t1" name="ADD_001 Add a new train with valid data" line="20">
<kw name="Go Home" owner="TrainApp" type="SETUP">
<kw name="Go To" owner="SeleniumLibrary">
<msg time="2025-09-29T22:17:42.443587" level="INFO">Opening url 'http://localhost:8083/TrainBook/AdminHome.html'</msg>
<arg>${BASE_URL}</arg>
<doc>Navigates the current browser window to the provided ``url``.</doc>
<status status="PASS" start="2025-09-29T22:17:42.443503" elapsed="0.114577"/>
</kw>
<status status="PASS" start="2025-09-29T22:17:42.443354" elapsed="0.114857"/>
</kw>
<kw name="T_Add_Train_Succeeds" owner="TrainApp">
<kw name="Generate Unique Train Number" owner="TrainApp">
<kw name="Get Time" owner="BuiltIn">
<msg time="2025-09-29T22:17:42.559338" level="INFO">${ts} = 1759150062</msg>
<var>${ts}</var>
<arg>epoch</arg>
<doc>Returns the given time in the requested format.</doc>
<status status="PASS" start="2025-09-29T22:17:42.559014" elapsed="0.000348"/>
</kw>
<kw name="Evaluate" owner="BuiltIn">
<msg time="2025-09-29T22:17:42.559642" level="INFO">${mod} = 39609</msg>
<var>${mod}</var>
<arg>int(${ts}) % 89999 + 10001</arg>
<doc>Evaluates the given expression in Python and returns the result.</doc>
<status status="PASS" start="2025-09-29T22:17:42.559442" elapsed="0.000218"/>
</kw>
<return>
<value>${mod}</value>
<status status="PASS" start="2025-09-29T22:17:42.559705" elapsed="0.000114"/>
</return>
<msg time="2025-09-29T22:17:42.559913" level="INFO">${train_no} = 39609</msg>
<var>${train_no}</var>
<status status="PASS" start="2025-09-29T22:17:42.558834" elapsed="0.001097"/>
</kw>
<kw name="Add Train" owner="TrainApp">
<kw name="Open Add Train" owner="TrainApp">
<kw name="Click" owner="TrainApp">
<kw name="Wait Until Element Is Visible" owner="SeleniumLibrary">
<arg>${locator}</arg>
<doc>Waits until the element ``locator`` is visible.</doc>
<status status="PASS" start="2025-09-29T22:17:42.560657" elapsed="0.223117"/>
</kw>
<kw name="Click Element" owner="SeleniumLibrary">
<msg time="2025-09-29T22:17:42.784536" level="INFO">Clicking element 'css=a[href*="addtrain"]'.</msg>
<arg>${locator}</arg>
<doc>Click the element identified by ``locator``.</doc>
<status status="PASS" start="2025-09-29T22:17:42.784166" elapsed="0.308165"/>
</kw>
<arg>${NAV_ADD_TRAIN}</arg>
<status status="PASS" start="2025-09-29T22:17:42.560404" elapsed="0.532149"/>
</kw>
<status status="PASS" start="2025-09-29T22:17:42.560275" elapsed="0.532357"/>
</kw>
<kw name="Fill Add Train Form" owner="TrainApp">
<kw name="Set Field Value" owner="TrainApp">
<kw name="Wait Until Element Is Visible" owner="SeleniumLibrary">
<arg>${locator}</arg>
<doc>Waits until the element ``locator`` is visible.</doc>
<status status="PASS" start="2025-09-29T22:17:43.093380" elapsed="0.222791"/>
</kw>
<kw name="Clear Element Text" owner="SeleniumLibrary">
<arg>${locator}</arg>
<doc>Clears the value of the text-input-element identified by ``locator``.</doc>
<status status="PASS" start="2025-09-29T22:17:43.316350" elapsed="0.246127"/>
</kw>
<kw name="Input Text" owner="SeleniumLibrary">
<msg time="2025-09-29T22:17:43.562953" level="INFO">Typing text '39609' into text field 'css=input[name="trainno"]'.</msg>
<arg>${locator}</arg>
<arg>${value}</arg>
<doc>Types the given ``text`` into the text field identified by ``locator``.</doc>
<status status="PASS" start="2025-09-29T22:17:43.562749" elapsed="0.458122"/>
</kw>
<arg>${FLD_TRAIN_NO}</arg>
<arg>${train_no}</arg>
<status status="PASS" start="2025-09-29T22:17:43.093183" elapsed="0.927896"/>
</kw>
<kw name="Set Field Value" owner="TrainApp">
<kw name="Wait Until Element Is Visible" owner="SeleniumLibrary">
<arg>${locator}</arg>
<doc>Waits until the element ``locator`` is visible.</doc>
<status status="PASS" start="2025-09-29T22:17:44.021728" elapsed="0.217205"/>
</kw>
<kw name="Clear Element Text" owner="SeleniumLibrary">
<arg>${locator}</arg>
<doc>Clears the value of the text-input-element identified by ``locator``.</doc>
<status status="PASS" start="2025-09-29T22:17:44.239299" elapsed="0.224569"/>
</kw>
<kw name="Input Text" owner="SeleniumLibrary">
<msg time="2025-09-29T22:17:44.464833" level="INFO">Typing text 'YAMUNA EXP' into text field 'css=input[name="trainname"]'.</msg>
<arg>${locator}</arg>
<arg>${value}</arg>
<doc>Types the given ``text`` into the text field identified by ``locator``.</doc>
<status status="PASS" start="2025-09-29T22:17:44.464446" elapsed="0.368680"/>
</kw>
<arg>${FLD_TRAIN_NAME}</arg>
<arg>${name}</arg>
<status status="PASS" start="2025-09-29T22:17:44.021344" elapsed="0.811964"/>
</kw>
<kw name="Set Field Value" owner="TrainApp">
<kw name="Wait Until Element Is Visible" owner="SeleniumLibrary">
<arg>${locator}</arg>
<doc>Waits until the element ``locator`` is visible.</doc>
<status status="PASS" start="2025-09-29T22:17:44.834065" elapsed="0.218217"/>
</kw>
<kw name="Clear Element Text" owner="SeleniumLibrary">
<arg>${locator}</arg>
<doc>Clears the value of the text-input-element identified by ``locator``.</doc>
<status status="PASS" start="2025-09-29T22:17:45.053340" elapsed="0.236334"/>
</kw>
<kw name="Input Text" owner="SeleniumLibrary">
<msg time="2025-09-29T22:17:45.292042" level="INFO">Typing text 'GAYA' into text field 'css=input[name="fromstation"]'.</msg>
<arg>${locator}</arg>
<arg>${value}</arg>
<doc>Types the given ``text`` into the text field identified by ``locator``.</doc>
<status status="PASS" start="2025-09-29T22:17:45.290898" elapsed="0.384565"/>
</kw>
<arg>${FLD_FROM}</arg>
<arg>${from}</arg>
<status status="PASS" start="2025-09-29T22:17:44.833582" elapsed="0.842109"/>
</kw>
<kw name="Set Field Value" owner="TrainApp">
<kw name="Wait Until Element Is Visible" owner="SeleniumLibrary">
<arg>${locator}</arg>
<doc>Waits until the element ``locator`` is visible.</doc>
<status status="PASS" start="2025-09-29T22:17:45.676464" elapsed="0.224468"/>
</kw>
<kw name="Clear Element Text" owner="SeleniumLibrary">
<arg>${locator}</arg>
<doc>Clears the value of the text-input-element identified by ``locator``.</doc>
<status status="PASS" start="2025-09-29T22:17:45.901692" elapsed="0.251473"/>
</kw>
<kw name="Input Text" owner="SeleniumLibrary">
<msg time="2025-09-29T22:17:46.153704" level="INFO">Typing text 'DELHI' into text field 'css=input[name="tostation"]'.</msg>
<arg>${locator}</arg>
<arg>${value}</arg>
<doc>Types the given ``text`` into the text field identified by ``locator``.</doc>
<status status="PASS" start="2025-09-29T22:17:46.153405" elapsed="0.383509"/>
</kw>
<arg>${FLD_TO}</arg>
<arg>${to}</arg>
<status status="PASS" start="2025-09-29T22:17:45.676000" elapsed="0.861021"/>
</kw>
<kw name="Set Field Value" owner="TrainApp">
<kw name="Wait Until Element Is Visible" owner="SeleniumLibrary">
<arg>${locator}</arg>
<doc>Waits until the element ``locator`` is visible.</doc>
<status status="PASS" start="2025-09-29T22:17:46.537407" elapsed="0.226716"/>
</kw>
<kw name="Clear Element Text" owner="SeleniumLibrary">
<arg>${locator}</arg>
<doc>Clears the value of the text-input-element identified by ``locator``.</doc>
<status status="PASS" start="2025-09-29T22:17:46.765015" elapsed="0.237369"/>
</kw>
<kw name="Input Text" owner="SeleniumLibrary">
<msg time="2025-09-29T22:17:47.003940" level="INFO">Typing text '120' into text field 'css=input[name="available"]'.</msg>
<arg>${locator}</arg>
<arg>${value}</arg>
<doc>Types the given ``text`` into the text field identified by ``locator``.</doc>
<status status="PASS" start="2025-09-29T22:17:47.003173" elapsed="0.356448"/>
</kw>
<arg>${FLD_AVAILABLE}</arg>
<arg>${available}</arg>
<status status="PASS" start="2025-09-29T22:17:46.537183" elapsed="0.822728"/>
</kw>
<kw name="Set Field Value" owner="TrainApp">
<kw name="Wait Until Element Is Visible" owner="SeleniumLibrary">
<arg>${locator}</arg>
<doc>Waits until the element ``locator`` is visible.</doc>
<status status="PASS" start="2025-09-29T22:17:47.360667" elapsed="0.219384"/>
</kw>
<kw name="Clear Element Text" owner="SeleniumLibrary">
<arg>${locator}</arg>
<doc>Clears the value of the text-input-element identified by ``locator``.</doc>
<status status="PASS" start="2025-09-29T22:17:47.580372" elapsed="0.238887"/>
</kw>
<kw name="Input Text" owner="SeleniumLibrary">
<msg time="2025-09-29T22:17:47.820146" level="INFO">Typing text '550.50' into text field 'css=input[name="fare"]'.</msg>
<arg>${locator}</arg>
<arg>${value}</arg>
<doc>Types the given ``text`` into the text field identified by ``locator``.</doc>
<status status="PASS" start="2025-09-29T22:17:47.819682" elapsed="0.389352"/>
</kw>
<arg>${FLD_FARE}</arg>
<arg>${fare}</arg>
<status status="PASS" start="2025-09-29T22:17:47.360203" elapsed="0.848915"/>
</kw>
<arg>${train_no}</arg>
<arg>${name}</arg>
<arg>${from}</arg>
<arg>${to}</arg>
<arg>${available}</arg>
<arg>${fare}</arg>
<status status="PASS" start="2025-09-29T22:17:43.092827" elapsed="5.116318"/>
</kw>
<kw name="Click" owner="TrainApp">
<kw name="Wait Until Element Is Visible" owner="SeleniumLibrary">
<arg>${locator}</arg>
<doc>Waits until the element ``locator`` is visible.</doc>
<status status="PASS" start="2025-09-29T22:17:48.209517" elapsed="0.227914"/>
</kw>
<kw name="Click Element" owner="SeleniumLibrary">
<msg time="2025-09-29T22:17:48.437880" level="INFO">Clicking element 'css=input[type="submit"][value*="ADD TRAIN"]'.</msg>
<arg>${locator}</arg>
<doc>Click the element identified by ``locator``.</doc>
<status status="PASS" start="2025-09-29T22:17:48.437680" elapsed="0.357952"/>
</kw>
<arg>${BTN_ADD_TRAIN}</arg>
<status status="PASS" start="2025-09-29T22:17:48.209262" elapsed="0.586478"/>
</kw>
<kw name="Wait For Toast Or Inline" owner="TrainApp">
<kw name="Wait Until Element Is Visible" owner="SeleniumLibrary">
<arg>${TOAST_SUCCESS}</arg>
<arg>timeout=5</arg>
<doc>Waits until the element ``locator`` is visible.</doc>
<status status="PASS" start="2025-09-29T22:17:48.796030" elapsed="0.220727"/>
</kw>
<status status="PASS" start="2025-09-29T22:17:48.795873" elapsed="0.221025"/>
</kw>
<arg>${train_no}</arg>
<arg>${name}</arg>
<arg>${from}</arg>
<arg>${to}</arg>
<arg>${available}</arg>
<arg>${fare}</arg>
<status status="PASS" start="2025-09-29T22:17:42.560030" elapsed="6.456913"/>
</kw>
<kw name="Confirmation Should Contain" owner="TrainApp">
<kw name="Wait Until Page Contains" owner="SeleniumLibrary">
<arg>${text}</arg>
<doc>Waits until ``text`` appears on the current page.</doc>
<status status="PASS" start="2025-09-29T22:17:49.017357" elapsed="0.111695"/>
</kw>
<arg>${MSG_ADD_SUCCESS}</arg>
<status status="PASS" start="2025-09-29T22:17:49.017108" elapsed="0.114121"/>
</kw>
<kw name="Search Train By Number Should Show" owner="TrainApp">
<kw name="Open Search By Train No" owner="TrainApp">
<kw name="Click" owner="TrainApp">
<kw name="Wait Until Element Is Visible" owner="SeleniumLibrary">
<arg>${locator}</arg>
<doc>Waits until the element ``locator`` is visible.</doc>
<status status="PASS" start="2025-09-29T22:17:49.133218" elapsed="0.217156"/>
</kw>
<kw name="Click Element" owner="SeleniumLibrary">
<msg time="2025-09-29T22:17:49.350978" level="INFO">Clicking element 'css=a[href*="searchtrain"]'.</msg>
<arg>${locator}</arg>
<doc>Click the element identified by ``locator``.</doc>
<status status="PASS" start="2025-09-29T22:17:49.350662" elapsed="0.293872"/>
</kw>
<arg>${NAV_SEARCH_TRAIN}</arg>
<status status="PASS" start="2025-09-29T22:17:49.132709" elapsed="0.511968"/>
</kw>
<status status="PASS" start="2025-09-29T22:17:49.132439" elapsed="0.512267"/>
</kw>
<kw name="Enter Train No And Click Search" owner="TrainApp">
<kw name="Set Field Value" owner="TrainApp">
<kw name="Wait Until Element Is Visible" owner="SeleniumLibrary">
<arg>${locator}</arg>
<doc>Waits until the element ``locator`` is visible.</doc>
<status status="PASS" start="2025-09-29T22:17:49.645104" elapsed="0.219519"/>
</kw>
<kw name="Clear Element Text" owner="SeleniumLibrary">
<arg>${locator}</arg>
<doc>Clears the value of the text-input-element identified by ``locator``.</doc>
<status status="PASS" start="2025-09-29T22:17:49.865100" elapsed="0.231856"/>
</kw>
<kw name="Input Text" owner="SeleniumLibrary">
<msg time="2025-09-29T22:17:50.097278" level="INFO">Typing text '39609' into text field 'css=input[name="trainnumber"]'.</msg>
<arg>${locator}</arg>
<arg>${value}</arg>
<doc>Types the given ``text`` into the text field identified by ``locator``.</doc>
<status status="PASS" start="2025-09-29T22:17:50.097107" elapsed="0.350616"/>
</kw>
<arg>${FLD_SEARCH_TRAIN_NO}</arg>
<arg>${train_no}</arg>
<status status="PASS" start="2025-09-29T22:17:49.644981" elapsed="0.802916"/>
</kw>
<kw name="Click" owner="TrainApp">
<kw name="Wait Until Element Is Visible" owner="SeleniumLibrary">
<arg>${locator}</arg>
<doc>Waits until the element ``locator`` is visible.</doc>
<status status="PASS" start="2025-09-29T22:17:50.448478" elapsed="0.233177"/>
</kw>
<kw name="Click Element" owner="SeleniumLibrary">
<msg time="2025-09-29T22:17:50.686250" level="INFO">Clicking element 'css=input[type="submit"][value*="SEARCH TRAIN"]'.</msg>
<arg>${locator}</arg>
<doc>Click the element identified by ``locator``.</doc>
<status status="PASS" start="2025-09-29T22:17:50.682183" elapsed="0.394760"/>
</kw>
<arg>${BTN_SEARCH_TRAIN}</arg>
<status status="PASS" start="2025-09-29T22:17:50.448122" elapsed="0.628916"/>
</kw>
<kw name="Wait For Toast Or Inline" owner="TrainApp">
<kw name="Wait Until Element Is Visible" owner="SeleniumLibrary">
<arg>${TOAST_SUCCESS}</arg>
<arg>timeout=5</arg>
<doc>Waits until the element ``locator`` is visible.</doc>
<status status="PASS" start="2025-09-29T22:17:51.077887" elapsed="0.235097"/>
</kw>
<status status="PASS" start="2025-09-29T22:17:51.077177" elapsed="0.235901"/>
</kw>
<arg>${train_no}</arg>
<status status="PASS" start="2025-09-29T22:17:49.644815" elapsed="1.668290"/>
</kw>
<kw name="Result Panel Should Show" owner="TrainApp">
<kw name="Wait Until Element Is Visible" owner="SeleniumLibrary">
<arg>${RESULT_PANEL}</arg>
<doc>Waits until the element ``locator`` is visible.</doc>
<status status="PASS" start="2025-09-29T22:17:51.313663" elapsed="0.219031"/>
</kw>
<kw name="Run Keyword If" owner="BuiltIn">
<kw name="Element Text Should Be" owner="SeleniumLibrary">
<msg time="2025-09-29T22:17:51.533534" level="INFO">Verifying element 'xpath=//td[normalize-space(.)="Train Number :"]/following-sibling::td' contains exact text '39609'.</msg>
<arg>${RESULT_TRAIN_NO}</arg>
<arg>${train_no}</arg>
<doc>Verifies that element ``locator`` contains exact the text ``expected``.</doc>
<status status="PASS" start="2025-09-29T22:17:51.533208" elapsed="0.224901"/>
</kw>
<arg>'${train_no}'!='${ANY}'</arg>
<arg>Element Text Should Be</arg>
<arg>${RESULT_TRAIN_NO}</arg>
<arg>${train_no}</arg>
<doc>Runs the given keyword with the given arguments, if ``condition`` is true.</doc>
<status status="PASS" start="2025-09-29T22:17:51.532875" elapsed="0.225318"/>
</kw>
<kw name="Run Keyword If" owner="BuiltIn">
<kw name="Element Text Should Be" owner="SeleniumLibrary">
<msg time="2025-09-29T22:17:51.758598" level="INFO">Verifying element 'xpath=//td[normalize-space(.)="Train Name :"]/following-sibling::td' contains exact text 'YAMUNA EXP'.</msg>
<arg>${RESULT_TRAIN_NAME}</arg>
<arg>${name}</arg>
<doc>Verifies that element ``locator`` contains exact the text ``expected``.</doc>
<status status="PASS" start="2025-09-29T22:17:51.758479" elapsed="0.218915"/>
</kw>
<arg>'${name}'!='${ANY}'</arg>
<arg>Element Text Should Be</arg>
<arg>${RESULT_TRAIN_NAME}</arg>
<arg>${name}</arg>
<doc>Runs the given keyword with the given arguments, if ``condition`` is true.</doc>
<status status="PASS" start="2025-09-29T22:17:51.758293" elapsed="0.219269"/>
</kw>
<kw name="Run Keyword If" owner="BuiltIn">
<kw name="Element Text Should Be" owner="SeleniumLibrary">
<msg time="2025-09-29T22:17:51.978596" level="INFO">Verifying element 'xpath=//td[normalize-space(.)="From Station :"]/following-sibling::td' contains exact text 'GAYA'.</msg>
<arg>${RESULT_FROM}</arg>
<arg>${from}</arg>
<doc>Verifies that element ``locator`` contains exact the text ``expected``.</doc>
<status status="PASS" start="2025-09-29T22:17:51.978290" elapsed="0.218977"/>
</kw>
<arg>'${from}'!='${ANY}'</arg>
<arg>Element Text Should Be</arg>
<arg>${RESULT_FROM}</arg>
<arg>${from}</arg>
<doc>Runs the given keyword with the given arguments, if ``condition`` is true.</doc>
<status status="PASS" start="2025-09-29T22:17:51.977837" elapsed="0.219519"/>
</kw>
<kw name="Run Keyword If" owner="BuiltIn">
<kw name="Element Text Should Be" owner="SeleniumLibrary">
<msg time="2025-09-29T22:17:52.197875" level="INFO">Verifying element 'xpath=//td[normalize-space(.)="To Station :"]/following-sibling::td' contains exact text 'DELHI'.</msg>
<arg>${RESULT_TO}</arg>
<arg>${to}</arg>
<doc>Verifies that element ``locator`` contains exact the text ``expected``.</doc>
<status status="PASS" start="2025-09-29T22:17:52.197729" elapsed="0.218721"/>
</kw>
<arg>'${to}'!='${ANY}'</arg>
<arg>Element Text Should Be</arg>
<arg>${RESULT_TO}</arg>
<arg>${to}</arg>
<doc>Runs the given keyword with the given arguments, if ``condition`` is true.</doc>
<status status="PASS" start="2025-09-29T22:17:52.197481" elapsed="0.219052"/>
</kw>
<kw name="Run Keyword If" owner="BuiltIn">
<kw name="Element Text Should Be" owner="SeleniumLibrary">
<msg time="2025-09-29T22:17:52.417896" level="INFO">Verifying element 'xpath=//td[normalize-space(.)="Available Seats:"]/following-sibling::td' contains exact text '120'.</msg>
<arg>${RESULT_SEATS}</arg>
<arg>${available}</arg>
<doc>Verifies that element ``locator`` contains exact the text ``expected``.</doc>
<status status="PASS" start="2025-09-29T22:17:52.417774" elapsed="0.220033"/>
</kw>
<arg>'${available}'!='${ANY}'</arg>
<arg>Element Text Should Be</arg>
<arg>${RESULT_SEATS}</arg>
<arg>${available}</arg>
<doc>Runs the given keyword with the given arguments, if ``condition`` is true.</doc>
<status status="PASS" start="2025-09-29T22:17:52.417581" elapsed="0.220527"/>
</kw>
<kw name="Get Text" owner="SeleniumLibrary">
<msg time="2025-09-29T22:17:52.867251" level="INFO">${fare_text} = 550.5 RS</msg>
<var>${fare_text}</var>
<arg>${RESULT_FARE}</arg>
<doc>Returns the text value of the element identified by ``locator``.</doc>
<status status="PASS" start="2025-09-29T22:17:52.638466" elapsed="0.228943"/>
</kw>
<kw name="Replace String Using Regexp" owner="String">
<msg time="2025-09-29T22:17:52.870425" level="INFO">${fare_clean} = 550.5</msg>
<var>${fare_clean}</var>
<arg>${fare_text}</arg>
<arg>[^0-9.\-]</arg>
<arg>${EMPTY}</arg>
<doc>Replaces ``pattern`` in the given ``string`` with ``replace_with``.</doc>
<status status="PASS" start="2025-09-29T22:17:52.868856" elapsed="0.001601"/>
</kw>
<kw name="Should Be Equal As Numbers" owner="BuiltIn">
<arg>${fare_clean}</arg>
<arg>${fare}</arg>
<doc>Fails if objects are unequal after converting them to real numbers.</doc>
<status status="PASS" start="2025-09-29T22:17:52.870620" elapsed="0.000220"/>
</kw>
<arg>${train_no}</arg>
<arg>${name}</arg>
<arg>${from}</arg>
<arg>${to}</arg>
<arg>${available}</arg>
<arg>${fare}</arg>
<status status="PASS" start="2025-09-29T22:17:51.313238" elapsed="1.557656"/>
</kw>
<arg>${train_no}</arg>
<arg>${name}</arg>
<arg>${from}</arg>
<arg>${to}</arg>
<arg>${available}</arg>
<arg>${fare}</arg>
<status status="PASS" start="2025-09-29T22:17:49.131521" elapsed="3.739410"/>
</kw>
<kw name="Row In View Trains Should Show" owner="TrainApp">
<kw name="Open View Trains" owner="TrainApp">
<kw name="Click" owner="TrainApp">
<kw name="Wait Until Element Is Visible" owner="SeleniumLibrary">
<arg>${locator}</arg>
<doc>Waits until the element ``locator`` is visible.</doc>
<status status="PASS" start="2025-09-29T22:17:52.871487" elapsed="0.227107"/>
</kw>
<kw name="Click Element" owner="SeleniumLibrary">
<msg time="2025-09-29T22:17:53.098995" level="INFO">Clicking element 'css=a[href*="viewtrain"]'.</msg>
<arg>${locator}</arg>
<doc>Click the element identified by ``locator``.</doc>
<status status="PASS" start="2025-09-29T22:17:53.098749" elapsed="0.441248"/>
</kw>
<arg>${NAV_VIEW_TRAINS}</arg>
<status status="PASS" start="2025-09-29T22:17:52.871380" elapsed="0.668741"/>
</kw>
<status status="PASS" start="2025-09-29T22:17:52.871291" elapsed="0.668872"/>
</kw>
<kw name="Locator For Row With Train No" owner="TrainApp">
<return>
<value>xpath=//table//tr[td[2][normalize-space()='${train_no}']]</value>
<status status="PASS" start="2025-09-29T22:17:53.540550" elapsed="0.000136"/>
</return>
<msg time="2025-09-29T22:17:53.540806" level="INFO">${row} = xpath=//table//tr[td[2][normalize-space()='39609']]</msg>
<var>${row}</var>
<arg>${train_no}</arg>
<status status="PASS" start="2025-09-29T22:17:53.540306" elapsed="0.000518"/>
</kw>
<kw name="Run Keyword If" owner="BuiltIn">
<kw name="Element Should Contain" owner="SeleniumLibrary">
<msg time="2025-09-29T22:17:53.762765" level="INFO">Element 'xpath=//table//tr[td[2][normalize-space()='39609']]' contains text '39609'.</msg>
<arg>${row}</arg>
<arg>${train_no}</arg>
<doc>Verifies that element ``locator`` contains text ``expected``.</doc>
<status status="PASS" start="2025-09-29T22:17:53.541098" elapsed="0.221765"/>
</kw>
<arg>'${train_no}'!='${ANY}'</arg>
<arg>Element Should Contain</arg>
<arg>${row}</arg>
<arg>${train_no}</arg>
<doc>Runs the given keyword with the given arguments, if ``condition`` is true.</doc>
<status status="PASS" start="2025-09-29T22:17:53.540928" elapsed="0.221996"/>
</kw>
<kw name="Run Keyword If" owner="BuiltIn">
<kw name="Element Should Contain" owner="SeleniumLibrary">
<msg time="2025-09-29T22:17:53.985813" level="INFO">Element 'xpath=//table//tr[td[2][normalize-space()='39609']]' contains text 'YAMUNA EXP'.</msg>
<arg>${row}</arg>
<arg>${name}</arg>
<doc>Verifies that element ``locator`` contains text ``expected``.</doc>
<status status="PASS" start="2025-09-29T22:17:53.763225" elapsed="0.222823"/>
</kw>
<arg>'${name}'!='${ANY}'</arg>
<arg>Element Should Contain</arg>
<arg>${row}</arg>
<arg>${name}</arg>
<doc>Runs the given keyword with the given arguments, if ``condition`` is true.</doc>
<status status="PASS" start="2025-09-29T22:17:53.763029" elapsed="0.223160"/>
</kw>
<kw name="Run Keyword If" owner="BuiltIn">
<kw name="Element Should Contain" owner="SeleniumLibrary">
<msg time="2025-09-29T22:17:54.209971" level="INFO">Element 'xpath=//table//tr[td[2][normalize-space()='39609']]' contains text 'GAYA'.</msg>
<arg>${row}</arg>
<arg>${from}</arg>
<doc>Verifies that element ``locator`` contains text ``expected``.</doc>
<status status="PASS" start="2025-09-29T22:17:53.986968" elapsed="0.223211"/>
</kw>
<arg>'${from}'!='${ANY}'</arg>
<arg>Element Should Contain</arg>
<arg>${row}</arg>
<arg>${from}</arg>
<doc>Runs the given keyword with the given arguments, if ``condition`` is true.</doc>
<status status="PASS" start="2025-09-29T22:17:53.986461" elapsed="0.223848"/>
</kw>
<kw name="Run Keyword If" owner="BuiltIn">
<kw name="Element Should Contain" owner="SeleniumLibrary">
<msg time="2025-09-29T22:17:54.444596" level="INFO">Element 'xpath=//table//tr[td[2][normalize-space()='39609']]' contains text 'DELHI'.</msg>
<arg>${row}</arg>
<arg>${to}</arg>
<doc>Verifies that element ``locator`` contains text ``expected``.</doc>
<status status="PASS" start="2025-09-29T22:17:54.210997" elapsed="0.234234"/>
</kw>
<arg>'${to}'!='${ANY}'</arg>
<arg>Element Should Contain</arg>
<arg>${row}</arg>
<arg>${to}</arg>
<doc>Runs the given keyword with the given arguments, if ``condition`` is true.</doc>
<status status="PASS" start="2025-09-29T22:17:54.210580" elapsed="0.235022"/>
</kw>
<kw name="Run Keyword If" owner="BuiltIn">
<kw name="Element Should Contain" owner="SeleniumLibrary">
<msg time="2025-09-29T22:17:54.693146" level="INFO">Element 'xpath=//table//tr[td[2][normalize-space()='39609']]' contains text '120'.</msg>
<arg>${row}</arg>
<arg>${available}</arg>
<doc>Verifies that element ``locator`` contains text ``expected``.</doc>
<status status="PASS" start="2025-09-29T22:17:54.447588" elapsed="0.245772"/>
</kw>
<arg>'${available}'!='${ANY}'</arg>
<arg>Element Should Contain</arg>
<arg>${row}</arg>
<arg>${available}</arg>
<doc>Runs the given keyword with the given arguments, if ``condition`` is true.</doc>
<status status="PASS" start="2025-09-29T22:17:54.446367" elapsed="0.247054"/>
</kw>
<kw name="Get Text" owner="SeleniumLibrary">
<msg time="2025-09-29T22:17:54.917841" level="INFO">${fare_text} = 550.5 RS</msg>
<var>${fare_text}</var>
<arg>${row}/td[6]</arg>
<doc>Returns the text value of the element identified by ``locator``.</doc>
<status status="PASS" start="2025-09-29T22:17:54.693522" elapsed="0.224458"/>
</kw>
<kw name="Replace String Using Regexp" owner="String">
<msg time="2025-09-29T22:17:54.920520" level="INFO">${fare_clean} = 550.5</msg>
<var>${fare_clean}</var>
<arg>${fare_text}</arg>
<arg>[^0-9.\-]</arg>
<arg>${EMPTY}</arg>
<doc>Replaces ``pattern`` in the given ``string`` with ``replace_with``.</doc>
<status status="PASS" start="2025-09-29T22:17:54.918406" elapsed="0.002183"/>
</kw>
<kw name="Run Keyword If" owner="BuiltIn">
<kw name="Should Be Equal As Numbers" owner="BuiltIn">
<arg>${fare_clean}</arg>
<arg>${fare}</arg>
<doc>Fails if objects are unequal after converting them to real numbers.</doc>
<status status="PASS" start="2025-09-29T22:17:54.921204" elapsed="0.000317"/>
</kw>
<arg>'${fare}'!='${ANY}'</arg>
<arg>Should Be Equal As Numbers</arg>
<arg>${fare_clean}</arg>
<arg>${fare}</arg>
<doc>Runs the given keyword with the given arguments, if ``condition`` is true.</doc>
<status status="PASS" start="2025-09-29T22:17:54.920828" elapsed="0.001136"/>
</kw>
<arg>${train_no}</arg>
<arg>${name}</arg>
<arg>${from}</arg>
<arg>${to}</arg>
<arg>${available}</arg>
<arg>${fare}</arg>
<status status="PASS" start="2025-09-29T22:17:52.871063" elapsed="2.050983"/>
</kw>
<arg>YAMUNA EXP</arg>
<arg>GAYA</arg>
<arg>DELHI</arg>
<arg>120</arg>
<arg>550.50</arg>
<status status="PASS" start="2025-09-29T22:17:42.558517" elapsed="12.363569"/>
</kw>
<kw name="No Operation" owner="BuiltIn" type="TEARDOWN">
<doc>Does absolutely nothing.</doc>
<status status="PASS" start="2025-09-29T22:17:54.922379" elapsed="0.000071"/>
</kw>
<tag>feature:add</tag>
<tag>layer:ui</tag>
<status status="PASS" start="2025-09-29T22:17:42.442871" elapsed="12.479622"/>
</test>
<test id="s1-t2" name="ADD_002 Validation: required fields empty" line="24">
<kw name="Go Home" owner="TrainApp" type="SETUP">
<kw name="Go To" owner="SeleniumLibrary">
<msg time="2025-09-29T22:17:54.923166" level="INFO">Opening url 'http://localhost:8083/TrainBook/AdminHome.html'</msg>
<arg>${BASE_URL}</arg>
<doc>Navigates the current browser window to the provided ``url``.</doc>
<status status="PASS" start="2025-09-29T22:17:54.923094" elapsed="0.118920"/>
</kw>
<status status="PASS" start="2025-09-29T22:17:54.922974" elapsed="0.119453"/>
</kw>
<kw name="T_Add_Train_Fails_Name_Required" owner="TrainApp">
<kw name="Generate Unique Train Number" owner="TrainApp">
<kw name="Get Time" owner="BuiltIn">
<msg time="2025-09-29T22:17:55.044524" level="INFO">${ts} = 1759150075</msg>
<var>${ts}</var>
<arg>epoch</arg>
<doc>Returns the given time in the requested format.</doc>
<status status="PASS" start="2025-09-29T22:17:55.044379" elapsed="0.000163"/>
</kw>
<kw name="Evaluate" owner="BuiltIn">
<msg time="2025-09-29T22:17:55.044726" level="INFO">${mod} = 39622</msg>
<var>${mod}</var>
<arg>int(${ts}) % 89999 + 10001</arg>
<doc>Evaluates the given expression in Python and returns the result.</doc>
<status status="PASS" start="2025-09-29T22:17:55.044603" elapsed="0.000136"/>
</kw>
<return>
<value>${mod}</value>
<status status="PASS" start="2025-09-29T22:17:55.044766" elapsed="0.000027"/>
</return>
<msg time="2025-09-29T22:17:55.044849" level="INFO">${train_no} = 39622</msg>
<var>${train_no}</var>
<status status="PASS" start="2025-09-29T22:17:55.044229" elapsed="0.000631"/>
</kw>
<kw name="Add Train" owner="TrainApp">
<kw name="Open Add Train" owner="TrainApp">
<kw name="Click" owner="TrainApp">
<kw name="Wait Until Element Is Visible" owner="SeleniumLibrary">
<arg>${locator}</arg>
<doc>Waits until the element ``locator`` is visible.</doc>
<status status="PASS" start="2025-09-29T22:17:55.045544" elapsed="0.216944"/>
</kw>
<kw name="Click Element" owner="SeleniumLibrary">
<msg time="2025-09-29T22:17:55.263203" level="INFO">Clicking element 'css=a[href*="addtrain"]'.</msg>
<arg>${locator}</arg>
<doc>Click the element identified by ``locator``.</doc>
<status status="PASS" start="2025-09-29T22:17:55.262812" elapsed="0.260257"/>
</kw>
<arg>${NAV_ADD_TRAIN}</arg>
<status status="PASS" start="2025-09-29T22:17:55.045447" elapsed="0.477719"/>
</kw>
<status status="PASS" start="2025-09-29T22:17:55.045361" elapsed="0.477835"/>
</kw>
<kw name="Fill Add Train Form" owner="TrainApp">
<kw name="Set Field Value" owner="TrainApp">
<kw name="Wait Until Element Is Visible" owner="SeleniumLibrary">
<arg>${locator}</arg>
<doc>Waits until the element ``locator`` is visible.</doc>
<status status="PASS" start="2025-09-29T22:17:55.524022" elapsed="0.215445"/>
</kw>
<kw name="Clear Element Text" owner="SeleniumLibrary">
<arg>${locator}</arg>
<doc>Clears the value of the text-input-element identified by ``locator``.</doc>
<status status="PASS" start="2025-09-29T22:17:55.739851" elapsed="0.232643"/>
</kw>
<kw name="Input Text" owner="SeleniumLibrary">
<msg time="2025-09-29T22:17:55.973507" level="INFO">Typing text '39622' into text field 'css=input[name="trainno"]'.</msg>
<arg>${locator}</arg>
<arg>${value}</arg>
<doc>Types the given ``text`` into the text field identified by ``locator``.</doc>
<status status="PASS" start="2025-09-29T22:17:55.973045" elapsed="0.358364"/>
</kw>
<arg>${FLD_TRAIN_NO}</arg>
<arg>${train_no}</arg>
<status status="PASS" start="2025-09-29T22:17:55.523582" elapsed="0.808130"/>
</kw>
<kw name="Set Field Value" owner="TrainApp">
<kw name="Wait Until Element Is Visible" owner="SeleniumLibrary">
<arg>${locator}</arg>
<doc>Waits until the element ``locator`` is visible.</doc>
<status status="PASS" start="2025-09-29T22:17:56.332985" elapsed="0.219468"/>
</kw>
<kw name="Clear Element Text" owner="SeleniumLibrary">
<arg>${locator}</arg>
<doc>Clears the value of the text-input-element identified by ``locator``.</doc>
<status status="PASS" start="2025-09-29T22:17:56.554703" elapsed="0.235152"/>
</kw>
<kw name="Input Text" owner="SeleniumLibrary">
<msg time="2025-09-29T22:17:56.791248" level="INFO">Typing text '' into text field 'css=input[name="trainname"]'.</msg>
<arg>${locator}</arg>
<arg>${value}</arg>
<doc>Types the given ``text`` into the text field identified by ``locator``.</doc>
<status status="PASS" start="2025-09-29T22:17:56.790354" elapsed="0.372293"/>
</kw>
<arg>${FLD_TRAIN_NAME}</arg>
<arg>${name}</arg>
<status status="PASS" start="2025-09-29T22:17:56.332175" elapsed="0.830764"/>
</kw>
<kw name="Set Field Value" owner="TrainApp">
<kw name="Wait Until Element Is Visible" owner="SeleniumLibrary">
<arg>${locator}</arg>
<doc>Waits until the element ``locator`` is visible.</doc>
<status status="PASS" start="2025-09-29T22:17:57.163572" elapsed="0.221893"/>
</kw>
<kw name="Clear Element Text" owner="SeleniumLibrary">
<arg>${locator}</arg>
<doc>Clears the value of the text-input-element identified by ``locator``.</doc>
<status status="PASS" start="2025-09-29T22:17:57.386341" elapsed="0.246039"/>
</kw>
<kw name="Input Text" owner="SeleniumLibrary">
<msg time="2025-09-29T22:17:57.633289" level="INFO">Typing text 'GAYA' into text field 'css=input[name="fromstation"]'.</msg>
<arg>${locator}</arg>
<arg>${value}</arg>
<doc>Types the given ``text`` into the text field identified by ``locator``.</doc>
<status status="PASS" start="2025-09-29T22:17:57.632808" elapsed="0.432568"/>
</kw>
<arg>${FLD_FROM}</arg>
<arg>${from}</arg>
<status status="PASS" start="2025-09-29T22:17:57.163247" elapsed="0.902211"/>
</kw>
<kw name="Set Field Value" owner="TrainApp">
<kw name="Wait Until Element Is Visible" owner="SeleniumLibrary">
<arg>${locator}</arg>
<doc>Waits until the element ``locator`` is visible.</doc>
<status status="PASS" start="2025-09-29T22:17:58.065750" elapsed="0.218722"/>
</kw>
<kw name="Clear Element Text" owner="SeleniumLibrary">
<arg>${locator}</arg>
<doc>Clears the value of the text-input-element identified by ``locator``.</doc>
<status status="PASS" start="2025-09-29T22:17:58.284700" elapsed="0.240479"/>
</kw>
<kw name="Input Text" owner="SeleniumLibrary">
<msg time="2025-09-29T22:17:58.525910" level="INFO">Typing text 'DELHI' into text field 'css=input[name="tostation"]'.</msg>
<arg>${locator}</arg>
<arg>${value}</arg>
<doc>Types the given ``text`` into the text field identified by ``locator``.</doc>
<status status="PASS" start="2025-09-29T22:17:58.525490" elapsed="0.406530"/>
</kw>
<arg>${FLD_TO}</arg>
<arg>${to}</arg>
<status status="PASS" start="2025-09-29T22:17:58.065570" elapsed="0.866538"/>
</kw>
<kw name="Set Field Value" owner="TrainApp">
<kw name="Wait Until Element Is Visible" owner="SeleniumLibrary">
<arg>${locator}</arg>
<doc>Waits until the element ``locator`` is visible.</doc>
<status status="PASS" start="2025-09-29T22:17:58.932552" elapsed="0.221817"/>
</kw>
<kw name="Clear Element Text" owner="SeleniumLibrary">
<arg>${locator}</arg>
<doc>Clears the value of the text-input-element identified by ``locator``.</doc>
<status status="PASS" start="2025-09-29T22:17:59.155721" elapsed="0.229556"/>
</kw>
<kw name="Input Text" owner="SeleniumLibrary">
<msg time="2025-09-29T22:17:59.386293" level="INFO">Typing text '120' into text field 'css=input[name="available"]'.</msg>
<arg>${locator}</arg>
<arg>${value}</arg>
<doc>Types the given ``text`` into the text field identified by ``locator``.</doc>
<status status="PASS" start="2025-09-29T22:17:59.385666" elapsed="0.374581"/>
</kw>
<arg>${FLD_AVAILABLE}</arg>
<arg>${available}</arg>
<status status="PASS" start="2025-09-29T22:17:58.932229" elapsed="0.828242"/>
</kw>
<kw name="Set Field Value" owner="TrainApp">
<kw name="Wait Until Element Is Visible" owner="SeleniumLibrary">
<arg>${locator}</arg>
<doc>Waits until the element ``locator`` is visible.</doc>
<status status="PASS" start="2025-09-29T22:17:59.760909" elapsed="0.219176"/>
</kw>
<kw name="Clear Element Text" owner="SeleniumLibrary">
<arg>${locator}</arg>
<doc>Clears the value of the text-input-element identified by ``locator``.</doc>
<status status="PASS" start="2025-09-29T22:17:59.980752" elapsed="0.240079"/>
</kw>
<kw name="Input Text" owner="SeleniumLibrary">
<msg time="2025-09-29T22:18:00.222277" level="INFO">Typing text '550.' into text field 'css=input[name="fare"]'.</msg>
<arg>${locator}</arg>
<arg>${value}</arg>
<doc>Types the given ``text`` into the text field identified by ``locator``.</doc>
<status status="PASS" start="2025-09-29T22:18:00.221316" elapsed="0.408201"/>
</kw>
<arg>${FLD_FARE}</arg>
<arg>${fare}</arg>
<status status="PASS" start="2025-09-29T22:17:59.760651" elapsed="0.868972"/>
</kw>
<arg>${train_no}</arg>
<arg>${name}</arg>
<arg>${from}</arg>
<arg>${to}</arg>
<arg>${available}</arg>
<arg>${fare}</arg>
<status status="PASS" start="2025-09-29T22:17:55.523326" elapsed="5.106326"/>
</kw>
<kw name="Click" owner="TrainApp">
<kw name="Wait Until Element Is Visible" owner="SeleniumLibrary">
<arg>${locator}</arg>
<doc>Waits until the element ``locator`` is visible.</doc>
<status status="PASS" start="2025-09-29T22:18:00.629992" elapsed="0.224112"/>
</kw>
<kw name="Click Element" owner="SeleniumLibrary">
<msg time="2025-09-29T22:18:00.855923" level="INFO">Clicking element 'css=input[type="submit"][value*="ADD TRAIN"]'.</msg>
<arg>${locator}</arg>
<doc>Click the element identified by ``locator``.</doc>
<status status="PASS" start="2025-09-29T22:18:00.855211" elapsed="0.291384"/>
</kw>
<arg>${BTN_ADD_TRAIN}</arg>
<status status="PASS" start="2025-09-29T22:18:00.629792" elapsed="0.516888"/>
</kw>
<kw name="Wait For Toast Or Inline" owner="TrainApp">
<kw name="Wait Until Element Is Visible" owner="SeleniumLibrary">
<arg>${TOAST_SUCCESS}</arg>
<arg>timeout=5</arg>
<doc>Waits until the element ``locator`` is visible.</doc>
<status status="PASS" start="2025-09-29T22:18:01.146961" elapsed="0.219600"/>
</kw>
<status status="PASS" start="2025-09-29T22:18:01.146787" elapsed="0.219959"/>
</kw>
<arg>${train_no}</arg>
<arg>${EMPTY}</arg>
<arg>${from}</arg>
<arg>${to}</arg>
<arg>${available}</arg>
<arg>${fare}</arg>
<status status="PASS" start="2025-09-29T22:17:55.044932" elapsed="6.321887"/>
</kw>
<kw name="Confirmation Should Contain" owner="TrainApp">
<kw name="Wait Until Page Contains" owner="SeleniumLibrary">
<arg>${text}</arg>
<doc>Waits until ``text`` appears on the current page.</doc>
<status status="PASS" start="2025-09-29T22:18:01.367476" elapsed="0.111625"/>
</kw>
<arg>${ERR_TRAIN_DETAILED_REQUIRED}</arg>
<status status="PASS" start="2025-09-29T22:18:01.367063" elapsed="0.112713"/>
</kw>
<arg>GAYA</arg>
<arg>DELHI</arg>
<arg>120</arg>
<arg>550.</arg>
<status status="PASS" start="2025-09-29T22:17:55.043726" elapsed="6.436155"/>
</kw>
<kw name="No Operation" owner="BuiltIn" type="TEARDOWN">
<doc>Does absolutely nothing.</doc>
<status status="PASS" start="2025-09-29T22:18:01.481533" elapsed="0.000709"/>
</kw>
<tag>feature:add</tag>
<tag>layer:ui</tag>
<status status="PASS" start="2025-09-29T22:17:54.922704" elapsed="6.559747"/>
</test>
<test id="s1-t3" name="ADD_003 Validation: Train Number must be unique" line="28">
<kw name="Go Home" owner="TrainApp" type="SETUP">
<kw name="Go To" owner="SeleniumLibrary">
<msg time="2025-09-29T22:18:01.484253" level="INFO">Opening url 'http://localhost:8083/TrainBook/AdminHome.html'</msg>
<arg>${BASE_URL}</arg>
<doc>Navigates the current browser window to the provided ``url``.</doc>
<status status="PASS" start="2025-09-29T22:18:01.484083" elapsed="0.122576"/>
</kw>
<status status="PASS" start="2025-09-29T22:18:01.483776" elapsed="0.122965"/>
</kw>
<kw name="T_Add_Train_Fails_Duplicate_No" owner="TrainApp">
<kw name="Generate Unique Train Number" owner="TrainApp">
<kw name="Get Time" owner="BuiltIn">
<msg time="2025-09-29T22:18:01.607305" level="INFO">${ts} = 1759150081</msg>
<var>${ts}</var>
<arg>epoch</arg>
<doc>Returns the given time in the requested format.</doc>
<status status="PASS" start="2025-09-29T22:18:01.607202" elapsed="0.000117"/>
</kw>
<kw name="Evaluate" owner="BuiltIn">
<msg time="2025-09-29T22:18:01.607483" level="INFO">${mod} = 39628</msg>
<var>${mod}</var>
<arg>int(${ts}) % 89999 + 10001</arg>
<doc>Evaluates the given expression in Python and returns the result.</doc>
<status status="PASS" start="2025-09-29T22:18:01.607369" elapsed="0.000126"/>
</kw>
<return>
<value>${mod}</value>
<status status="PASS" start="2025-09-29T22:18:01.607520" elapsed="0.000029"/>
</return>
<msg time="2025-09-29T22:18:01.607598" level="INFO">${train_no} = 39628</msg>
<var>${train_no}</var>
<status status="PASS" start="2025-09-29T22:18:01.607094" elapsed="0.000514"/>
</kw>
<kw name="Add Train" owner="TrainApp">
<kw name="Open Add Train" owner="TrainApp">
<kw name="Click" owner="TrainApp">
<kw name="Wait Until Element Is Visible" owner="SeleniumLibrary">
<arg>${locator}</arg>
<doc>Waits until the element ``locator`` is visible.</doc>
<status status="PASS" start="2025-09-29T22:18:01.607977" elapsed="0.219193"/>
</kw>
<kw name="Click Element" owner="SeleniumLibrary">
<msg time="2025-09-29T22:18:01.830612" level="INFO">Clicking element 'css=a[href*="addtrain"]'.</msg>
<arg>${locator}</arg>
<doc>Click the element identified by ``locator``.</doc>
<status status="PASS" start="2025-09-29T22:18:01.828649" elapsed="0.273942"/>
</kw>
<arg>${NAV_ADD_TRAIN}</arg>
<status status="PASS" start="2025-09-29T22:18:01.607888" elapsed="0.494785"/>
</kw>
<status status="PASS" start="2025-09-29T22:18:01.607813" elapsed="0.494886"/>
</kw>
<kw name="Fill Add Train Form" owner="TrainApp">
<kw name="Set Field Value" owner="TrainApp">
<kw name="Wait Until Element Is Visible" owner="SeleniumLibrary">
<arg>${locator}</arg>
<doc>Waits until the element ``locator`` is visible.</doc>
<status status="PASS" start="2025-09-29T22:18:02.103159" elapsed="0.222332"/>
</kw>
<kw name="Clear Element Text" owner="SeleniumLibrary">
<arg>${locator}</arg>
<doc>Clears the value of the text-input-element identified by ``locator``.</doc>
<status status="PASS" start="2025-09-29T22:18:02.326174" elapsed="0.242415"/>
</kw>
<kw name="Input Text" owner="SeleniumLibrary">
<msg time="2025-09-29T22:18:02.569300" level="INFO">Typing text '39628' into text field 'css=input[name="trainno"]'.</msg>
<arg>${locator}</arg>
<arg>${value}</arg>
<doc>Types the given ``text`` into the text field identified by ``locator``.</doc>
<status status="PASS" start="2025-09-29T22:18:02.568911" elapsed="0.367216"/>
</kw>
<arg>${FLD_TRAIN_NO}</arg>
<arg>${train_no}</arg>
<status status="PASS" start="2025-09-29T22:18:02.103033" elapsed="0.833229"/>
</kw>
<kw name="Set Field Value" owner="TrainApp">
<kw name="Wait Until Element Is Visible" owner="SeleniumLibrary">
<arg>${locator}</arg>
<doc>Waits until the element ``locator`` is visible.</doc>
<status status="PASS" start="2025-09-29T22:18:02.936794" elapsed="0.222204"/>
</kw>
<kw name="Clear Element Text" owner="SeleniumLibrary">
<arg>${locator}</arg>
<doc>Clears the value of the text-input-element identified by ``locator``.</doc>
<status status="PASS" start="2025-09-29T22:18:03.159990" elapsed="0.240029"/>
</kw>
<kw name="Input Text" owner="SeleniumLibrary">
<msg time="2025-09-29T22:18:03.401034" level="INFO">Typing text 'YAMUNA EXP' into text field 'css=input[name="trainname"]'.</msg>
<arg>${locator}</arg>
<arg>${value}</arg>
<doc>Types the given ``text`` into the text field identified by ``locator``.</doc>
<status status="PASS" start="2025-09-29T22:18:03.400418" elapsed="0.388931"/>
</kw>
<arg>${FLD_TRAIN_NAME}</arg>
<arg>${name}</arg>
<status status="PASS" start="2025-09-29T22:18:02.936460" elapsed="0.853102"/>
</kw>
<kw name="Set Field Value" owner="TrainApp">
<kw name="Wait Until Element Is Visible" owner="SeleniumLibrary">
<arg>${locator}</arg>
<doc>Waits until the element ``locator`` is visible.</doc>
<status status="PASS" start="2025-09-29T22:18:03.790040" elapsed="0.224515"/>
</kw>
<kw name="Clear Element Text" owner="SeleniumLibrary">
<arg>${locator}</arg>
<doc>Clears the value of the text-input-element identified by ``locator``.</doc>
<status status="PASS" start="2025-09-29T22:18:04.015821" elapsed="0.241587"/>
</kw>
<kw name="Input Text" owner="SeleniumLibrary">
<msg time="2025-09-29T22:18:04.257958" level="INFO">Typing text 'GAYA' into text field 'css=input[name="fromstation"]'.</msg>
<arg>${locator}</arg>
<arg>${value}</arg>
<doc>Types the given ``text`` into the text field identified by ``locator``.</doc>
<status status="PASS" start="2025-09-29T22:18:04.257651" elapsed="0.382588"/>
</kw>
<arg>${FLD_FROM}</arg>
<arg>${from}</arg>
<status status="PASS" start="2025-09-29T22:18:03.789745" elapsed="0.850722"/>
</kw>
<kw name="Set Field Value" owner="TrainApp">
<kw name="Wait Until Element Is Visible" owner="SeleniumLibrary">
<arg>${locator}</arg>
<doc>Waits until the element ``locator`` is visible.</doc>
<status status="PASS" start="2025-09-29T22:18:04.641482" elapsed="0.221804"/>
</kw>
<kw name="Clear Element Text" owner="SeleniumLibrary">
<arg>${locator}</arg>
<doc>Clears the value of the text-input-element identified by ``locator``.</doc>
<status status="PASS" start="2025-09-29T22:18:04.863808" elapsed="0.245408"/>
</kw>
<kw name="Input Text" owner="SeleniumLibrary">
<msg time="2025-09-29T22:18:05.109752" level="INFO">Typing text 'DELHI' into text field 'css=input[name="tostation"]'.</msg>
<arg>${locator}</arg>
<arg>${value}</arg>
<doc>Types the given ``text`` into the text field identified by ``locator``.</doc>
<status status="PASS" start="2025-09-29T22:18:05.109456" elapsed="0.408010"/>
</kw>
<arg>${FLD_TO}</arg>
<arg>${to}</arg>
<status status="PASS" start="2025-09-29T22:18:04.640847" elapsed="0.876747"/>
</kw>
<kw name="Set Field Value" owner="TrainApp">
<kw name="Wait Until Element Is Visible" owner="SeleniumLibrary">
<arg>${locator}</arg>
<doc>Waits until the element ``locator`` is visible.</doc>
<status status="PASS" start="2025-09-29T22:18:05.518067" elapsed="0.214334"/>
</kw>
<kw name="Clear Element Text" owner="SeleniumLibrary">
<arg>${locator}</arg>
<doc>Clears the value of the text-input-element identified by ``locator``.</doc>
<status status="PASS" start="2025-09-29T22:18:05.732634" elapsed="0.230874"/>
</kw>
<kw name="Input Text" owner="SeleniumLibrary">
<msg time="2025-09-29T22:18:05.964563" level="INFO">Typing text '120' into text field 'css=input[name="available"]'.</msg>
<arg>${locator}</arg>
<arg>${value}</arg>
<doc>Types the given ``text`` into the text field identified by ``locator``.</doc>
<status status="PASS" start="2025-09-29T22:18:05.964045" elapsed="0.394187"/>
</kw>
<arg>${FLD_AVAILABLE}</arg>
<arg>${available}</arg>
<status status="PASS" start="2025-09-29T22:18:05.517769" elapsed="0.840546"/>
</kw>
<kw name="Set Field Value" owner="TrainApp">
<kw name="Wait Until Element Is Visible" owner="SeleniumLibrary">
<arg>${locator}</arg>
<doc>Waits until the element ``locator`` is visible.</doc>
<status status="PASS" start="2025-09-29T22:18:06.358603" elapsed="0.222269"/>
</kw>
<kw name="Clear Element Text" owner="SeleniumLibrary">
<arg>${locator}</arg>
<doc>Clears the value of the text-input-element identified by ``locator``.</doc>
<status status="PASS" start="2025-09-29T22:18:06.581177" elapsed="0.235455"/>
</kw>
<kw name="Input Text" owner="SeleniumLibrary">
<msg time="2025-09-29T22:18:06.818095" level="INFO">Typing text '550.50' into text field 'css=input[name="fare"]'.</msg>
<arg>${locator}</arg>
<arg>${value}</arg>
<doc>Types the given ``text`` into the text field identified by ``locator``.</doc>
<status status="PASS" start="2025-09-29T22:18:06.817350" elapsed="0.396169"/>
</kw>
<arg>${FLD_FARE}</arg>
<arg>${fare}</arg>
<status status="PASS" start="2025-09-29T22:18:06.358426" elapsed="0.855272"/>
</kw>
<arg>${train_no}</arg>
<arg>${name}</arg>
<arg>${from}</arg>
<arg>${to}</arg>
<arg>${available}</arg>
<arg>${fare}</arg>
<status status="PASS" start="2025-09-29T22:18:02.102819" elapsed="5.110946"/>
</kw>
<kw name="Click" owner="TrainApp">
<kw name="Wait Until Element Is Visible" owner="SeleniumLibrary">
<arg>${locator}</arg>
<doc>Waits until the element ``locator`` is visible.</doc>
<status status="PASS" start="2025-09-29T22:18:07.214329" elapsed="0.228086"/>
</kw>
<kw name="Click Element" owner="SeleniumLibrary">
<msg time="2025-09-29T22:18:07.444389" level="INFO">Clicking element 'css=input[type="submit"][value*="ADD TRAIN"]'.</msg>
<arg>${locator}</arg>
<doc>Click the element identified by ``locator``.</doc>
<status status="PASS" start="2025-09-29T22:18:07.443205" elapsed="0.279427"/>
</kw>
<arg>${BTN_ADD_TRAIN}</arg>
<status status="PASS" start="2025-09-29T22:18:07.213993" elapsed="0.508749"/>
</kw>
<kw name="Wait For Toast Or Inline" owner="TrainApp">
<kw name="Wait Until Element Is Visible" owner="SeleniumLibrary">
<arg>${TOAST_SUCCESS}</arg>
<arg>timeout=5</arg>
<doc>Waits until the element ``locator`` is visible.</doc>
<status status="PASS" start="2025-09-29T22:18:07.723089" elapsed="0.218517"/>
</kw>
<status status="PASS" start="2025-09-29T22:18:07.722891" elapsed="0.218931"/>
</kw>
<arg>${train_no}</arg>
<arg>${name}</arg>
<arg>${from}</arg>
<arg>${to}</arg>
<arg>${available}</arg>
<arg>${fare}</arg>
<status status="PASS" start="2025-09-29T22:18:01.607662" elapsed="6.334255"/>
</kw>
<kw name="Add Train" owner="TrainApp">
<kw name="Open Add Train" owner="TrainApp">
<kw name="Click" owner="TrainApp">
<kw name="Wait Until Element Is Visible" owner="SeleniumLibrary">
<arg>${locator}</arg>
<doc>Waits until the element ``locator`` is visible.</doc>
<status status="PASS" start="2025-09-29T22:18:07.944034" elapsed="0.225714"/>
</kw>
<kw name="Click Element" owner="SeleniumLibrary">
<msg time="2025-09-29T22:18:08.178936" level="INFO">Clicking element 'css=a[href*="addtrain"]'.</msg>
<arg>${locator}</arg>
<doc>Click the element identified by ``locator``.</doc>
<status status="PASS" start="2025-09-29T22:18:08.178182" elapsed="0.275798"/>
</kw>
<arg>${NAV_ADD_TRAIN}</arg>
<status status="PASS" start="2025-09-29T22:18:07.943515" elapsed="0.510596"/>
</kw>
<status status="PASS" start="2025-09-29T22:18:07.943259" elapsed="0.510899"/>
</kw>
<kw name="Fill Add Train Form" owner="TrainApp">
<kw name="Set Field Value" owner="TrainApp">
<kw name="Wait Until Element Is Visible" owner="SeleniumLibrary">
<arg>${locator}</arg>
<doc>Waits until the element ``locator`` is visible.</doc>
<status status="PASS" start="2025-09-29T22:18:08.454968" elapsed="0.215426"/>
</kw>
<kw name="Clear Element Text" owner="SeleniumLibrary">
<arg>${locator}</arg>
<doc>Clears the value of the text-input-element identified by ``locator``.</doc>
<status status="PASS" start="2025-09-29T22:18:08.671560" elapsed="0.234921"/>
</kw>
<kw name="Input Text" owner="SeleniumLibrary">
<msg time="2025-09-29T22:18:08.908195" level="INFO">Typing text '39628' into text field 'css=input[name="trainno"]'.</msg>
<arg>${locator}</arg>
<arg>${value}</arg>
<doc>Types the given ``text`` into the text field identified by ``locator``.</doc>
<status status="PASS" start="2025-09-29T22:18:08.907226" elapsed="0.378376"/>
</kw>
<arg>${FLD_TRAIN_NO}</arg>
<arg>${train_no}</arg>
<status status="PASS" start="2025-09-29T22:18:08.454714" elapsed="0.831229"/>
</kw>
<kw name="Set Field Value" owner="TrainApp">
<kw name="Wait Until Element Is Visible" owner="SeleniumLibrary">
<arg>${locator}</arg>
<doc>Waits until the element ``locator`` is visible.</doc>
<status status="PASS" start="2025-09-29T22:18:09.287827" elapsed="0.237980"/>
</kw>
<kw name="Clear Element Text" owner="SeleniumLibrary">
<arg>${locator}</arg>
<doc>Clears the value of the text-input-element identified by ``locator``.</doc>
<status status="PASS" start="2025-09-29T22:18:09.526542" elapsed="0.241127"/>
</kw>
<kw name="Input Text" owner="SeleniumLibrary">
<msg time="2025-09-29T22:18:09.769147" level="INFO">Typing text 'YAMUNA EXP' into text field 'css=input[name="trainname"]'.</msg>
<arg>${locator}</arg>
<arg>${value}</arg>
<doc>Types the given ``text`` into the text field identified by ``locator``.</doc>
<status status="PASS" start="2025-09-29T22:18:09.768564" elapsed="0.375361"/>
</kw>
<arg>${FLD_TRAIN_NAME}</arg>
<arg>${name}</arg>
<status status="PASS" start="2025-09-29T22:18:09.286878" elapsed="0.857129"/>
</kw>
<kw name="Set Field Value" owner="TrainApp">
<kw name="Wait Until Element Is Visible" owner="SeleniumLibrary">
<arg>${locator}</arg>
<doc>Waits until the element ``locator`` is visible.</doc>
<status status="PASS" start="2025-09-29T22:18:10.144296" elapsed="0.220735"/>
</kw>
<kw name="Clear Element Text" owner="SeleniumLibrary">
<arg>${locator}</arg>
<doc>Clears the value of the text-input-element identified by ``locator``.</doc>
<status status="PASS" start="2025-09-29T22:18:10.365361" elapsed="0.226624"/>
</kw>
<kw name="Input Text" owner="SeleniumLibrary">
<msg time="2025-09-29T22:18:10.593233" level="INFO">Typing text 'GAYA' into text field 'css=input[name="fromstation"]'.</msg>
<arg>${locator}</arg>
<arg>${value}</arg>
<doc>Types the given ``text`` into the text field identified by ``locator``.</doc>
<status status="PASS" start="2025-09-29T22:18:10.592581" elapsed="0.395338"/>
</kw>
<arg>${FLD_FROM}</arg>
<arg>${from}</arg>
<status status="PASS" start="2025-09-29T22:18:10.144119" elapsed="0.843923"/>
</kw>
<kw name="Set Field Value" owner="TrainApp">
<kw name="Wait Until Element Is Visible" owner="SeleniumLibrary">
<arg>${locator}</arg>
<doc>Waits until the element ``locator`` is visible.</doc>
<status status="PASS" start="2025-09-29T22:18:10.988545" elapsed="0.226048"/>
</kw>
<kw name="Clear Element Text" owner="SeleniumLibrary">
<arg>${locator}</arg>
<doc>Clears the value of the text-input-element identified by ``locator``.</doc>
<status status="PASS" start="2025-09-29T22:18:11.215575" elapsed="0.235855"/>
</kw>
<kw name="Input Text" owner="SeleniumLibrary">
<msg time="2025-09-29T22:18:11.452230" level="INFO">Typing text 'DELHI' into text field 'css=input[name="tostation"]'.</msg>
<arg>${locator}</arg>
<arg>${value}</arg>
<doc>Types the given ``text`` into the text field identified by ``locator``.</doc>
<status status="PASS" start="2025-09-29T22:18:11.451808" elapsed="0.369265"/>
</kw>
<arg>${FLD_TO}</arg>
<arg>${to}</arg>
<status status="PASS" start="2025-09-29T22:18:10.988251" elapsed="0.832927"/>
</kw>
<kw name="Set Field Value" owner="TrainApp">
<kw name="Wait Until Element Is Visible" owner="SeleniumLibrary">
<arg>${locator}</arg>
<doc>Waits until the element ``locator`` is visible.</doc>
<status status="PASS" start="2025-09-29T22:18:11.821770" elapsed="0.223624"/>
</kw>
<kw name="Clear Element Text" owner="SeleniumLibrary">
<arg>${locator}</arg>
<doc>Clears the value of the text-input-element identified by ``locator``.</doc>
<status status="PASS" start="2025-09-29T22:18:12.046039" elapsed="0.225325"/>
</kw>
<kw name="Input Text" owner="SeleniumLibrary">
<msg time="2025-09-29T22:18:12.272085" level="INFO">Typing text '120' into text field 'css=input[name="available"]'.</msg>
<arg>${locator}</arg>
<arg>${value}</arg>
<doc>Types the given ``text`` into the text field identified by ``locator``.</doc>
<status status="PASS" start="2025-09-29T22:18:12.271674" elapsed="0.370027"/>
</kw>
<arg>${FLD_AVAILABLE}</arg>
<arg>${available}</arg>
<status status="PASS" start="2025-09-29T22:18:11.821324" elapsed="0.820489"/>
</kw>
<kw name="Set Field Value" owner="TrainApp">
<kw name="Wait Until Element Is Visible" owner="SeleniumLibrary">
<arg>${locator}</arg>
<doc>Waits until the element ``locator`` is visible.</doc>
<status status="PASS" start="2025-09-29T22:18:12.642239" elapsed="0.217522"/>
</kw>
<kw name="Clear Element Text" owner="SeleniumLibrary">
<arg>${locator}</arg>
<doc>Clears the value of the text-input-element identified by ``locator``.</doc>
<status status="PASS" start="2025-09-29T22:18:12.860068" elapsed="0.234222"/>
</kw>
<kw name="Input Text" owner="SeleniumLibrary">
<msg time="2025-09-29T22:18:13.096232" level="INFO">Typing text '550.50' into text field 'css=input[name="fare"]'.</msg>
<arg>${locator}</arg>
<arg>${value}</arg>
<doc>Types the given ``text`` into the text field identified by ``locator``.</doc>
<status status="PASS" start="2025-09-29T22:18:13.095206" elapsed="0.377768"/>
</kw>
<arg>${FLD_FARE}</arg>
<arg>${fare}</arg>
<status status="PASS" start="2025-09-29T22:18:12.641957" elapsed="0.831168"/>
</kw>
<arg>${train_no}</arg>
<arg>${name}</arg>
<arg>${from}</arg>
<arg>${to}</arg>
<arg>${available}</arg>
<arg>${fare}</arg>
<status status="PASS" start="2025-09-29T22:18:08.454334" elapsed="5.018828"/>
</kw>
<kw name="Click" owner="TrainApp">
<kw name="Wait Until Element Is Visible" owner="SeleniumLibrary">
<arg>${locator}</arg>
<doc>Waits until the element ``locator`` is visible.</doc>
<status status="PASS" start="2025-09-29T22:18:13.473452" elapsed="0.218327"/>
</kw>
<kw name="Click Element" owner="SeleniumLibrary">
<msg time="2025-09-29T22:18:13.692833" level="INFO">Clicking element 'css=input[type="submit"][value*="ADD TRAIN"]'.</msg>
<arg>${locator}</arg>
<doc>Click the element identified by ``locator``.</doc>
<status status="PASS" start="2025-09-29T22:18:13.692431" elapsed="0.305952"/>
</kw>
<arg>${BTN_ADD_TRAIN}</arg>
<status status="PASS" start="2025-09-29T22:18:13.473276" elapsed="0.525238"/>
</kw>
<kw name="Wait For Toast Or Inline" owner="TrainApp">
<kw name="Wait Until Element Is Visible" owner="SeleniumLibrary">
<arg>${TOAST_SUCCESS}</arg>
<arg>timeout=5</arg>
<doc>Waits until the element ``locator`` is visible.</doc>
<status status="PASS" start="2025-09-29T22:18:13.998902" elapsed="0.219649"/>
</kw>
<status status="PASS" start="2025-09-29T22:18:13.998680" elapsed="0.220138"/>
</kw>
<arg>${train_no}</arg>
<arg>${name}</arg>
<arg>${from}</arg>
<arg>${to}</arg>
<arg>${available}</arg>
<arg>${fare}</arg>
<status status="PASS" start="2025-09-29T22:18:07.942392" elapsed="6.277324"/>
</kw>
<kw name="Confirmation Should Contain" owner="TrainApp">
<kw name="Wait Until Page Contains" owner="SeleniumLibrary">
<arg>${text}</arg>
<doc>Waits until ``text`` appears on the current page.</doc>
<status status="PASS" start="2025-09-29T22:18:14.221079" elapsed="0.109100"/>
</kw>
<arg>${ERR_TRAIN_DETAILED_REQUIRED}</arg>
<status status="PASS" start="2025-09-29T22:18:14.220248" elapsed="0.110340"/>
</kw>
<arg>YAMUNA EXP</arg>
<arg>GAYA</arg>
<arg>DELHI</arg>
<arg>120</arg>
<arg>550.50</arg>
<status status="PASS" start="2025-09-29T22:18:01.606903" elapsed="12.723809"/>
</kw>
<kw name="No Operation" owner="BuiltIn" type="TEARDOWN">
<doc>Does absolutely nothing.</doc>
<status status="PASS" start="2025-09-29T22:18:14.331357" elapsed="0.000284"/>
</kw>
<tag>feature:add</tag>
<tag>layer:ui</tag>
<status status="PASS" start="2025-09-29T22:18:01.483144" elapsed="12.848622"/>
</test>
<test id="s1-t4" name="ADD_004 Add a new train with available negative data" line="32">
<kw name="Go Home" owner="TrainApp" type="SETUP">
<kw name="Go To" owner="SeleniumLibrary">
<msg time="2025-09-29T22:18:14.334255" level="INFO">Opening url 'http://localhost:8083/TrainBook/AdminHome.html'</msg>
<arg>${BASE_URL}</arg>
<doc>Navigates the current browser window to the provided ``url``.</doc>
<status status="PASS" start="2025-09-29T22:18:14.334101" elapsed="0.117131"/>
</kw>
<status status="PASS" start="2025-09-29T22:18:14.333304" elapsed="0.118075"/>
</kw>
<kw name="T_Add_Train_Succeeds_Available_Negative" owner="TrainApp">
<kw name="Generate Unique Train Number" owner="TrainApp">
<kw name="Get Time" owner="BuiltIn">
<msg time="2025-09-29T22:18:14.452322" level="INFO">${ts} = 1759150094</msg>
<var>${ts}</var>
<arg>epoch</arg>
<doc>Returns the given time in the requested format.</doc>
<status status="PASS" start="2025-09-29T22:18:14.452147" elapsed="0.000199"/>
</kw>
<kw name="Evaluate" owner="BuiltIn">
<msg time="2025-09-29T22:18:14.452605" level="INFO">${mod} = 39641</msg>
<var>${mod}</var>
<arg>int(${ts}) % 89999 + 10001</arg>
<doc>Evaluates the given expression in Python and returns the result.</doc>
<status status="PASS" start="2025-09-29T22:18:14.452423" elapsed="0.000199"/>
</kw>
<return>
<value>${mod}</value>
<status status="PASS" start="2025-09-29T22:18:14.452743" elapsed="0.000067"/>
</return>
<msg time="2025-09-29T22:18:14.452888" level="INFO">${train_no} = 39641</msg>
<var>${train_no}</var>
<status status="PASS" start="2025-09-29T22:18:14.451993" elapsed="0.000910"/>
</kw>
<kw name="Add Train" owner="TrainApp">
<kw name="Open Add Train" owner="TrainApp">
<kw name="Click" owner="TrainApp">
<kw name="Wait Until Element Is Visible" owner="SeleniumLibrary">
<arg>${locator}</arg>
<doc>Waits until the element ``locator`` is visible.</doc>
<status status="PASS" start="2025-09-29T22:18:14.453465" elapsed="0.217601"/>
</kw>
<kw name="Click Element" owner="SeleniumLibrary">
<msg time="2025-09-29T22:18:14.673521" level="INFO">Clicking element 'css=a[href*="addtrain"]'.</msg>
<arg>${locator}</arg>
<doc>Click the element identified by ``locator``.</doc>
<status status="PASS" start="2025-09-29T22:18:14.672415" elapsed="0.286279"/>
</kw>
<arg>${NAV_ADD_TRAIN}</arg>
<status status="PASS" start="2025-09-29T22:18:14.453333" elapsed="0.505937"/>
</kw>
<status status="PASS" start="2025-09-29T22:18:14.453219" elapsed="0.506256"/>
</kw>
<kw name="Fill Add Train Form" owner="TrainApp">
<kw name="Set Field Value" owner="TrainApp">
<kw name="Wait Until Element Is Visible" owner="SeleniumLibrary">
<arg>${locator}</arg>
<doc>Waits until the element ``locator`` is visible.</doc>
<status status="PASS" start="2025-09-29T22:18:14.960194" elapsed="0.215772"/>
</kw>
<kw name="Clear Element Text" owner="SeleniumLibrary">
<arg>${locator}</arg>
<doc>Clears the value of the text-input-element identified by ``locator``.</doc>
<status status="PASS" start="2025-09-29T22:18:15.176227" elapsed="0.244837"/>
</kw>
<kw name="Input Text" owner="SeleniumLibrary">
<msg time="2025-09-29T22:18:15.421622" level="INFO">Typing text '39641' into text field 'css=input[name="trainno"]'.</msg>
<arg>${locator}</arg>
<arg>${value}</arg>
<doc>Types the given ``text`` into the text field identified by ``locator``.</doc>
<status status="PASS" start="2025-09-29T22:18:15.421385" elapsed="0.393454"/>
</kw>
<arg>${FLD_TRAIN_NO}</arg>
<arg>${train_no}</arg>
<status status="PASS" start="2025-09-29T22:18:14.959999" elapsed="0.854969"/>
</kw>
<kw name="Set Field Value" owner="TrainApp">
<kw name="Wait Until Element Is Visible" owner="SeleniumLibrary">
<arg>${locator}</arg>
<doc>Waits until the element ``locator`` is visible.</doc>
<status status="PASS" start="2025-09-29T22:18:15.815422" elapsed="0.231696"/>
</kw>
<kw name="Clear Element Text" owner="SeleniumLibrary">
<arg>${locator}</arg>
<doc>Clears the value of the text-input-element identified by ``locator``.</doc>
<status status="PASS" start="2025-09-29T22:18:16.047939" elapsed="0.235678"/>
</kw>
<kw name="Input Text" owner="SeleniumLibrary">
<msg time="2025-09-29T22:18:16.289670" level="INFO">Typing text 'YAMUNA EXP' into text field 'css=input[name="trainname"]'.</msg>
<arg>${locator}</arg>
<arg>${value}</arg>
<doc>Types the given ``text`` into the text field identified by ``locator``.</doc>
<status status="PASS" start="2025-09-29T22:18:16.287019" elapsed="0.399003"/>
</kw>
<arg>${FLD_TRAIN_NAME}</arg>
<arg>${name}</arg>
<status status="PASS" start="2025-09-29T22:18:15.815145" elapsed="0.871015"/>
</kw>
<kw name="Set Field Value" owner="TrainApp">
<kw name="Wait Until Element Is Visible" owner="SeleniumLibrary">
<arg>${locator}</arg>
<doc>Waits until the element ``locator`` is visible.</doc>
<status status="PASS" start="2025-09-29T22:18:16.686664" elapsed="0.217748"/>
</kw>
<kw name="Clear Element Text" owner="SeleniumLibrary">
<arg>${locator}</arg>
<doc>Clears the value of the text-input-element identified by ``locator``.</doc>
<status status="PASS" start="2025-09-29T22:18:16.905286" elapsed="0.227288"/>
</kw>
<kw name="Input Text" owner="SeleniumLibrary">
<msg time="2025-09-29T22:18:17.133319" level="INFO">Typing text 'GAYA' into text field 'css=input[name="fromstation"]'.</msg>
<arg>${locator}</arg>
<arg>${value}</arg>
<doc>Types the given ``text`` into the text field identified by ``locator``.</doc>
<status status="PASS" start="2025-09-29T22:18:17.132890" elapsed="0.367008"/>
</kw>
<arg>${FLD_FROM}</arg>
<arg>${from}</arg>
<status status="PASS" start="2025-09-29T22:18:16.686344" elapsed="0.813756"/>
</kw>
<kw name="Set Field Value" owner="TrainApp">
<kw name="Wait Until Element Is Visible" owner="SeleniumLibrary">
<arg>${locator}</arg>
<doc>Waits until the element ``locator`` is visible.</doc>
<status status="PASS" start="2025-09-29T22:18:17.500596" elapsed="0.221234"/>
</kw>
<kw name="Clear Element Text" owner="SeleniumLibrary">
<arg>${locator}</arg>
<doc>Clears the value of the text-input-element identified by ``locator``.</doc>
<status status="PASS" start="2025-09-29T22:18:17.722336" elapsed="0.229243"/>
</kw>
<kw name="Input Text" owner="SeleniumLibrary">
<msg time="2025-09-29T22:18:17.951883" level="INFO">Typing text 'DELHI' into text field 'css=input[name="tostation"]'.</msg>
<arg>${locator}</arg>
<arg>${value}</arg>
<doc>Types the given ``text`` into the text field identified by ``locator``.</doc>
<status status="PASS" start="2025-09-29T22:18:17.951718" elapsed="0.380805"/>
</kw>
<arg>${FLD_TO}</arg>
<arg>${to}</arg>
<status status="PASS" start="2025-09-29T22:18:17.500349" elapsed="0.832362"/>
</kw>
<kw name="Set Field Value" owner="TrainApp">
<kw name="Wait Until Element Is Visible" owner="SeleniumLibrary">
<arg>${locator}</arg>
<doc>Waits until the element ``locator`` is visible.</doc>
<status status="PASS" start="2025-09-29T22:18:18.333052" elapsed="0.220290"/>
</kw>
<kw name="Clear Element Text" owner="SeleniumLibrary">
<arg>${locator}</arg>
<doc>Clears the value of the text-input-element identified by ``locator``.</doc>
<status status="PASS" start="2025-09-29T22:18:18.553732" elapsed="0.232727"/>
</kw>
<kw name="Input Text" owner="SeleniumLibrary">
<msg time="2025-09-29T22:18:18.787581" level="INFO">Typing text '-50' into text field 'css=input[name="available"]'.</msg>
<arg>${locator}</arg>
<arg>${value}</arg>
<doc>Types the given ``text`` into the text field identified by ``locator``.</doc>
<status status="PASS" start="2025-09-29T22:18:18.786959" elapsed="0.364973"/>
</kw>
<arg>${FLD_AVAILABLE}</arg>
<arg>${available}</arg>
<status status="PASS" start="2025-09-29T22:18:18.332857" elapsed="0.819169"/>
</kw>
<kw name="Set Field Value" owner="TrainApp">
<kw name="Wait Until Element Is Visible" owner="SeleniumLibrary">
<arg>${locator}</arg>
<doc>Waits until the element ``locator`` is visible.</doc>
<status status="PASS" start="2025-09-29T22:18:19.152390" elapsed="0.218525"/>
</kw>
<kw name="Clear Element Text" owner="SeleniumLibrary">
<arg>${locator}</arg>
<doc>Clears the value of the text-input-element identified by ``locator``.</doc>
<status status="PASS" start="2025-09-29T22:18:19.371286" elapsed="0.239185"/>
</kw>
<kw name="Input Text" owner="SeleniumLibrary">
<msg time="2025-09-29T22:18:19.610825" level="INFO">Typing text '550.50' into text field 'css=input[name="fare"]'.</msg>
<arg>${locator}</arg>
<arg>${value}</arg>
<doc>Types the given ``text`` into the text field identified by ``locator``.</doc>
<status status="PASS" start="2025-09-29T22:18:19.610632" elapsed="0.380976"/>
</kw>
<arg>${FLD_FARE}</arg>
<arg>${fare}</arg>
<status status="PASS" start="2025-09-29T22:18:19.152161" elapsed="0.839557"/>
</kw>
<arg>${train_no}</arg>
<arg>${name}</arg>
<arg>${from}</arg>
<arg>${to}</arg>
<arg>${available}</arg>
<arg>${fare}</arg>
<status status="PASS" start="2025-09-29T22:18:14.959659" elapsed="5.032276"/>
</kw>
<kw name="Click" owner="TrainApp">
<kw name="Wait Until Element Is Visible" owner="SeleniumLibrary">
<arg>${locator}</arg>
<doc>Waits until the element ``locator`` is visible.</doc>
<status status="PASS" start="2025-09-29T22:18:19.992480" elapsed="0.219235"/>
</kw>
<kw name="Click Element" owner="SeleniumLibrary">
<msg time="2025-09-29T22:18:20.212042" level="INFO">Clicking element 'css=input[type="submit"][value*="ADD TRAIN"]'.</msg>
<arg>${locator}</arg>
<doc>Click the element identified by ``locator``.</doc>
<status status="PASS" start="2025-09-29T22:18:20.211874" elapsed="0.275851"/>
</kw>
<arg>${BTN_ADD_TRAIN}</arg>
<status status="PASS" start="2025-09-29T22:18:19.992164" elapsed="0.495943"/>
</kw>
<kw name="Wait For Toast Or Inline" owner="TrainApp">
<kw name="Wait Until Element Is Visible" owner="SeleniumLibrary">
<arg>${TOAST_SUCCESS}</arg>
<arg>timeout=5</arg>
<doc>Waits until the element ``locator`` is visible.</doc>
<status status="PASS" start="2025-09-29T22:18:20.488415" elapsed="0.216996"/>
</kw>
<status status="PASS" start="2025-09-29T22:18:20.488233" elapsed="0.217690"/>
</kw>
<arg>${train_no}</arg>
<arg>${name}</arg>
<arg>${from}</arg>
<arg>${to}</arg>
<arg>${available}</arg>
<arg>${fare}</arg>
<status status="PASS" start="2025-09-29T22:18:14.452987" elapsed="6.253341"/>
</kw>
<kw name="Confirmation Should Contain" owner="TrainApp">
<kw name="Wait Until Page Contains" owner="SeleniumLibrary">
<arg>${text}</arg>
<doc>Waits until ``text`` appears on the current page.</doc>
<status status="PASS" start="2025-09-29T22:18:20.707690" elapsed="0.106191"/>
</kw>
<arg>${MSG_ADD_SUCCESS}</arg>
<status status="PASS" start="2025-09-29T22:18:20.707191" elapsed="0.106791"/>
</kw>
<kw name="Search Train By Number Should Show" owner="TrainApp">
<kw name="Open Search By Train No" owner="TrainApp">
<kw name="Click" owner="TrainApp">
<kw name="Wait Until Element Is Visible" owner="SeleniumLibrary">
<arg>${locator}</arg>
<doc>Waits until the element ``locator`` is visible.</doc>
<status status="PASS" start="2025-09-29T22:18:20.814684" elapsed="0.224825"/>
</kw>
<kw name="Click Element" owner="SeleniumLibrary">
<msg time="2025-09-29T22:18:21.040666" level="INFO">Clicking element 'css=a[href*="searchtrain"]'.</msg>
<arg>${locator}</arg>
<doc>Click the element identified by ``locator``.</doc>
<status status="PASS" start="2025-09-29T22:18:21.040226" elapsed="0.267524"/>
</kw>
<arg>${NAV_SEARCH_TRAIN}</arg>
<status status="PASS" start="2025-09-29T22:18:20.814553" elapsed="0.493280"/>
</kw>
<status status="PASS" start="2025-09-29T22:18:20.814428" elapsed="0.493436"/>
</kw>
<kw name="Enter Train No And Click Search" owner="TrainApp">
<kw name="Set Field Value" owner="TrainApp">
<kw name="Wait Until Element Is Visible" owner="SeleniumLibrary">
<arg>${locator}</arg>
<doc>Waits until the element ``locator`` is visible.</doc>
<status status="PASS" start="2025-09-29T22:18:21.308262" elapsed="0.220651"/>
</kw>
<kw name="Clear Element Text" owner="SeleniumLibrary">
<arg>${locator}</arg>
<doc>Clears the value of the text-input-element identified by ``locator``.</doc>
<status status="PASS" start="2025-09-29T22:18:21.531220" elapsed="0.232774"/>
</kw>
<kw name="Input Text" owner="SeleniumLibrary">
<msg time="2025-09-29T22:18:21.764333" level="INFO">Typing text '39641' into text field 'css=input[name="trainnumber"]'.</msg>
<arg>${locator}</arg>
<arg>${value}</arg>
<doc>Types the given ``text`` into the text field identified by ``locator``.</doc>
<status status="PASS" start="2025-09-29T22:18:21.764154" elapsed="0.358812"/>
</kw>
<arg>${FLD_SEARCH_TRAIN_NO}</arg>
<arg>${train_no}</arg>
<status status="PASS" start="2025-09-29T22:18:21.308134" elapsed="0.814931"/>
</kw>
<kw name="Click" owner="TrainApp">
<kw name="Wait Until Element Is Visible" owner="SeleniumLibrary">
<arg>${locator}</arg>
<doc>Waits until the element ``locator`` is visible.</doc>
<status status="PASS" start="2025-09-29T22:18:22.123392" elapsed="0.218879"/>
</kw>
<kw name="Click Element" owner="SeleniumLibrary">
<msg time="2025-09-29T22:18:22.343392" level="INFO">Clicking element 'css=input[type="submit"][value*="SEARCH TRAIN"]'.</msg>
<arg>${locator}</arg>
<doc>Click the element identified by ``locator``.</doc>
<status status="PASS" start="2025-09-29T22:18:22.342831" elapsed="0.268597"/>
</kw>
<arg>${BTN_SEARCH_TRAIN}</arg>
<status status="PASS" start="2025-09-29T22:18:22.123195" elapsed="0.488471"/>
</kw>
<kw name="Wait For Toast Or Inline" owner="TrainApp">
<kw name="Wait Until Element Is Visible" owner="SeleniumLibrary">
<arg>${TOAST_SUCCESS}</arg>
<arg>timeout=5</arg>
<doc>Waits until the element ``locator`` is visible.</doc>
<status status="PASS" start="2025-09-29T22:18:22.612071" elapsed="0.218280"/>
</kw>
<status status="PASS" start="2025-09-29T22:18:22.611834" elapsed="0.218756"/>
</kw>
<arg>${train_no}</arg>
<status status="PASS" start="2025-09-29T22:18:21.307971" elapsed="1.522651"/>
</kw>
<kw name="Result Panel Should Show" owner="TrainApp">
<kw name="Wait Until Element Is Visible" owner="SeleniumLibrary">
<arg>${RESULT_PANEL}</arg>
<doc>Waits until the element ``locator`` is visible.</doc>
<status status="PASS" start="2025-09-29T22:18:22.831235" elapsed="0.216484"/>
</kw>
<kw name="Run Keyword If" owner="BuiltIn">
<kw name="Element Text Should Be" owner="SeleniumLibrary">
<msg time="2025-09-29T22:18:23.048420" level="INFO">Verifying element 'xpath=//td[normalize-space(.)="Train Number :"]/following-sibling::td' contains exact text '39641'.</msg>
<arg>${RESULT_TRAIN_NO}</arg>
<arg>${train_no}</arg>
<doc>Verifies that element ``locator`` contains exact the text ``expected``.</doc>
<status status="PASS" start="2025-09-29T22:18:23.048210" elapsed="0.213735"/>
</kw>
<arg>'${train_no}'!='${ANY}'</arg>
<arg>Element Text Should Be</arg>
<arg>${RESULT_TRAIN_NO}</arg>
<arg>${train_no}</arg>
<doc>Runs the given keyword with the given arguments, if ``condition`` is true.</doc>
<status status="PASS" start="2025-09-29T22:18:23.047933" elapsed="0.214384"/>
</kw>
<kw name="Run Keyword If" owner="BuiltIn">
<kw name="Element Text Should Be" owner="SeleniumLibrary">
<msg time="2025-09-29T22:18:23.264413" level="INFO">Verifying element 'xpath=//td[normalize-space(.)="Train Name :"]/following-sibling::td' contains exact text 'YAMUNA EXP'.</msg>
<arg>${RESULT_TRAIN_NAME}</arg>
<arg>${name}</arg>
<doc>Verifies that element ``locator`` contains exact the text ``expected``.</doc>
<status status="PASS" start="2025-09-29T22:18:23.263737" elapsed="0.217733"/>
</kw>
<arg>'${name}'!='${ANY}'</arg>
[...]
<status status="PASS" start="2025-09-29T22:20:28.247833" elapsed="0.000182"/>
</kw>
<kw name="Run Keyword If" owner="BuiltIn">
<arg>'${to}'!='${ANY}'</arg>
<arg>Element Should Contain</arg>
<arg>${row}</arg>
<arg>${to}</arg>
<doc>Runs the given keyword with the given arguments, if ``condition`` is true.</doc>
<status status="PASS" start="2025-09-29T22:20:28.248140" elapsed="0.000154"/>
</kw>
<kw name="Run Keyword If" owner="BuiltIn">
<arg>'${available}'!='${ANY}'</arg>
<arg>Element Should Contain</arg>
<arg>${row}</arg>
<arg>${available}</arg>
<doc>Runs the given keyword with the given arguments, if ``condition`` is true.</doc>
<status status="PASS" start="2025-09-29T22:20:28.248407" elapsed="0.000143"/>
</kw>
<kw name="Get Text" owner="SeleniumLibrary">
<msg time="2025-09-29T22:20:28.484848" level="INFO">${fare_text} = 600.0 RS</msg>
<var>${fare_text}</var>
<arg>${row}/td[6]</arg>
<doc>Returns the text value of the element identified by ``locator``.</doc>
<status status="PASS" start="2025-09-29T22:20:28.248685" elapsed="0.236253"/>
</kw>
<kw name="Replace String Using Regexp" owner="String">
<msg time="2025-09-29T22:20:28.487009" level="INFO">${fare_clean} = 600.0</msg>
<var>${fare_clean}</var>
<arg>${fare_text}</arg>
<arg>[^0-9.\-]</arg>
<arg>${EMPTY}</arg>
<doc>Replaces ``pattern`` in the given ``string`` with ``replace_with``.</doc>
<status status="PASS" start="2025-09-29T22:20:28.485430" elapsed="0.001634"/>
</kw>
<kw name="Run Keyword If" owner="BuiltIn">
<kw name="Should Be Equal As Numbers" owner="BuiltIn">
<arg>${fare_clean}</arg>
<arg>${fare}</arg>
<doc>Fails if objects are unequal after converting them to real numbers.</doc>
<status status="PASS" start="2025-09-29T22:20:28.487735" elapsed="0.000306"/>
</kw>
<arg>'${fare}'!='${ANY}'</arg>
<arg>Should Be Equal As Numbers</arg>
<arg>${fare_clean}</arg>
<arg>${fare}</arg>
<doc>Runs the given keyword with the given arguments, if ``condition`` is true.</doc>
<status status="PASS" start="2025-09-29T22:20:28.487289" elapsed="0.000833"/>
</kw>
<arg>${train_no}</arg>
<arg>${ANY}</arg>
<arg>${ANY}</arg>
<arg>${ANY}</arg>
<arg>${ANY}</arg>
<arg>${new_fare}</arg>
<status status="PASS" start="2025-09-29T22:20:27.353248" elapsed="1.134988"/>
</kw>
<arg>YAMUNA EXP</arg>
<arg>GAYA</arg>
<arg>DELHI</arg>
<arg>120</arg>
<arg>550.50</arg>
<arg>600.00</arg>
<status status="PASS" start="2025-09-29T22:20:17.721651" elapsed="10.766672"/>
</kw>
<kw name="No Operation" owner="BuiltIn" type="TEARDOWN">
<doc>Does absolutely nothing.</doc>
<status status="PASS" start="2025-09-29T22:20:28.488959" elapsed="0.000115"/>
</kw>
<tag>feature:add</tag>
<tag>layer:ui</tag>
<status status="PASS" start="2025-09-29T22:20:17.588798" elapsed="10.900370"/>
</test>
<test id="s1-t20" name="VIEW_004 List reflects deletion" line="96">
<kw name="Go Home" owner="TrainApp" type="SETUP">
<kw name="Go To" owner="SeleniumLibrary">
<msg time="2025-09-29T22:20:28.490712" level="INFO">Opening url 'http://localhost:8083/TrainBook/AdminHome.html'</msg>
<arg>${BASE_URL}</arg>
<doc>Navigates the current browser window to the provided ``url``.</doc>
<status status="PASS" start="2025-09-29T22:20:28.490545" elapsed="0.133383"/>
</kw>
<status status="PASS" start="2025-09-29T22:20:28.490248" elapsed="0.133805"/>
</kw>
<kw name="T_View_Train_List_Reflects_Deletion" owner="TrainApp">
<kw name="Generate Unique Train Number" owner="TrainApp">
<kw name="Get Time" owner="BuiltIn">
<msg time="2025-09-29T22:20:28.624633" level="INFO">${ts} = 1759150228</msg>
<var>${ts}</var>
<arg>epoch</arg>
<doc>Returns the given time in the requested format.</doc>
<status status="PASS" start="2025-09-29T22:20:28.624517" elapsed="0.000133"/>
</kw>
<kw name="Evaluate" owner="BuiltIn">
<msg time="2025-09-29T22:20:28.624826" level="INFO">${mod} = 39775</msg>
<var>${mod}</var>
<arg>int(${ts}) % 89999 + 10001</arg>
<doc>Evaluates the given expression in Python and returns the result.</doc>
<status status="PASS" start="2025-09-29T22:20:28.624698" elapsed="0.000139"/>
</kw>
<return>
<value>${mod}</value>
<status status="PASS" start="2025-09-29T22:20:28.624861" elapsed="0.000026"/>
</return>
<msg time="2025-09-29T22:20:28.624940" level="INFO">${train_no} = 39775</msg>
<var>${train_no}</var>
<status status="PASS" start="2025-09-29T22:20:28.624413" elapsed="0.000537"/>
</kw>
<kw name="Add Train" owner="TrainApp">
<kw name="Open Add Train" owner="TrainApp">
<kw name="Click" owner="TrainApp">
<kw name="Wait Until Element Is Visible" owner="SeleniumLibrary">
<arg>${locator}</arg>
<doc>Waits until the element ``locator`` is visible.</doc>
<status status="PASS" start="2025-09-29T22:20:28.625335" elapsed="0.221526"/>
</kw>
<kw name="Click Element" owner="SeleniumLibrary">
<msg time="2025-09-29T22:20:28.847560" level="INFO">Clicking element 'css=a[href*="addtrain"]'.</msg>
<arg>${locator}</arg>
<doc>Click the element identified by ``locator``.</doc>
<status status="PASS" start="2025-09-29T22:20:28.847207" elapsed="0.258321"/>
</kw>
<arg>${NAV_ADD_TRAIN}</arg>
<status status="PASS" start="2025-09-29T22:20:28.625242" elapsed="0.480465"/>
</kw>
<status status="PASS" start="2025-09-29T22:20:28.625167" elapsed="0.480578"/>
</kw>
<kw name="Fill Add Train Form" owner="TrainApp">
<kw name="Set Field Value" owner="TrainApp">
<kw name="Wait Until Element Is Visible" owner="SeleniumLibrary">
<arg>${locator}</arg>
<doc>Waits until the element ``locator`` is visible.</doc>
<status status="PASS" start="2025-09-29T22:20:29.106257" elapsed="0.211959"/>
</kw>
<kw name="Clear Element Text" owner="SeleniumLibrary">
<arg>${locator}</arg>
<doc>Clears the value of the text-input-element identified by ``locator``.</doc>
<status status="PASS" start="2025-09-29T22:20:29.318527" elapsed="0.237289"/>
</kw>
<kw name="Input Text" owner="SeleniumLibrary">
<msg time="2025-09-29T22:20:29.561176" level="INFO">Typing text '39775' into text field 'css=input[name="trainno"]'.</msg>
<arg>${locator}</arg>
<arg>${value}</arg>
<doc>Types the given ``text`` into the text field identified by ``locator``.</doc>
<status status="PASS" start="2025-09-29T22:20:29.560570" elapsed="0.354876"/>
</kw>
<arg>${FLD_TRAIN_NO}</arg>
<arg>${train_no}</arg>
<status status="PASS" start="2025-09-29T22:20:29.106121" elapsed="0.809582"/>
</kw>
<kw name="Set Field Value" owner="TrainApp">
<kw name="Wait Until Element Is Visible" owner="SeleniumLibrary">
<arg>${locator}</arg>
<doc>Waits until the element ``locator`` is visible.</doc>
<status status="PASS" start="2025-09-29T22:20:29.918817" elapsed="0.231894"/>
</kw>
<kw name="Clear Element Text" owner="SeleniumLibrary">
<arg>${locator}</arg>
<doc>Clears the value of the text-input-element identified by ``locator``.</doc>
<status status="PASS" start="2025-09-29T22:20:30.151572" elapsed="0.244570"/>
</kw>
<kw name="Input Text" owner="SeleniumLibrary">
<msg time="2025-09-29T22:20:30.396731" level="INFO">Typing text 'YAMUNA EXP' into text field 'css=input[name="trainname"]'.</msg>
<arg>${locator}</arg>
<arg>${value}</arg>
<doc>Types the given ``text`` into the text field identified by ``locator``.</doc>
<status status="PASS" start="2025-09-29T22:20:30.396406" elapsed="0.406937"/>
</kw>
<arg>${FLD_TRAIN_NAME}</arg>
<arg>${name}</arg>
<status status="PASS" start="2025-09-29T22:20:29.916046" elapsed="0.887405"/>
</kw>
<kw name="Set Field Value" owner="TrainApp">
<kw name="Wait Until Element Is Visible" owner="SeleniumLibrary">
<arg>${locator}</arg>
<doc>Waits until the element ``locator`` is visible.</doc>
<status status="PASS" start="2025-09-29T22:20:30.803783" elapsed="0.221851"/>
</kw>
<kw name="Clear Element Text" owner="SeleniumLibrary">
<arg>${locator}</arg>
<doc>Clears the value of the text-input-element identified by ``locator``.</doc>
<status status="PASS" start="2025-09-29T22:20:31.025917" elapsed="0.247058"/>
</kw>
<kw name="Input Text" owner="SeleniumLibrary">
<msg time="2025-09-29T22:20:31.274708" level="INFO">Typing text 'GAYA' into text field 'css=input[name="fromstation"]'.</msg>
<arg>${locator}</arg>
<arg>${value}</arg>
<doc>Types the given ``text`` into the text field identified by ``locator``.</doc>
<status status="PASS" start="2025-09-29T22:20:31.273830" elapsed="0.403431"/>
</kw>
<arg>${FLD_FROM}</arg>
<arg>${from}</arg>
<status status="PASS" start="2025-09-29T22:20:30.803585" elapsed="0.873807"/>
</kw>
<kw name="Set Field Value" owner="TrainApp">
<kw name="Wait Until Element Is Visible" owner="SeleniumLibrary">
<arg>${locator}</arg>
<doc>Waits until the element ``locator`` is visible.</doc>
<status status="PASS" start="2025-09-29T22:20:31.677826" elapsed="0.218688"/>
</kw>
<kw name="Clear Element Text" owner="SeleniumLibrary">
<arg>${locator}</arg>
<doc>Clears the value of the text-input-element identified by ``locator``.</doc>
<status status="PASS" start="2025-09-29T22:20:31.898214" elapsed="0.246778"/>
</kw>
<kw name="Input Text" owner="SeleniumLibrary">
<msg time="2025-09-29T22:20:32.145680" level="INFO">Typing text 'DELHI' into text field 'css=input[name="tostation"]'.</msg>
<arg>${locator}</arg>
<arg>${value}</arg>
<doc>Types the given ``text`` into the text field identified by ``locator``.</doc>
<status status="PASS" start="2025-09-29T22:20:32.145304" elapsed="0.389619"/>
</kw>
<arg>${FLD_TO}</arg>
<arg>${to}</arg>
<status status="PASS" start="2025-09-29T22:20:31.677583" elapsed="0.857447"/>
</kw>
<kw name="Set Field Value" owner="TrainApp">
<kw name="Wait Until Element Is Visible" owner="SeleniumLibrary">
<arg>${locator}</arg>
<doc>Waits until the element ``locator`` is visible.</doc>
<status status="PASS" start="2025-09-29T22:20:32.535372" elapsed="0.221788"/>
</kw>
<kw name="Clear Element Text" owner="SeleniumLibrary">
<arg>${locator}</arg>
<doc>Clears the value of the text-input-element identified by ``locator``.</doc>
<status status="PASS" start="2025-09-29T22:20:32.757480" elapsed="0.233022"/>
</kw>
<kw name="Input Text" owner="SeleniumLibrary">
<msg time="2025-09-29T22:20:32.992373" level="INFO">Typing text '120' into text field 'css=input[name="available"]'.</msg>
<arg>${locator}</arg>
<arg>${value}</arg>
<doc>Types the given ``text`` into the text field identified by ``locator``.</doc>
<status status="PASS" start="2025-09-29T22:20:32.990917" elapsed="0.380101"/>
</kw>
<arg>${FLD_AVAILABLE}</arg>
<arg>${available}</arg>
<status status="PASS" start="2025-09-29T22:20:32.535162" elapsed="0.836133"/>
</kw>
<kw name="Set Field Value" owner="TrainApp">
<kw name="Wait Until Element Is Visible" owner="SeleniumLibrary">
<arg>${locator}</arg>
<doc>Waits until the element ``locator`` is visible.</doc>
<status status="PASS" start="2025-09-29T22:20:33.372217" elapsed="0.221484"/>
</kw>
<kw name="Clear Element Text" owner="SeleniumLibrary">
<arg>${locator}</arg>
<doc>Clears the value of the text-input-element identified by ``locator``.</doc>
<status status="PASS" start="2025-09-29T22:20:33.594065" elapsed="0.229177"/>
</kw>
<kw name="Input Text" owner="SeleniumLibrary">
<msg time="2025-09-29T22:20:33.824101" level="INFO">Typing text '550.50' into text field 'css=input[name="fare"]'.</msg>
<arg>${locator}</arg>
<arg>${value}</arg>
<doc>Types the given ``text`` into the text field identified by ``locator``.</doc>
<status status="PASS" start="2025-09-29T22:20:33.823640" elapsed="0.409845"/>
</kw>
<arg>${FLD_FARE}</arg>
<arg>${fare}</arg>
<status status="PASS" start="2025-09-29T22:20:33.371661" elapsed="0.861915"/>
</kw>
<arg>${train_no}</arg>
<arg>${name}</arg>
<arg>${from}</arg>
<arg>${to}</arg>
<arg>${available}</arg>
<arg>${fare}</arg>
<status status="PASS" start="2025-09-29T22:20:29.105876" elapsed="5.127728"/>
</kw>
<kw name="Click" owner="TrainApp">
<kw name="Wait Until Element Is Visible" owner="SeleniumLibrary">
<arg>${locator}</arg>
<doc>Waits until the element ``locator`` is visible.</doc>
<status status="PASS" start="2025-09-29T22:20:34.233893" elapsed="0.220884"/>
</kw>
<kw name="Click Element" owner="SeleniumLibrary">
<msg time="2025-09-29T22:20:34.455319" level="INFO">Clicking element 'css=input[type="submit"][value*="ADD TRAIN"]'.</msg>
<arg>${locator}</arg>
<doc>Click the element identified by ``locator``.</doc>
<status status="PASS" start="2025-09-29T22:20:34.455033" elapsed="0.310910"/>
</kw>
<arg>${BTN_ADD_TRAIN}</arg>
<status status="PASS" start="2025-09-29T22:20:34.233726" elapsed="0.532313"/>
</kw>
<kw name="Wait For Toast Or Inline" owner="TrainApp">
<kw name="Wait Until Element Is Visible" owner="SeleniumLibrary">
<arg>${TOAST_SUCCESS}</arg>
<arg>timeout=5</arg>
<doc>Waits until the element ``locator`` is visible.</doc>
<status status="PASS" start="2025-09-29T22:20:34.766304" elapsed="0.213898"/>
</kw>
<status status="PASS" start="2025-09-29T22:20:34.766154" elapsed="0.214497"/>
</kw>
<arg>${train_no}</arg>
<arg>${name}</arg>
<arg>${from}</arg>
<arg>${to}</arg>
<arg>${available}</arg>
<arg>${fare}</arg>
<status status="PASS" start="2025-09-29T22:20:28.625014" elapsed="6.355739"/>
</kw>
<kw name="Delete Train By Number" owner="TrainApp">
<kw name="Open Delete Train" owner="TrainApp">
<kw name="Click" owner="TrainApp">
<kw name="Wait Until Element Is Visible" owner="SeleniumLibrary">
<arg>${locator}</arg>
<doc>Waits until the element ``locator`` is visible.</doc>
<status status="PASS" start="2025-09-29T22:20:34.983032" elapsed="0.230516"/>
</kw>
<kw name="Click Element" owner="SeleniumLibrary">
<msg time="2025-09-29T22:20:35.214658" level="INFO">Clicking element 'css=a[href*="cancletrainfwd"]'.</msg>
<arg>${locator}</arg>
<doc>Click the element identified by ``locator``.</doc>
<status status="PASS" start="2025-09-29T22:20:35.213926" elapsed="0.265096"/>
</kw>
<arg>${NAV_DELETE_TRAIN}</arg>
<status status="PASS" start="2025-09-29T22:20:34.982684" elapsed="0.496430"/>
</kw>
<status status="PASS" start="2025-09-29T22:20:34.982316" elapsed="0.496831"/>
</kw>
<kw name="Set Field Value" owner="TrainApp">
<kw name="Wait Until Element Is Visible" owner="SeleniumLibrary">
<arg>${locator}</arg>
<doc>Waits until the element ``locator`` is visible.</doc>
<status status="PASS" start="2025-09-29T22:20:35.479468" elapsed="0.219714"/>
</kw>
<kw name="Clear Element Text" owner="SeleniumLibrary">
<arg>${locator}</arg>
<doc>Clears the value of the text-input-element identified by ``locator``.</doc>
<status status="PASS" start="2025-09-29T22:20:35.699592" elapsed="0.235700"/>
</kw>
<kw name="Input Text" owner="SeleniumLibrary">
<msg time="2025-09-29T22:20:35.935600" level="INFO">Typing text '39775' into text field 'css=input[name="trainno"]'.</msg>
<arg>${locator}</arg>
<arg>${value}</arg>
<doc>Types the given ``text`` into the text field identified by ``locator``.</doc>
<status status="PASS" start="2025-09-29T22:20:35.935434" elapsed="0.368325"/>
</kw>
<arg>${FLD_TRAIN_NO}</arg>
<arg>${train_no}</arg>
<status status="PASS" start="2025-09-29T22:20:35.479267" elapsed="0.824621"/>
</kw>
<kw name="Click" owner="TrainApp">
<kw name="Wait Until Element Is Visible" owner="SeleniumLibrary">
<arg>${locator}</arg>
<doc>Waits until the element ``locator`` is visible.</doc>
<status status="PASS" start="2025-09-29T22:20:36.304331" elapsed="0.221566"/>
</kw>
<kw name="Click Element" owner="SeleniumLibrary">
<msg time="2025-09-29T22:20:36.526669" level="INFO">Clicking element 'css=input[type="submit"][value*=" CANCLE TRAIN "]'.</msg>
<arg>${locator}</arg>
<doc>Click the element identified by ``locator``.</doc>
<status status="PASS" start="2025-09-29T22:20:36.526277" elapsed="0.349301"/>
</kw>
<arg>${BTN_CANCEL_TRAIN}</arg>
<status status="PASS" start="2025-09-29T22:20:36.304063" elapsed="0.571602"/>
</kw>
<kw name="Format String" owner="String">
<msg time="2025-09-29T22:20:36.875969" level="INFO">${expected_message} = Train number 39775 has been Deleted Successfully</msg>
<var>${expected_message}</var>
<arg>${MSG_DELETE_SUCCESS_PATTERN}</arg>
<arg>${train_no}</arg>
<doc>Formats a ``template`` using the given ``positional`` and ``named`` arguments.</doc>
<status status="PASS" start="2025-09-29T22:20:36.875806" elapsed="0.000178"/>
</kw>
<kw name="Confirmation Should Contain" owner="TrainApp">
<kw name="Wait Until Page Contains" owner="SeleniumLibrary">
<arg>${text}</arg>
<doc>Waits until ``text`` appears on the current page.</doc>
<status status="PASS" start="2025-09-29T22:20:36.876196" elapsed="0.109604"/>
</kw>
<arg>${expected_message}</arg>
<status status="PASS" start="2025-09-29T22:20:36.876068" elapsed="0.109832"/>
</kw>
<arg>${train_no}</arg>
<status status="PASS" start="2025-09-29T22:20:34.981374" elapsed="2.004573"/>
</kw>
<kw name="Open View Trains" owner="TrainApp">
<kw name="Click" owner="TrainApp">
<kw name="Wait Until Element Is Visible" owner="SeleniumLibrary">
<arg>${locator}</arg>
<doc>Waits until the element ``locator`` is visible.</doc>
<status status="PASS" start="2025-09-29T22:20:36.986370" elapsed="0.217048"/>
</kw>
<kw name="Click Element" owner="SeleniumLibrary">
<msg time="2025-09-29T22:20:37.204178" level="INFO">Clicking element 'css=a[href*="viewtrain"]'.</msg>
<arg>${locator}</arg>
<doc>Click the element identified by ``locator``.</doc>
<status status="PASS" start="2025-09-29T22:20:37.203751" elapsed="0.435395"/>
</kw>
<arg>${NAV_VIEW_TRAINS}</arg>
<status status="PASS" start="2025-09-29T22:20:36.986240" elapsed="0.652999"/>
</kw>
<status status="PASS" start="2025-09-29T22:20:36.986086" elapsed="0.653182"/>
</kw>
<kw name="Locator For Row With Train No" owner="TrainApp">
<return>
<value>xpath=//table//tr[td[2][normalize-space()='${train_no}']]</value>
<status status="PASS" start="2025-09-29T22:20:37.639633" elapsed="0.000033"/>
</return>
<msg time="2025-09-29T22:20:37.639749" level="INFO">${row} = xpath=//table//tr[td[2][normalize-space()='39775']]</msg>
<var>${row}</var>
<arg>${train_no}</arg>
<status status="PASS" start="2025-09-29T22:20:37.639450" elapsed="0.000316"/>
</kw>
<kw name="Element Should Not Be Visible" owner="SeleniumLibrary">
<msg time="2025-09-29T22:20:37.751584" level="INFO">Element 'xpath=//table//tr[td[2][normalize-space()='39775']]' did not exist.</msg>
<arg>${row}</arg>
<doc>Verifies that the element identified by ``locator`` is NOT visible.</doc>
<status status="PASS" start="2025-09-29T22:20:37.639855" elapsed="0.111851"/>
</kw>
<arg>YAMUNA EXP</arg>
<arg>GAYA</arg>
<arg>DELHI</arg>
<arg>120</arg>
<arg>550.50</arg>
<status status="PASS" start="2025-09-29T22:20:28.624230" elapsed="9.127538"/>
</kw>
<kw name="No Operation" owner="BuiltIn" type="TEARDOWN">
<doc>Does absolutely nothing.</doc>
<status status="PASS" start="2025-09-29T22:20:37.751944" elapsed="0.000063"/>
</kw>
<tag>feature:add</tag>
<tag>layer:ui</tag>
<status status="PASS" start="2025-09-29T22:20:28.489633" elapsed="9.262406"/>
</test>
<kw name="Close All Browsers" owner="SeleniumLibrary" type="TEARDOWN">
<doc>Closes all open browsers and resets the browser cache.</doc>
<status status="PASS" start="2025-09-29T22:20:37.752523" elapsed="0.190504"/>
</kw>
<status status="PASS" start="2025-09-29T22:17:38.153641" elapsed="179.789444"/>
</suite>
<statistics>
<total>
<stat pass="20" fail="0" skip="0">All Tests</stat>
</total>
<tag>
<stat pass="20" fail="0" skip="0">feature:add</stat>
<stat pass="20" fail="0" skip="0">layer:ui</stat>
</tag>
<suite>
<stat name="Thuy Chuong Duong" id="s1" pass="20" fail="0" skip="0">Thuy Chuong Duong</stat>
</suite>
</statistics>
<errors>
<msg time="2025-09-29T22:17:38.261691" level="WARN">Error in file '/Users/peanut/Library/CloudStorage/OneDrive-CharlesDarwinUniversity/F1-S2/PRT582  PROCESS&amp; TOOLS/robot_train_suite/resources/TrainApp.resource' on line 99: The '[Return]' setting is deprecated. Use the 'RETURN' statement instead.</msg>
<msg time="2025-09-29T22:17:38.261961" level="WARN">Error in file '/Users/peanut/Library/CloudStorage/OneDrive-CharlesDarwinUniversity/F1-S2/PRT582  PROCESS&amp; TOOLS/robot_train_suite/resources/TrainApp.resource' on line 141: The '[Return]' setting is deprecated. Use the 'RETURN' statement instead.</msg>
</errors>
</robot>
