<?xml version="1.0" encoding="UTF-8"?>
<robot generator="Robot 7.3.2 (Python 3.13.5 on darwin)" generated="2025-10-18T20:59:57.103535" rpa="false" schemaversion="5">
<suite id="s1" name="Thuy Chuong Duong" source="/Users/peanut/Library/CloudStorage/OneDrive-CharlesDarwinUniversity/F1-S2/PRT582  PROCESS&amp; TOOLS/automation-test-train-to-hd/Robot_Framework/suites/thuy_chuong_duong.robot">
<kw name="Setup And Login With Role" owner="Auth" type="SETUP">
<kw name="Set Selenium Speed" owner="SeleniumLibrary">
<arg>0.1s</arg>
<doc>Sets the delay that is waited after each Selenium command.</doc>
<status status="PASS" start="2025-10-18T20:59:57.325069" elapsed="0.000153"/>
</kw>
<kw name="Select Role (Admin/User)" owner="Auth">
<kw name="Set Variable" owner="BuiltIn">
<msg time="2025-10-18T20:59:57.325524" level="INFO">${base} = http://localhost:8083/TrainBook/AdminHome.html</msg>
<var>${base}</var>
<arg>${BASE_URLS}[${role}]</arg>
<doc>Returns the given values which can then be assigned to a variables.</doc>
<status status="PASS" start="2025-10-18T20:59:57.325437" elapsed="0.000104"/>
</kw>
<kw name="Set Variable" owner="BuiltIn">
<msg time="2025-10-18T20:59:57.325664" level="INFO">${username} = admin@demo.com</msg>
<var>${username}</var>
<arg>${CREDS}[${role}][username]</arg>
<doc>Returns the given values which can then be assigned to a variables.</doc>
<status status="PASS" start="2025-10-18T20:59:57.325593" elapsed="0.000084"/>
</kw>
<kw name="Set Variable" owner="BuiltIn">
<msg time="2025-10-18T20:59:57.325786" level="INFO">${password} = admin</msg>
<var>${password}</var>
<arg>${CREDS}[${role}][password]</arg>
<doc>Returns the given values which can then be assigned to a variables.</doc>
<status status="PASS" start="2025-10-18T20:59:57.325721" elapsed="0.000076"/>
</kw>
<kw name="Set Suite Variable" owner="BuiltIn">
<msg time="2025-10-18T20:59:57.325938" level="INFO">${BASE_URL} = http://localhost:8083/TrainBook/AdminHome.html</msg>
<arg>${BASE_URL}</arg>
<arg>${base}</arg>
<doc>Makes a variable available everywhere within the scope of the current suite.</doc>
<status status="PASS" start="2025-10-18T20:59:57.325851" elapsed="0.000105"/>
</kw>
<kw name="Set Suite Variable" owner="BuiltIn">
<msg time="2025-10-18T20:59:57.326801" level="INFO">${APP_USERNAME} = admin@demo.com</msg>
<arg>${APP_USERNAME}</arg>
<arg>${username}</arg>
<doc>Makes a variable available everywhere within the scope of the current suite.</doc>
<status status="PASS" start="2025-10-18T20:59:57.326003" elapsed="0.000850"/>
</kw>
<kw name="Set Suite Variable" owner="BuiltIn">
<msg time="2025-10-18T20:59:57.327555" level="INFO">${APP_PASSWORD} = admin</msg>
<arg>${APP_PASSWORD}</arg>
<arg>${password}</arg>
<doc>Makes a variable available everywhere within the scope of the current suite.</doc>
<status status="PASS" start="2025-10-18T20:59:57.326949" elapsed="0.000627"/>
</kw>
<arg>${role}</arg>
<status status="PASS" start="2025-10-18T20:59:57.325327" elapsed="0.002286"/>
</kw>
<kw name="Open Browser To App" owner="TrainApp">
<kw name="Set Variable" owner="BuiltIn">
<msg time="2025-10-18T20:59:57.327865" level="INFO">${base_url} = http://localhost:8083/TrainBook/AdminHome.html</msg>
<var>${base_url}</var>
<arg>${BASE_URLS}[${role}]</arg>
<doc>Returns the given values which can then be assigned to a variables.</doc>
<status status="PASS" start="2025-10-18T20:59:57.327793" elapsed="0.000084"/>
</kw>
<kw name="Open Browser" owner="SeleniumLibrary">
<msg time="2025-10-18T20:59:57.328037" level="INFO">Opening browser 'chrome' to base url 'http://localhost:8083/TrainBook/AdminHome.html'.</msg>
<arg>${base_url}</arg>
<arg>${BROWSER}</arg>
<doc>Opens a new browser instance to the optional ``url``.</doc>
<status status="PASS" start="2025-10-18T20:59:57.327935" elapsed="2.001077"/>
</kw>
<kw name="Set Window Size" owner="SeleniumLibrary">
<arg>1920</arg>
<arg>1080</arg>
<doc>Sets current windows size to given ``width`` and ``height``.</doc>
<status status="PASS" start="2025-10-18T20:59:59.329403" elapsed="0.475406"/>
</kw>
<arg>${role}</arg>
<status status="PASS" start="2025-10-18T20:59:57.327688" elapsed="2.477245"/>
</kw>
<kw name="Ensure Logged In" owner="TrainApp">
<kw name="Run Keyword If" owner="BuiltIn">
<kw name="Set Variable" owner="BuiltIn">
<arg>${LOGIN_PAGE_ADMIN}</arg>
<doc>Returns the given values which can then be assigned to a variables.</doc>
<status status="PASS" start="2025-10-18T20:59:59.805591" elapsed="0.000054"/>
</kw>
<msg time="2025-10-18T20:59:59.805692" level="INFO">${login_page} = http://localhost:8083/TrainBook/AdminLogin.html</msg>
<var>${login_page}</var>
<arg>'${role}'=='admin'</arg>
<arg>Set Variable</arg>
<arg>${LOGIN_PAGE_ADMIN}</arg>
<arg>ELSE</arg>
<arg>Set Variable</arg>
<arg>${LOGIN_PAGE_USER}</arg>
<doc>Runs the given keyword with the given arguments, if ``condition`` is true.</doc>
<status status="PASS" start="2025-10-18T20:59:59.805406" elapsed="0.000303"/>
</kw>
<kw name="Go To" owner="SeleniumLibrary">
<msg time="2025-10-18T20:59:59.805823" level="INFO">Opening url 'http://localhost:8083/TrainBook/AdminLogin.html'</msg>
<arg>${login_page}</arg>
<doc>Navigates the current browser window to the provided ``url``.</doc>
<status status="PASS" start="2025-10-18T20:59:59.805764" elapsed="0.156002"/>
</kw>
<kw name="Set Field Value" owner="TrainApp">
<kw name="Wait Until Element Is Visible" owner="SeleniumLibrary">
<arg>${locator}</arg>
<doc>Waits until the element ``locator`` is visible.</doc>
<status status="PASS" start="2025-10-18T20:59:59.962320" elapsed="0.240742"/>
</kw>
<kw name="Clear Element Text" owner="SeleniumLibrary">
<arg>${locator}</arg>
<doc>Clears the value of the text-input-element identified by ``locator``.</doc>
<status status="PASS" start="2025-10-18T21:00:00.203344" elapsed="0.236719"/>
</kw>
<kw name="Input Text" owner="SeleniumLibrary">
<msg time="2025-10-18T21:00:00.440388" level="INFO">Typing text 'admin@demo.com' into text field 'css=input[name="uname"]'.</msg>
<arg>${locator}</arg>
<arg>${value}</arg>
<doc>Types the given ``text`` into the text field identified by ``locator``.</doc>
<status status="PASS" start="2025-10-18T21:00:00.440222" elapsed="0.428930"/>
</kw>
<arg>${LOGIN_USERNAME_FIELD}</arg>
<arg>${username}</arg>
<status status="PASS" start="2025-10-18T20:59:59.962064" elapsed="0.907173"/>
</kw>
<kw name="Set Field Value" owner="TrainApp">
<kw name="Wait Until Element Is Visible" owner="SeleniumLibrary">
<arg>${locator}</arg>
<doc>Waits until the element ``locator`` is visible.</doc>
<status status="PASS" start="2025-10-18T21:00:00.869541" elapsed="0.217164"/>
</kw>
<kw name="Clear Element Text" owner="SeleniumLibrary">
<arg>${locator}</arg>
<doc>Clears the value of the text-input-element identified by ``locator``.</doc>
<status status="PASS" start="2025-10-18T21:00:01.086893" elapsed="0.238004"/>
</kw>
<kw name="Input Text" owner="SeleniumLibrary">
<msg time="2025-10-18T21:00:01.326395" level="INFO">Typing text 'admin' into text field 'css=input[name="pword"]'.</msg>
<arg>${locator}</arg>
<arg>${value}</arg>
<doc>Types the given ``text`` into the text field identified by ``locator``.</doc>
<status status="PASS" start="2025-10-18T21:00:01.325696" elapsed="0.357419"/>
</kw>
<arg>${LOGIN_PASSWORD_FIELD}</arg>
<arg>${password}</arg>
<status status="PASS" start="2025-10-18T21:00:00.869358" elapsed="0.813857"/>
</kw>
<kw name="Click" owner="TrainApp">
<kw name="Wait Until Element Is Visible" owner="SeleniumLibrary">
<arg>${locator}</arg>
<doc>Waits until the element ``locator`` is visible.</doc>
<status status="PASS" start="2025-10-18T21:00:01.683524" elapsed="0.226219"/>
</kw>
<kw name="Click Element" owner="SeleniumLibrary">
<msg time="2025-10-18T21:00:01.911811" level="INFO">Clicking element 'css=input[type="submit"][value*="LOGIN"]'.</msg>
<arg>${locator}</arg>
<doc>Click the element identified by ``locator``.</doc>
<status status="PASS" start="2025-10-18T21:00:01.911353" elapsed="1.542796"/>
</kw>
<arg>${BTN_LOGIN}</arg>
<status status="PASS" start="2025-10-18T21:00:01.683354" elapsed="1.771420"/>
</kw>
<arg>${APP_USERNAME}</arg>
<arg>${APP_PASSWORD}</arg>
<arg>${role}</arg>
<status status="PASS" start="2025-10-18T20:59:59.805131" elapsed="3.649703"/>
</kw>
<arg>${ROLE}</arg>
<status status="PASS" start="2025-10-18T20:59:57.324663" elapsed="6.130392"/>
</kw>
<test id="s1-t1" name="ADD_001 Add a new train with valid data" line="20">
<kw name="Go Home" owner="TrainApp" type="SETUP">
<kw name="Go To" owner="SeleniumLibrary">
<msg time="2025-10-18T21:00:03.459117" level="INFO">Opening url 'http://localhost:8083/TrainBook/AdminHome.html'</msg>
<arg>${BASE_URL}</arg>
<doc>Navigates the current browser window to the provided ``url``.</doc>
<status status="PASS" start="2025-10-18T21:00:03.458901" elapsed="0.117162"/>
</kw>
<status status="PASS" start="2025-10-18T21:00:03.458583" elapsed="0.117599"/>
</kw>
<kw name="T_Add_Train_Succeeds" owner="TrainApp">
<kw name="Generate Unique Train Number" owner="TrainApp">
<kw name="Get Time" owner="BuiltIn">
<msg time="2025-10-18T21:00:03.577123" level="INFO">${ts} = 1760787003</msg>
<var>${ts}</var>
<arg>epoch</arg>
<doc>Returns the given time in the requested format.</doc>
<status status="PASS" start="2025-10-18T21:00:03.576816" elapsed="0.000335"/>
</kw>
<kw name="Evaluate" owner="BuiltIn">
<msg time="2025-10-18T21:00:03.577461" level="INFO">${mod} = 56568</msg>
<var>${mod}</var>
<arg>int(${ts}) % 89999 + 10001</arg>
<doc>Evaluates the given expression in Python and returns the result.</doc>
<status status="PASS" start="2025-10-18T21:00:03.577224" elapsed="0.000254"/>
</kw>
<return>
<value>${mod}</value>
<status status="PASS" start="2025-10-18T21:00:03.577529" elapsed="0.000096"/>
</return>
<msg time="2025-10-18T21:00:03.577704" level="INFO">${train_no} = 56568</msg>
<var>${train_no}</var>
<status status="PASS" start="2025-10-18T21:00:03.576658" elapsed="0.001058"/>
</kw>
<kw name="Add Train" owner="TrainApp">
<kw name="Open Add Train" owner="TrainApp">
<kw name="Click" owner="TrainApp">
<kw name="Wait Until Element Is Visible" owner="SeleniumLibrary">
<arg>${locator}</arg>
<doc>Waits until the element ``locator`` is visible.</doc>
<status status="PASS" start="2025-10-18T21:00:03.578153" elapsed="0.216147"/>
</kw>
<kw name="Click Element" owner="SeleniumLibrary">
<msg time="2025-10-18T21:00:03.794723" level="INFO">Clicking element 'css=a[href*="addtrain"]'.</msg>
<arg>${locator}</arg>
<doc>Click the element identified by ``locator``.</doc>
<status status="PASS" start="2025-10-18T21:00:03.794457" elapsed="0.304848"/>
</kw>
<arg>${NAV_ADD_TRAIN}</arg>
<status status="PASS" start="2025-10-18T21:00:03.578051" elapsed="0.521338"/>
</kw>
<status status="PASS" start="2025-10-18T21:00:03.577959" elapsed="0.521461"/>
</kw>
<kw name="Fill Add Train Form" owner="TrainApp">
<kw name="Set Field Value" owner="TrainApp">
<kw name="Wait Until Element Is Visible" owner="SeleniumLibrary">
<arg>${locator}</arg>
<doc>Waits until the element ``locator`` is visible.</doc>
<status status="PASS" start="2025-10-18T21:00:04.099901" elapsed="0.217615"/>
</kw>
<kw name="Clear Element Text" owner="SeleniumLibrary">
<arg>${locator}</arg>
<doc>Clears the value of the text-input-element identified by ``locator``.</doc>
<status status="PASS" start="2025-10-18T21:00:04.318181" elapsed="0.236051"/>
</kw>
<kw name="Input Text" owner="SeleniumLibrary">
<msg time="2025-10-18T21:00:04.557481" level="INFO">Typing text '56568' into text field 'css=input[name="trainno"]'.</msg>
<arg>${locator}</arg>
<arg>${value}</arg>
<doc>Types the given ``text`` into the text field identified by ``locator``.</doc>
<status status="PASS" start="2025-10-18T21:00:04.555398" elapsed="0.379266"/>
</kw>
<arg>${FLD_TRAIN_NO}</arg>
<arg>${train_no}</arg>
<status status="PASS" start="2025-10-18T21:00:04.099771" elapsed="0.835110"/>
</kw>
<kw name="Set Field Value" owner="TrainApp">
<kw name="Wait Until Element Is Visible" owner="SeleniumLibrary">
<arg>${locator}</arg>
<doc>Waits until the element ``locator`` is visible.</doc>
<status status="PASS" start="2025-10-18T21:00:04.935646" elapsed="0.230729"/>
</kw>
<kw name="Clear Element Text" owner="SeleniumLibrary">
<arg>${locator}</arg>
<doc>Clears the value of the text-input-element identified by ``locator``.</doc>
<status status="PASS" start="2025-10-18T21:00:05.167822" elapsed="0.241689"/>
</kw>
<kw name="Input Text" owner="SeleniumLibrary">
<msg time="2025-10-18T21:00:05.410589" level="INFO">Typing text 'YAMUNA EXP' into text field 'css=input[name="trainname"]'.</msg>
<arg>${locator}</arg>
<arg>${value}</arg>
<doc>Types the given ``text`` into the text field identified by ``locator``.</doc>
<status status="PASS" start="2025-10-18T21:00:05.409910" elapsed="0.389055"/>
</kw>
<arg>${FLD_TRAIN_NAME}</arg>
<arg>${name}</arg>
<status status="PASS" start="2025-10-18T21:00:04.935221" elapsed="0.863896"/>
</kw>
<kw name="Set Field Value" owner="TrainApp">
<kw name="Wait Until Element Is Visible" owner="SeleniumLibrary">
<arg>${locator}</arg>
<doc>Waits until the element ``locator`` is visible.</doc>
<status status="PASS" start="2025-10-18T21:00:05.799705" elapsed="0.233598"/>
</kw>
<kw name="Clear Element Text" owner="SeleniumLibrary">
<arg>${locator}</arg>
<doc>Clears the value of the text-input-element identified by ``locator``.</doc>
<status status="PASS" start="2025-10-18T21:00:06.034397" elapsed="0.249118"/>
</kw>
<kw name="Input Text" owner="SeleniumLibrary">
<msg time="2025-10-18T21:00:06.286179" level="INFO">Typing text 'GAYA' into text field 'css=input[name="fromstation"]'.</msg>
<arg>${locator}</arg>
<arg>${value}</arg>
<doc>Types the given ``text`` into the text field identified by ``locator``.</doc>
<status status="PASS" start="2025-10-18T21:00:06.284503" elapsed="0.384175"/>
</kw>
<arg>${FLD_FROM}</arg>
<arg>${from}</arg>
<status status="PASS" start="2025-10-18T21:00:05.799320" elapsed="0.869566"/>
</kw>
<kw name="Set Field Value" owner="TrainApp">
<kw name="Wait Until Element Is Visible" owner="SeleniumLibrary">
<arg>${locator}</arg>
<doc>Waits until the element ``locator`` is visible.</doc>
<status status="PASS" start="2025-10-18T21:00:06.669595" elapsed="0.232913"/>
</kw>
<kw name="Clear Element Text" owner="SeleniumLibrary">
<arg>${locator}</arg>
<doc>Clears the value of the text-input-element identified by ``locator``.</doc>
<status status="PASS" start="2025-10-18T21:00:06.903487" elapsed="0.245883"/>
</kw>
<kw name="Input Text" owner="SeleniumLibrary">
<msg time="2025-10-18T21:00:07.151145" level="INFO">Typing text 'DELHI' into text field 'css=input[name="tostation"]'.</msg>
<arg>${locator}</arg>
<arg>${value}</arg>
<doc>Types the given ``text`` into the text field identified by ``locator``.</doc>
<status status="PASS" start="2025-10-18T21:00:07.150305" elapsed="0.379035"/>
</kw>
<arg>${FLD_TO}</arg>
<arg>${to}</arg>
<status status="PASS" start="2025-10-18T21:00:06.669148" elapsed="0.860350"/>
</kw>
<kw name="Set Field Value" owner="TrainApp">
<kw name="Wait Until Element Is Visible" owner="SeleniumLibrary">
<arg>${locator}</arg>
<doc>Waits until the element ``locator`` is visible.</doc>
<status status="PASS" start="2025-10-18T21:00:07.530134" elapsed="0.225987"/>
</kw>
<kw name="Clear Element Text" owner="SeleniumLibrary">
<arg>${locator}</arg>
<doc>Clears the value of the text-input-element identified by ``locator``.</doc>
<status status="PASS" start="2025-10-18T21:00:07.756376" elapsed="0.244484"/>
</kw>
<kw name="Input Text" owner="SeleniumLibrary">
<msg time="2025-10-18T21:00:08.001545" level="INFO">Typing text '120' into text field 'css=input[name="available"]'.</msg>
<arg>${locator}</arg>
<arg>${value}</arg>
<doc>Types the given ``text`` into the text field identified by ``locator``.</doc>
<status status="PASS" start="2025-10-18T21:00:08.001170" elapsed="0.389115"/>
</kw>
<arg>${FLD_AVAILABLE}</arg>
<arg>${available}</arg>
<status status="PASS" start="2025-10-18T21:00:07.529713" elapsed="0.860785"/>
</kw>
<kw name="Set Field Value" owner="TrainApp">
<kw name="Wait Until Element Is Visible" owner="SeleniumLibrary">
<arg>${locator}</arg>
<doc>Waits until the element ``locator`` is visible.</doc>
<status status="PASS" start="2025-10-18T21:00:08.391163" elapsed="0.232677"/>
</kw>
<kw name="Clear Element Text" owner="SeleniumLibrary">
<arg>${locator}</arg>
<doc>Clears the value of the text-input-element identified by ``locator``.</doc>
<status status="PASS" start="2025-10-18T21:00:08.624898" elapsed="0.236970"/>
</kw>
<kw name="Input Text" owner="SeleniumLibrary">
<msg time="2025-10-18T21:00:08.863270" level="INFO">Typing text '550.50' into text field 'css=input[name="fare"]'.</msg>
<arg>${locator}</arg>
<arg>${value}</arg>
<doc>Types the given ``text`` into the text field identified by ``locator``.</doc>
<status status="PASS" start="2025-10-18T21:00:08.862637" elapsed="0.376223"/>
</kw>
<arg>${FLD_FARE}</arg>
<arg>${fare}</arg>
<status status="PASS" start="2025-10-18T21:00:08.390765" elapsed="0.848270"/>
</kw>
<arg>${train_no}</arg>
<arg>${name}</arg>
<arg>${from}</arg>
<arg>${to}</arg>
<arg>${available}</arg>
<arg>${fare}</arg>
<status status="PASS" start="2025-10-18T21:00:04.099547" elapsed="5.139560"/>
</kw>
<kw name="Click" owner="TrainApp">
<kw name="Wait Until Element Is Visible" owner="SeleniumLibrary">
<arg>${locator}</arg>
<doc>Waits until the element ``locator`` is visible.</doc>
<status status="PASS" start="2025-10-18T21:00:09.239497" elapsed="0.230928"/>
</kw>
<kw name="Click Element" owner="SeleniumLibrary">
<msg time="2025-10-18T21:00:09.472336" level="INFO">Clicking element 'css=input[type="submit"][value*="ADD TRAIN"]'.</msg>
<arg>${locator}</arg>
<doc>Click the element identified by ``locator``.</doc>
<status status="PASS" start="2025-10-18T21:00:09.471315" elapsed="0.335668"/>
</kw>
<arg>${BTN_ADD_TRAIN}</arg>
<status status="PASS" start="2025-10-18T21:00:09.239306" elapsed="0.567778"/>
</kw>
<kw name="Wait For Toast Or Inline" owner="TrainApp">
<kw name="Wait Until Element Is Visible" owner="SeleniumLibrary">
<arg>${TOAST_SUCCESS}</arg>
<arg>timeout=5</arg>
<doc>Waits until the element ``locator`` is visible.</doc>
<status status="PASS" start="2025-10-18T21:00:09.807383" elapsed="0.217503"/>
</kw>
<status status="PASS" start="2025-10-18T21:00:09.807207" elapsed="0.217771"/>
</kw>
<arg>${train_no}</arg>
<arg>${name}</arg>
<arg>${from}</arg>
<arg>${to}</arg>
<arg>${available}</arg>
<arg>${fare}</arg>
<status status="PASS" start="2025-10-18T21:00:03.577784" elapsed="6.447227"/>
</kw>
<kw name="Confirmation Should Contain" owner="TrainApp">
<kw name="Wait Until Page Contains" owner="SeleniumLibrary">
<arg>${text}</arg>
<doc>Waits until ``text`` appears on the current page.</doc>
<status status="PASS" start="2025-10-18T21:00:10.025324" elapsed="0.110033"/>
</kw>
<arg>${MSG_ADD_SUCCESS}</arg>
<status status="PASS" start="2025-10-18T21:00:10.025130" elapsed="0.110348"/>
</kw>
<kw name="Search Train By Number Should Show" owner="TrainApp">
<kw name="Open Search By Train No" owner="TrainApp">
<kw name="Click" owner="TrainApp">
<kw name="Wait Until Element Is Visible" owner="SeleniumLibrary">
<arg>${locator}</arg>
<doc>Waits until the element ``locator`` is visible.</doc>
<status status="PASS" start="2025-10-18T21:00:10.136372" elapsed="0.218489"/>
</kw>
<kw name="Click Element" owner="SeleniumLibrary">
<msg time="2025-10-18T21:00:10.356098" level="INFO">Clicking element 'css=a[href*="searchtrain"]'.</msg>
<arg>${locator}</arg>
<doc>Click the element identified by ``locator``.</doc>
<status status="PASS" start="2025-10-18T21:00:10.355723" elapsed="0.302245"/>
</kw>
<arg>${NAV_SEARCH_TRAIN}</arg>
<status status="PASS" start="2025-10-18T21:00:10.136179" elapsed="0.521882"/>
</kw>
<status status="PASS" start="2025-10-18T21:00:10.136021" elapsed="0.522069"/>
</kw>
<kw name="Enter Train No And Click Search" owner="TrainApp">
<kw name="Set Field Value" owner="TrainApp">
<kw name="Wait Until Element Is Visible" owner="SeleniumLibrary">
<arg>${locator}</arg>
<doc>Waits until the element ``locator`` is visible.</doc>
<status status="PASS" start="2025-10-18T21:00:10.658536" elapsed="0.215263"/>
</kw>
<kw name="Clear Element Text" owner="SeleniumLibrary">
<arg>${locator}</arg>
<doc>Clears the value of the text-input-element identified by ``locator``.</doc>
<status status="PASS" start="2025-10-18T21:00:10.873933" elapsed="0.223012"/>
</kw>
<kw name="Input Text" owner="SeleniumLibrary">
<msg time="2025-10-18T21:00:11.097395" level="INFO">Typing text '56568' into text field 'css=input[name="trainnumber"]'.</msg>
<arg>${locator}</arg>
<arg>${value}</arg>
<doc>Types the given ``text`` into the text field identified by ``locator``.</doc>
<status status="PASS" start="2025-10-18T21:00:11.097146" elapsed="0.359578"/>
</kw>
<arg>${FLD_SEARCH_TRAIN_NO}</arg>
<arg>${train_no}</arg>
<status status="PASS" start="2025-10-18T21:00:10.658403" elapsed="0.798411"/>
</kw>
<kw name="Click" owner="TrainApp">
<kw name="Wait Until Element Is Visible" owner="SeleniumLibrary">
<arg>${locator}</arg>
<doc>Waits until the element ``locator`` is visible.</doc>
<status status="PASS" start="2025-10-18T21:00:11.457108" elapsed="0.217329"/>
</kw>
<kw name="Click Element" owner="SeleniumLibrary">
<msg time="2025-10-18T21:00:11.675233" level="INFO">Clicking element 'css=input[type="submit"][value*="SEARCH TRAIN"]'.</msg>
<arg>${locator}</arg>
<doc>Click the element identified by ``locator``.</doc>
<status status="PASS" start="2025-10-18T21:00:11.674825" elapsed="0.416241"/>
</kw>
<arg>${BTN_SEARCH_TRAIN}</arg>
<status status="PASS" start="2025-10-18T21:00:11.456930" elapsed="0.634226"/>
</kw>
<kw name="Wait For Toast Or Inline" owner="TrainApp">
<kw name="Wait Until Element Is Visible" owner="SeleniumLibrary">
<arg>${TOAST_SUCCESS}</arg>
<arg>timeout=5</arg>
<doc>Waits until the element ``locator`` is visible.</doc>
<status status="PASS" start="2025-10-18T21:00:12.091400" elapsed="0.216642"/>
</kw>
<status status="PASS" start="2025-10-18T21:00:12.091259" elapsed="0.217154"/>
</kw>
<arg>${train_no}</arg>
<status status="PASS" start="2025-10-18T21:00:10.658214" elapsed="1.650366"/>
</kw>
<kw name="Result Panel Should Show" owner="TrainApp">
<kw name="Wait Until Element Is Visible" owner="SeleniumLibrary">
<arg>${RESULT_PANEL}</arg>
<doc>Waits until the element ``locator`` is visible.</doc>
<status status="PASS" start="2025-10-18T21:00:12.311945" elapsed="0.233757"/>
</kw>
<kw name="Run Keyword If" owner="BuiltIn">
<kw name="Element Text Should Be" owner="SeleniumLibrary">
<msg time="2025-10-18T21:00:12.549971" level="INFO">Verifying element 'xpath=//td[normalize-space(.)="Train Number :"]/following-sibling::td' contains exact text '56568'.</msg>
<arg>${RESULT_TRAIN_NO}</arg>
<arg>${train_no}</arg>
<doc>Verifies that element ``locator`` contains exact the text ``expected``.</doc>
<status status="PASS" start="2025-10-18T21:00:12.548837" elapsed="0.242471"/>
</kw>
<arg>'${train_no}'!='${ANY}'</arg>
<arg>Element Text Should Be</arg>
<arg>${RESULT_TRAIN_NO}</arg>
<arg>${train_no}</arg>
<doc>Runs the given keyword with the given arguments, if ``condition`` is true.</doc>
<status status="PASS" start="2025-10-18T21:00:12.547098" elapsed="0.244712"/>
</kw>
<kw name="Run Keyword If" owner="BuiltIn">
<kw name="Element Text Should Be" owner="SeleniumLibrary">
<msg time="2025-10-18T21:00:12.796745" level="INFO">Verifying element 'xpath=//td[normalize-space(.)="Train Name :"]/following-sibling::td' contains exact text 'YAMUNA EXP'.</msg>
<arg>${RESULT_TRAIN_NAME}</arg>
<arg>${name}</arg>
<doc>Verifies that element ``locator`` contains exact the text ``expected``.</doc>
<status status="PASS" start="2025-10-18T21:00:12.795729" elapsed="0.234120"/>
</kw>
<arg>'${name}'!='${ANY}'</arg>
<arg>Element Text Should Be</arg>
<arg>${RESULT_TRAIN_NAME}</arg>
<arg>${name}</arg>
<doc>Runs the given keyword with the given arguments, if ``condition`` is true.</doc>
<status status="PASS" start="2025-10-18T21:00:12.792694" elapsed="0.237467"/>
</kw>
<kw name="Run Keyword If" owner="BuiltIn">
<kw name="Element Text Should Be" owner="SeleniumLibrary">
<msg time="2025-10-18T21:00:13.032433" level="INFO">Verifying element 'xpath=//td[normalize-space(.)="From Station :"]/following-sibling::td' contains exact text 'GAYA'.</msg>
<arg>${RESULT_FROM}</arg>
<arg>${from}</arg>
<doc>Verifies that element ``locator`` contains exact the text ``expected``.</doc>
<status status="PASS" start="2025-10-18T21:00:13.031623" elapsed="0.237086"/>
</kw>
<arg>'${from}'!='${ANY}'</arg>
<arg>Element Text Should Be</arg>
<arg>${RESULT_FROM}</arg>
<arg>${from}</arg>
<doc>Runs the given keyword with the given arguments, if ``condition`` is true.</doc>
<status status="PASS" start="2025-10-18T21:00:13.030659" elapsed="0.238261"/>
</kw>
<kw name="Run Keyword If" owner="BuiltIn">
<kw name="Element Text Should Be" owner="SeleniumLibrary">
<msg time="2025-10-18T21:00:13.270378" level="INFO">Verifying element 'xpath=//td[normalize-space(.)="To Station :"]/following-sibling::td' contains exact text 'DELHI'.</msg>
<arg>${RESULT_TO}</arg>
<arg>${to}</arg>
<doc>Verifies that element ``locator`` contains exact the text ``expected``.</doc>
<status status="PASS" start="2025-10-18T21:00:13.269975" elapsed="0.229868"/>
</kw>
<arg>'${to}'!='${ANY}'</arg>
<arg>Element Text Should Be</arg>
<arg>${RESULT_TO}</arg>
<arg>${to}</arg>
<doc>Runs the given keyword with the given arguments, if ``condition`` is true.</doc>
<status status="PASS" start="2025-10-18T21:00:13.269458" elapsed="0.230783"/>
</kw>
<kw name="Run Keyword If" owner="BuiltIn">
<kw name="Element Text Should Be" owner="SeleniumLibrary">
<msg time="2025-10-18T21:00:13.502233" level="INFO">Verifying element 'xpath=//td[normalize-space(.)="Available Seats:"]/following-sibling::td' contains exact text '120'.</msg>
<arg>${RESULT_SEATS}</arg>
<arg>${available}</arg>
<doc>Verifies that element ``locator`` contains exact the text ``expected``.</doc>
<status status="PASS" start="2025-10-18T21:00:13.501659" elapsed="0.231203"/>
</kw>
<arg>'${available}'!='${ANY}'</arg>
<arg>Element Text Should Be</arg>
<arg>${RESULT_SEATS}</arg>
<arg>${available}</arg>
<doc>Runs the given keyword with the given arguments, if ``condition`` is true.</doc>
<status status="PASS" start="2025-10-18T21:00:13.500763" elapsed="0.232818"/>
</kw>
<kw name="Get Text" owner="SeleniumLibrary">
<msg time="2025-10-18T21:00:13.966512" level="INFO">${fare_text} = 550.5 RS</msg>
<var>${fare_text}</var>
<arg>${RESULT_FARE}</arg>
<doc>Returns the text value of the element identified by ``locator``.</doc>
<status status="PASS" start="2025-10-18T21:00:13.735575" elapsed="0.231039"/>
</kw>
<kw name="Replace String Using Regexp" owner="String">
<msg time="2025-10-18T21:00:13.968978" level="INFO">${fare_clean} = 550.5</msg>
<var>${fare_clean}</var>
<arg>${fare_text}</arg>
<arg>[^0-9.\-]</arg>
<arg>${EMPTY}</arg>
<doc>Replaces ``pattern`` in the given ``string`` with ``replace_with``.</doc>
<status status="PASS" start="2025-10-18T21:00:13.967000" elapsed="0.002017"/>
</kw>
<kw name="Should Be Equal As Numbers" owner="BuiltIn">
<arg>${fare_clean}</arg>
<arg>${fare}</arg>
<doc>Fails if objects are unequal after converting them to real numbers.</doc>
<status status="PASS" start="2025-10-18T21:00:13.969186" elapsed="0.000275"/>
</kw>
<arg>${train_no}</arg>
<arg>${name}</arg>
<arg>${from}</arg>
<arg>${to}</arg>
<arg>${available}</arg>
<arg>${fare}</arg>
<status status="PASS" start="2025-10-18T21:00:12.309606" elapsed="1.659946"/>
</kw>
<arg>${train_no}</arg>
<arg>${name}</arg>
<arg>${from}</arg>
<arg>${to}</arg>
<arg>${available}</arg>
<arg>${fare}</arg>
<status status="PASS" start="2025-10-18T21:00:10.135654" elapsed="3.833976"/>
</kw>
<kw name="Row In View Trains Should Show" owner="TrainApp">
<kw name="Open View Trains" owner="TrainApp">
<kw name="Click" owner="TrainApp">
<kw name="Wait Until Element Is Visible" owner="SeleniumLibrary">
<arg>${locator}</arg>
<doc>Waits until the element ``locator`` is visible.</doc>
<status status="PASS" start="2025-10-18T21:00:13.971252" elapsed="0.235507"/>
</kw>
<kw name="Click Element" owner="SeleniumLibrary">
<msg time="2025-10-18T21:00:14.208525" level="INFO">Clicking element 'css=a[href*="viewtrain"]'.</msg>
<arg>${locator}</arg>
<doc>Click the element identified by ``locator``.</doc>
<status status="PASS" start="2025-10-18T21:00:14.207685" elapsed="0.731594"/>
</kw>
<arg>${NAV_VIEW_TRAINS}</arg>
<status status="PASS" start="2025-10-18T21:00:13.970717" elapsed="0.968659"/>
</kw>
<status status="PASS" start="2025-10-18T21:00:13.970338" elapsed="0.969073"/>
</kw>
<kw name="Locator For Row With Train No" owner="TrainApp">
<return>
<value>xpath=//table//tr[td[2][normalize-space()='${train_no}']]</value>
<status status="PASS" start="2025-10-18T21:00:14.939822" elapsed="0.000038"/>
</return>
<msg time="2025-10-18T21:00:14.939953" level="INFO">${row} = xpath=//table//tr[td[2][normalize-space()='56568']]</msg>
<var>${row}</var>
<arg>${train_no}</arg>
<status status="PASS" start="2025-10-18T21:00:14.939624" elapsed="0.000347"/>
</kw>
<kw name="Run Keyword If" owner="BuiltIn">
<kw name="Element Should Contain" owner="SeleniumLibrary">
<msg time="2025-10-18T21:00:15.161041" level="INFO">Element 'xpath=//table//tr[td[2][normalize-space()='56568']]' contains text '56568'.</msg>
<arg>${row}</arg>
<arg>${train_no}</arg>
<doc>Verifies that element ``locator`` contains text ``expected``.</doc>
<status status="PASS" start="2025-10-18T21:00:14.940239" elapsed="0.220985"/>
</kw>
<arg>'${train_no}'!='${ANY}'</arg>
<arg>Element Should Contain</arg>
<arg>${row}</arg>
<arg>${train_no}</arg>
<doc>Runs the given keyword with the given arguments, if ``condition`` is true.</doc>
<status status="PASS" start="2025-10-18T21:00:14.940059" elapsed="0.221280"/>
</kw>
<kw name="Run Keyword If" owner="BuiltIn">
<kw name="Element Should Contain" owner="SeleniumLibrary">
<msg time="2025-10-18T21:00:15.389067" level="INFO">Element 'xpath=//table//tr[td[2][normalize-space()='56568']]' contains text 'YAMUNA EXP'.</msg>
<arg>${row}</arg>
<arg>${name}</arg>
<doc>Verifies that element ``locator`` contains text ``expected``.</doc>
<status status="PASS" start="2025-10-18T21:00:15.161947" elapsed="0.227308"/>
</kw>
<arg>'${name}'!='${ANY}'</arg>
<arg>Element Should Contain</arg>
<arg>${row}</arg>
<arg>${name}</arg>
<doc>Runs the given keyword with the given arguments, if ``condition`` is true.</doc>
<status status="PASS" start="2025-10-18T21:00:15.161549" elapsed="0.227799"/>
</kw>
<kw name="Run Keyword If" owner="BuiltIn">
<kw name="Element Should Contain" owner="SeleniumLibrary">
<msg time="2025-10-18T21:00:15.622218" level="INFO">Element 'xpath=//table//tr[td[2][normalize-space()='56568']]' contains text 'GAYA'.</msg>
<arg>${row}</arg>
<arg>${from}</arg>
<doc>Verifies that element ``locator`` contains text ``expected``.</doc>
<status status="PASS" start="2025-10-18T21:00:15.389859" elapsed="0.232550"/>
</kw>
<arg>'${from}'!='${ANY}'</arg>
<arg>Element Should Contain</arg>
<arg>${row}</arg>
<arg>${from}</arg>
<doc>Runs the given keyword with the given arguments, if ``condition`` is true.</doc>
<status status="PASS" start="2025-10-18T21:00:15.389517" elapsed="0.233051"/>
</kw>
<kw name="Run Keyword If" owner="BuiltIn">
<kw name="Element Should Contain" owner="SeleniumLibrary">
<msg time="2025-10-18T21:00:15.854372" level="INFO">Element 'xpath=//table//tr[td[2][normalize-space()='56568']]' contains text 'DELHI'.</msg>
<arg>${row}</arg>
<arg>${to}</arg>
<doc>Verifies that element ``locator`` contains text ``expected``.</doc>
<status status="PASS" start="2025-10-18T21:00:15.625749" elapsed="0.229247"/>
</kw>
<arg>'${to}'!='${ANY}'</arg>
<arg>Element Should Contain</arg>
<arg>${row}</arg>
<arg>${to}</arg>
<doc>Runs the given keyword with the given arguments, if ``condition`` is true.</doc>
<status status="PASS" start="2025-10-18T21:00:15.622972" elapsed="0.232402"/>
</kw>
<kw name="Run Keyword If" owner="BuiltIn">
<kw name="Element Should Contain" owner="SeleniumLibrary">
<msg time="2025-10-18T21:00:16.093017" level="INFO">Element 'xpath=//table//tr[td[2][normalize-space()='56568']]' contains text '120'.</msg>
<arg>${row}</arg>
<arg>${available}</arg>
<doc>Verifies that element ``locator`` contains text ``expected``.</doc>
<status status="PASS" start="2025-10-18T21:00:15.857713" elapsed="0.236055"/>
</kw>
<arg>'${available}'!='${ANY}'</arg>
<arg>Element Should Contain</arg>
<arg>${row}</arg>
<arg>${available}</arg>
<doc>Runs the given keyword with the given arguments, if ``condition`` is true.</doc>
<status status="PASS" start="2025-10-18T21:00:15.856777" elapsed="0.237456"/>
</kw>
<kw name="Get Text" owner="SeleniumLibrary">
<msg time="2025-10-18T21:00:16.338838" level="INFO">${fare_text} = 550.5 RS</msg>
<var>${fare_text}</var>
<arg>${row}/td[6]</arg>
<doc>Returns the text value of the element identified by ``locator``.</doc>
<status status="PASS" start="2025-10-18T21:00:16.096408" elapsed="0.242562"/>
</kw>
<kw name="Replace String Using Regexp" owner="String">
<msg time="2025-10-18T21:00:16.342432" level="INFO">${fare_clean} = 550.5</msg>
<var>${fare_clean}</var>
<arg>${fare_text}</arg>
<arg>[^0-9.\-]</arg>
<arg>${EMPTY}</arg>
<doc>Replaces ``pattern`` in the given ``string`` with ``replace_with``.</doc>
<status status="PASS" start="2025-10-18T21:00:16.340938" elapsed="0.001545"/>
</kw>
<kw name="Run Keyword If" owner="BuiltIn">
<kw name="Should Be Equal As Numbers" owner="BuiltIn">
<arg>${fare_clean}</arg>
<arg>${fare}</arg>
<doc>Fails if objects are unequal after converting them to real numbers.</doc>
<status status="PASS" start="2025-10-18T21:00:16.343106" elapsed="0.000483"/>
</kw>
<arg>'${fare}'!='${ANY}'</arg>
<arg>Should Be Equal As Numbers</arg>
<arg>${fare_clean}</arg>
<arg>${fare}</arg>
<doc>Runs the given keyword with the given arguments, if ``condition`` is true.</doc>
<status status="PASS" start="2025-10-18T21:00:16.342694" elapsed="0.001059"/>
</kw>
<arg>${train_no}</arg>
<arg>${name}</arg>
<arg>${from}</arg>
<arg>${to}</arg>
<arg>${available}</arg>
<arg>${fare}</arg>
<status status="PASS" start="2025-10-18T21:00:13.969879" elapsed="2.373975"/>
</kw>
<arg>YAMUNA EXP</arg>
<arg>GAYA</arg>
<arg>DELHI</arg>
<arg>120</arg>
<arg>550.50</arg>
<status status="PASS" start="2025-10-18T21:00:03.576413" elapsed="12.767531"/>
</kw>
<kw name="No Operation" owner="BuiltIn" type="TEARDOWN">
<doc>Does absolutely nothing.</doc>
<status status="PASS" start="2025-10-18T21:00:16.344342" elapsed="0.000140"/>
</kw>
<tag>feature:add</tag>
<tag>layer:ui</tag>
<status status="PASS" start="2025-10-18T21:00:03.455519" elapsed="12.889061"/>
</test>
<test id="s1-t2" name="ADD_002 Validation: required fields empty" line="24">
<kw name="Go Home" owner="TrainApp" type="SETUP">
<kw name="Go To" owner="SeleniumLibrary">
<msg time="2025-10-18T21:00:16.345897" level="INFO">Opening url 'http://localhost:8083/TrainBook/AdminHome.html'</msg>
<arg>${BASE_URL}</arg>
<doc>Navigates the current browser window to the provided ``url``.</doc>
<status status="PASS" start="2025-10-18T21:00:16.345738" elapsed="0.130903"/>
</kw>
<status status="PASS" start="2025-10-18T21:00:16.345451" elapsed="0.131301"/>
</kw>
<kw name="T_Add_Train_Fails_Name_Required" owner="TrainApp">
<kw name="Generate Unique Train Number" owner="TrainApp">
<kw name="Get Time" owner="BuiltIn">
<msg time="2025-10-18T21:00:16.477688" level="INFO">${ts} = 1760787016</msg>
<var>${ts}</var>
<arg>epoch</arg>
<doc>Returns the given time in the requested format.</doc>
<status status="PASS" start="2025-10-18T21:00:16.477531" elapsed="0.000181"/>
</kw>
<kw name="Evaluate" owner="BuiltIn">
<msg time="2025-10-18T21:00:16.477967" level="INFO">${mod} = 56581</msg>
<var>${mod}</var>
<arg>int(${ts}) % 89999 + 10001</arg>
<doc>Evaluates the given expression in Python and returns the result.</doc>
<status status="PASS" start="2025-10-18T21:00:16.477793" elapsed="0.000191"/>
</kw>
<return>
<value>${mod}</value>
<status status="PASS" start="2025-10-18T21:00:16.478025" elapsed="0.000032"/>
</return>
<msg time="2025-10-18T21:00:16.478165" level="INFO">${train_no} = 56581</msg>
<var>${train_no}</var>
<status status="PASS" start="2025-10-18T21:00:16.477308" elapsed="0.000873"/>
</kw>
<kw name="Add Train" owner="TrainApp">
<kw name="Open Add Train" owner="TrainApp">
<kw name="Click" owner="TrainApp">
<kw name="Wait Until Element Is Visible" owner="SeleniumLibrary">
<arg>${locator}</arg>
<doc>Waits until the element ``locator`` is visible.</doc>
<status status="PASS" start="2025-10-18T21:00:16.479191" elapsed="0.211900"/>
</kw>
<kw name="Click Element" owner="SeleniumLibrary">
<msg time="2025-10-18T21:00:16.691654" level="INFO">Clicking element 'css=a[href*="addtrain"]'.</msg>
<arg>${locator}</arg>
<doc>Click the element identified by ``locator``.</doc>
<status status="PASS" start="2025-10-18T21:00:16.691351" elapsed="0.253080"/>
</kw>
<arg>${NAV_ADD_TRAIN}</arg>
<status status="PASS" start="2025-10-18T21:00:16.479045" elapsed="0.465482"/>
</kw>
<status status="PASS" start="2025-10-18T21:00:16.478913" elapsed="0.465644"/>
</kw>
<kw name="Fill Add Train Form" owner="TrainApp">
<kw name="Set Field Value" owner="TrainApp">
<kw name="Wait Until Element Is Visible" owner="SeleniumLibrary">
<arg>${locator}</arg>
<doc>Waits until the element ``locator`` is visible.</doc>
<status status="PASS" start="2025-10-18T21:00:16.945281" elapsed="0.216664"/>
</kw>
<kw name="Clear Element Text" owner="SeleniumLibrary">
<arg>${locator}</arg>
<doc>Clears the value of the text-input-element identified by ``locator``.</doc>
<status status="PASS" start="2025-10-18T21:00:17.162382" elapsed="0.231351"/>
</kw>
<kw name="Input Text" owner="SeleniumLibrary">
<msg time="2025-10-18T21:00:17.394018" level="INFO">Typing text '56581' into text field 'css=input[name="trainno"]'.</msg>
<arg>${locator}</arg>
<arg>${value}</arg>
<doc>Types the given ``text`` into the text field identified by ``locator``.</doc>
<status status="PASS" start="2025-10-18T21:00:17.393865" elapsed="0.359052"/>
</kw>
<arg>${FLD_TRAIN_NO}</arg>
<arg>${train_no}</arg>
<status status="PASS" start="2025-10-18T21:00:16.944893" elapsed="0.808119"/>
</kw>
<kw name="Set Field Value" owner="TrainApp">
<kw name="Wait Until Element Is Visible" owner="SeleniumLibrary">
<arg>${locator}</arg>
<doc>Waits until the element ``locator`` is visible.</doc>
<status status="PASS" start="2025-10-18T21:00:17.753456" elapsed="0.219498"/>
</kw>
<kw name="Clear Element Text" owner="SeleniumLibrary">
<arg>${locator}</arg>
<doc>Clears the value of the text-input-element identified by ``locator``.</doc>
<status status="PASS" start="2025-10-18T21:00:17.973549" elapsed="0.241872"/>
</kw>
<kw name="Input Text" owner="SeleniumLibrary">
<msg time="2025-10-18T21:00:18.217548" level="INFO">Typing text '' into text field 'css=input[name="trainname"]'.</msg>
<arg>${locator}</arg>
<arg>${value}</arg>
<doc>Types the given ``text`` into the text field identified by ``locator``.</doc>
<status status="PASS" start="2025-10-18T21:00:18.216545" elapsed="0.394536"/>
</kw>
<arg>${FLD_TRAIN_NAME}</arg>
<arg>${name}</arg>
<status status="PASS" start="2025-10-18T21:00:17.753137" elapsed="0.858031"/>
</kw>
<kw name="Set Field Value" owner="TrainApp">
<kw name="Wait Until Element Is Visible" owner="SeleniumLibrary">
<arg>${locator}</arg>
<doc>Waits until the element ``locator`` is visible.</doc>
<status status="PASS" start="2025-10-18T21:00:18.611469" elapsed="0.216261"/>
</kw>
<kw name="Clear Element Text" owner="SeleniumLibrary">
<arg>${locator}</arg>
<doc>Clears the value of the text-input-element identified by ``locator``.</doc>
<status status="PASS" start="2025-10-18T21:00:18.827866" elapsed="0.226787"/>
</kw>
<kw name="Input Text" owner="SeleniumLibrary">
<msg time="2025-10-18T21:00:19.054944" level="INFO">Typing text 'GAYA' into text field 'css=input[name="fromstation"]'.</msg>
<arg>${locator}</arg>
<arg>${value}</arg>
<doc>Types the given ``text`` into the text field identified by ``locator``.</doc>
<status status="PASS" start="2025-10-18T21:00:19.054787" elapsed="0.358043"/>
</kw>
<arg>${FLD_FROM}</arg>
<arg>${from}</arg>
<status status="PASS" start="2025-10-18T21:00:18.611284" elapsed="0.801656"/>
</kw>
<kw name="Set Field Value" owner="TrainApp">
<kw name="Wait Until Element Is Visible" owner="SeleniumLibrary">
<arg>${locator}</arg>
<doc>Waits until the element ``locator`` is visible.</doc>
<status status="PASS" start="2025-10-18T21:00:19.413311" elapsed="0.221354"/>
</kw>
<kw name="Clear Element Text" owner="SeleniumLibrary">
<arg>${locator}</arg>
<doc>Clears the value of the text-input-element identified by ``locator``.</doc>
<status status="PASS" start="2025-10-18T21:00:19.636990" elapsed="0.236462"/>
</kw>
<kw name="Input Text" owner="SeleniumLibrary">
<msg time="2025-10-18T21:00:19.875391" level="INFO">Typing text 'DELHI' into text field 'css=input[name="tostation"]'.</msg>
<arg>${locator}</arg>
<arg>${value}</arg>
<doc>Types the given ``text`` into the text field identified by ``locator``.</doc>
<status status="PASS" start="2025-10-18T21:00:19.874476" elapsed="0.414729"/>
</kw>
<arg>${FLD_TO}</arg>
<arg>${to}</arg>
<status status="PASS" start="2025-10-18T21:00:19.413087" elapsed="0.876333"/>
</kw>
<kw name="Set Field Value" owner="TrainApp">
<kw name="Wait Until Element Is Visible" owner="SeleniumLibrary">
<arg>${locator}</arg>
<doc>Waits until the element ``locator`` is visible.</doc>
<status status="PASS" start="2025-10-18T21:00:20.289823" elapsed="0.215945"/>
</kw>
<kw name="Clear Element Text" owner="SeleniumLibrary">
<arg>${locator}</arg>
<doc>Clears the value of the text-input-element identified by ``locator``.</doc>
<status status="PASS" start="2025-10-18T21:00:20.507404" elapsed="0.229444"/>
</kw>
<kw name="Input Text" owner="SeleniumLibrary">
<msg time="2025-10-18T21:00:20.737955" level="INFO">Typing text '120' into text field 'css=input[name="available"]'.</msg>
<arg>${locator}</arg>
<arg>${value}</arg>
<doc>Types the given ``text`` into the text field identified by ``locator``.</doc>
<status status="PASS" start="2025-10-18T21:00:20.737338" elapsed="0.411293"/>
</kw>
<arg>${FLD_AVAILABLE}</arg>
<arg>${available}</arg>
<status status="PASS" start="2025-10-18T21:00:20.289582" elapsed="0.859185"/>
</kw>
<kw name="Set Field Value" owner="TrainApp">
<kw name="Wait Until Element Is Visible" owner="SeleniumLibrary">
<arg>${locator}</arg>
<doc>Waits until the element ``locator`` is visible.</doc>
<status status="PASS" start="2025-10-18T21:00:21.149272" elapsed="0.224991"/>
</kw>
<kw name="Clear Element Text" owner="SeleniumLibrary">
<arg>${locator}</arg>
<doc>Clears the value of the text-input-element identified by ``locator``.</doc>
<status status="PASS" start="2025-10-18T21:00:21.375166" elapsed="0.238362"/>
</kw>
<kw name="Input Text" owner="SeleniumLibrary">
<msg time="2025-10-18T21:00:21.618109" level="INFO">Typing text '550.' into text field 'css=input[name="fare"]'.</msg>
<arg>${locator}</arg>
<arg>${value}</arg>
<doc>Types the given ``text`` into the text field identified by ``locator``.</doc>
<status status="PASS" start="2025-10-18T21:00:21.616841" elapsed="0.407544"/>
</kw>
<arg>${FLD_FARE}</arg>
<arg>${fare}</arg>
<status status="PASS" start="2025-10-18T21:00:21.148954" elapsed="0.875547"/>
</kw>
<arg>${train_no}</arg>
<arg>${name}</arg>
<arg>${from}</arg>
<arg>${to}</arg>
<arg>${available}</arg>
<arg>${fare}</arg>
<status status="PASS" start="2025-10-18T21:00:16.944674" elapsed="5.079871"/>
</kw>
<kw name="Click" owner="TrainApp">
<kw name="Wait Until Element Is Visible" owner="SeleniumLibrary">
<arg>${locator}</arg>
<doc>Waits until the element ``locator`` is visible.</doc>
<status status="PASS" start="2025-10-18T21:00:22.024931" elapsed="0.228345"/>
</kw>
<kw name="Click Element" owner="SeleniumLibrary">
<msg time="2025-10-18T21:00:22.255048" level="INFO">Clicking element 'css=input[type="submit"][value*="ADD TRAIN"]'.</msg>
<arg>${locator}</arg>
<doc>Click the element identified by ``locator``.</doc>
<status status="PASS" start="2025-10-18T21:00:22.254151" elapsed="0.342341"/>
</kw>
<arg>${BTN_ADD_TRAIN}</arg>
<status status="PASS" start="2025-10-18T21:00:22.024694" elapsed="0.572059"/>
</kw>
<kw name="Wait For Toast Or Inline" owner="TrainApp">
<kw name="Wait Until Element Is Visible" owner="SeleniumLibrary">
<arg>${TOAST_SUCCESS}</arg>
<arg>timeout=5</arg>
<doc>Waits until the element ``locator`` is visible.</doc>
<status status="PASS" start="2025-10-18T21:00:22.597241" elapsed="0.214808"/>
</kw>
<status status="PASS" start="2025-10-18T21:00:22.597001" elapsed="0.215301"/>
</kw>
<arg>${train_no}</arg>
<arg>${EMPTY}</arg>
<arg>${from}</arg>
<arg>${to}</arg>
<arg>${available}</arg>
<arg>${fare}</arg>
<status status="PASS" start="2025-10-18T21:00:16.478268" elapsed="6.334119"/>
</kw>
<kw name="Confirmation Should Contain" owner="TrainApp">
<kw name="Wait Until Page Contains" owner="SeleniumLibrary">
<arg>${text}</arg>
<doc>Waits until ``text`` appears on the current page.</doc>
<status status="PASS" start="2025-10-18T21:00:22.813090" elapsed="0.115912"/>
</kw>
<arg>${ERR_TRAIN_DETAILED_REQUIRED}</arg>
<status status="PASS" start="2025-10-18T21:00:22.812660" elapsed="0.116773"/>
</kw>
<arg>GAYA</arg>
<arg>DELHI</arg>
<arg>120</arg>
<arg>550.</arg>
<status status="PASS" start="2025-10-18T21:00:16.476958" elapsed="6.452725"/>
</kw>
<kw name="No Operation" owner="BuiltIn" type="TEARDOWN">
<doc>Does absolutely nothing.</doc>
<status status="PASS" start="2025-10-18T21:00:22.931512" elapsed="0.001170"/>
</kw>
<tag>feature:add</tag>
<tag>layer:ui</tag>
<status status="PASS" start="2025-10-18T21:00:16.344934" elapsed="6.588011"/>
</test>
<test id="s1-t3" name="ADD_003 Validation: Train Number must be unique" line="28">
<kw name="Go Home" owner="TrainApp" type="SETUP">
<kw name="Go To" owner="SeleniumLibrary">
<msg time="2025-10-18T21:00:22.935335" level="INFO">Opening url 'http://localhost:8083/TrainBook/AdminHome.html'</msg>
<arg>${BASE_URL}</arg>
<doc>Navigates the current browser window to the provided ``url``.</doc>
<status status="PASS" start="2025-10-18T21:00:22.935116" elapsed="0.126391"/>
</kw>
<status status="PASS" start="2025-10-18T21:00:22.934703" elapsed="0.126892"/>
</kw>
<kw name="T_Add_Train_Fails_Duplicate_No" owner="TrainApp">
<kw name="Generate Unique Train Number" owner="TrainApp">
<kw name="Get Time" owner="BuiltIn">
<msg time="2025-10-18T21:00:23.062255" level="INFO">${ts} = 1760787023</msg>
<var>${ts}</var>
<arg>epoch</arg>
<doc>Returns the given time in the requested format.</doc>
<status status="PASS" start="2025-10-18T21:00:23.062126" elapsed="0.000145"/>
</kw>
<kw name="Evaluate" owner="BuiltIn">
<msg time="2025-10-18T21:00:23.062460" level="INFO">${mod} = 56588</msg>
<var>${mod}</var>
<arg>int(${ts}) % 89999 + 10001</arg>
<doc>Evaluates the given expression in Python and returns the result.</doc>
<status status="PASS" start="2025-10-18T21:00:23.062326" elapsed="0.000146"/>
</kw>
<return>
<value>${mod}</value>
<status status="PASS" start="2025-10-18T21:00:23.062502" elapsed="0.000040"/>
</return>
<msg time="2025-10-18T21:00:23.062599" level="INFO">${train_no} = 56588</msg>
<var>${train_no}</var>
<status status="PASS" start="2025-10-18T21:00:23.062013" elapsed="0.000596"/>
</kw>
<kw name="Add Train" owner="TrainApp">
<kw name="Open Add Train" owner="TrainApp">
<kw name="Click" owner="TrainApp">
<kw name="Wait Until Element Is Visible" owner="SeleniumLibrary">
<arg>${locator}</arg>
<doc>Waits until the element ``locator`` is visible.</doc>
<status status="PASS" start="2025-10-18T21:00:23.063002" elapsed="0.221885"/>
</kw>
<kw name="Click Element" owner="SeleniumLibrary">
<msg time="2025-10-18T21:00:23.287064" level="INFO">Clicking element 'css=a[href*="addtrain"]'.</msg>
<arg>${locator}</arg>
<doc>Click the element identified by ``locator``.</doc>
<status status="PASS" start="2025-10-18T21:00:23.286563" elapsed="0.262195"/>
</kw>
<arg>${NAV_ADD_TRAIN}</arg>
<status status="PASS" start="2025-10-18T21:00:23.062900" elapsed="0.485988"/>
</kw>
<status status="PASS" start="2025-10-18T21:00:23.062820" elapsed="0.486100"/>
</kw>
<kw name="Fill Add Train Form" owner="TrainApp">
<kw name="Set Field Value" owner="TrainApp">
<kw name="Wait Until Element Is Visible" owner="SeleniumLibrary">
<arg>${locator}</arg>
<doc>Waits until the element ``locator`` is visible.</doc>
<status status="PASS" start="2025-10-18T21:00:23.549381" elapsed="0.218274"/>
</kw>
<kw name="Clear Element Text" owner="SeleniumLibrary">
<arg>${locator}</arg>
<doc>Clears the value of the text-input-element identified by ``locator``.</doc>
<status status="PASS" start="2025-10-18T21:00:23.768067" elapsed="0.235699"/>
</kw>
<kw name="Input Text" owner="SeleniumLibrary">
<msg time="2025-10-18T21:00:24.004126" level="INFO">Typing text '56588' into text field 'css=input[name="trainno"]'.</msg>
<arg>${locator}</arg>
<arg>${value}</arg>
<doc>Types the given ``text`` into the text field identified by ``locator``.</doc>
<status status="PASS" start="2025-10-18T21:00:24.003927" elapsed="0.387827"/>
</kw>
<arg>${FLD_TRAIN_NO}</arg>
<arg>${train_no}</arg>
<status status="PASS" start="2025-10-18T21:00:23.549259" elapsed="0.842610"/>
</kw>
<kw name="Set Field Value" owner="TrainApp">
<kw name="Wait Until Element Is Visible" owner="SeleniumLibrary">
<arg>${locator}</arg>
<doc>Waits until the element ``locator`` is visible.</doc>
<status status="PASS" start="2025-10-18T21:00:24.392403" elapsed="0.225002"/>
</kw>
<kw name="Clear Element Text" owner="SeleniumLibrary">
<arg>${locator}</arg>
<doc>Clears the value of the text-input-element identified by ``locator``.</doc>
<status status="PASS" start="2025-10-18T21:00:24.618097" elapsed="0.274050"/>
</kw>
<kw name="Input Text" owner="SeleniumLibrary">
<msg time="2025-10-18T21:00:24.892771" level="INFO">Typing text 'YAMUNA EXP' into text field 'css=input[name="trainname"]'.</msg>
<arg>${locator}</arg>
<arg>${value}</arg>
<doc>Types the given ``text`` into the text field identified by ``locator``.</doc>
<status status="PASS" start="2025-10-18T21:00:24.892550" elapsed="0.389219"/>
</kw>
<arg>${FLD_TRAIN_NAME}</arg>
<arg>${name}</arg>
<status status="PASS" start="2025-10-18T21:00:24.392074" elapsed="0.889780"/>
</kw>
<kw name="Set Field Value" owner="TrainApp">
<kw name="Wait Until Element Is Visible" owner="SeleniumLibrary">
<arg>${locator}</arg>
<doc>Waits until the element ``locator`` is visible.</doc>
<status status="PASS" start="2025-10-18T21:00:25.282152" elapsed="0.213028"/>
</kw>
<kw name="Clear Element Text" owner="SeleniumLibrary">
<arg>${locator}</arg>
<doc>Clears the value of the text-input-element identified by ``locator``.</doc>
<status status="PASS" start="2025-10-18T21:00:25.496411" elapsed="0.240451"/>
</kw>
<kw name="Input Text" owner="SeleniumLibrary">
<msg time="2025-10-18T21:00:25.737616" level="INFO">Typing text 'GAYA' into text field 'css=input[name="fromstation"]'.</msg>
<arg>${locator}</arg>
<arg>${value}</arg>
<doc>Types the given ``text`` into the text field identified by ``locator``.</doc>
<status status="PASS" start="2025-10-18T21:00:25.737213" elapsed="0.404442"/>
</kw>
<arg>${FLD_FROM}</arg>
<arg>${from}</arg>
<status status="PASS" start="2025-10-18T21:00:25.281970" elapsed="0.859823"/>
</kw>
<kw name="Set Field Value" owner="TrainApp">
<kw name="Wait Until Element Is Visible" owner="SeleniumLibrary">
<arg>${locator}</arg>
<doc>Waits until the element ``locator`` is visible.</doc>
<status status="PASS" start="2025-10-18T21:00:26.142361" elapsed="0.215725"/>
</kw>
<kw name="Clear Element Text" owner="SeleniumLibrary">
<arg>${locator}</arg>
<doc>Clears the value of the text-input-element identified by ``locator``.</doc>
<status status="PASS" start="2025-10-18T21:00:26.358950" elapsed="0.244265"/>
</kw>
<kw name="Input Text" owner="SeleniumLibrary">
<msg time="2025-10-18T21:00:26.605127" level="INFO">Typing text 'DELHI' into text field 'css=input[name="tostation"]'.</msg>
<arg>${locator}</arg>
<arg>${value}</arg>
<doc>Types the given ``text`` into the text field identified by ``locator``.</doc>
<status status="PASS" start="2025-10-18T21:00:26.603987" elapsed="0.417585"/>
</kw>
<arg>${FLD_TO}</arg>
<arg>${to}</arg>
<status status="PASS" start="2025-10-18T21:00:26.141978" elapsed="0.879733"/>
</kw>
<kw name="Set Field Value" owner="TrainApp">
<kw name="Wait Until Element Is Visible" owner="SeleniumLibrary">
<arg>${locator}</arg>
<doc>Waits until the element ``locator`` is visible.</doc>
<status status="PASS" start="2025-10-18T21:00:27.022131" elapsed="0.225077"/>
</kw>
<kw name="Clear Element Text" owner="SeleniumLibrary">
<arg>${locator}</arg>
<doc>Clears the value of the text-input-element identified by ``locator``.</doc>
<status status="PASS" start="2025-10-18T21:00:27.248042" elapsed="0.237224"/>
</kw>
<kw name="Input Text" owner="SeleniumLibrary">
<msg time="2025-10-18T21:00:27.486106" level="INFO">Typing text '120' into text field 'css=input[name="available"]'.</msg>
<arg>${locator}</arg>
<arg>${value}</arg>
<doc>Types the given ``text`` into the text field identified by ``locator``.</doc>
<status status="PASS" start="2025-10-18T21:00:27.485661" elapsed="0.402144"/>
</kw>
<arg>${FLD_AVAILABLE}</arg>
<arg>${available}</arg>
<status status="PASS" start="2025-10-18T21:00:27.021868" elapsed="0.866045"/>
</kw>
<kw name="Set Field Value" owner="TrainApp">
<kw name="Wait Until Element Is Visible" owner="SeleniumLibrary">
<arg>${locator}</arg>
<doc>Waits until the element ``locator`` is visible.</doc>
<status status="PASS" start="2025-10-18T21:00:27.888316" elapsed="0.222291"/>
</kw>
<kw name="Clear Element Text" owner="SeleniumLibrary">
<arg>${locator}</arg>
<doc>Clears the value of the text-input-element identified by ``locator``.</doc>
<status status="PASS" start="2025-10-18T21:00:28.111095" elapsed="0.247743"/>
</kw>
<kw name="Input Text" owner="SeleniumLibrary">
<msg time="2025-10-18T21:00:28.359938" level="INFO">Typing text '550.50' into text field 'css=input[name="fare"]'.</msg>
<arg>${locator}</arg>
<arg>${value}</arg>
<doc>Types the given ``text`` into the text field identified by ``locator``.</doc>
<status status="PASS" start="2025-10-18T21:00:28.359325" elapsed="0.417058"/>
</kw>
<arg>${FLD_FARE}</arg>
<arg>${fare}</arg>
<status status="PASS" start="2025-10-18T21:00:27.888056" elapsed="0.888453"/>
</kw>
<arg>${train_no}</arg>
<arg>${name}</arg>
<arg>${from}</arg>
<arg>${to}</arg>
<arg>${available}</arg>
<arg>${fare}</arg>
<status status="PASS" start="2025-10-18T21:00:23.549033" elapsed="5.227531"/>
</kw>
<kw name="Click" owner="TrainApp">
<kw name="Wait Until Element Is Visible" owner="SeleniumLibrary">
<arg>${locator}</arg>
<doc>Waits until the element ``locator`` is visible.</doc>
<status status="PASS" start="2025-10-18T21:00:28.777003" elapsed="0.221148"/>
</kw>
<kw name="Click Element" owner="SeleniumLibrary">
<msg time="2025-10-18T21:00:29.002623" level="INFO">Clicking element 'css=input[type="submit"][value*="ADD TRAIN"]'.</msg>
<arg>${locator}</arg>
<doc>Click the element identified by ``locator``.</doc>
<status status="PASS" start="2025-10-18T21:00:29.000826" elapsed="0.320797"/>
</kw>
<arg>${BTN_ADD_TRAIN}</arg>
<status status="PASS" start="2025-10-18T21:00:28.776739" elapsed="0.544987"/>
</kw>
<kw name="Wait For Toast Or Inline" owner="TrainApp">
<kw name="Wait Until Element Is Visible" owner="SeleniumLibrary">
<arg>${TOAST_SUCCESS}</arg>
<arg>timeout=5</arg>
<doc>Waits until the element ``locator`` is visible.</doc>
<status status="PASS" start="2025-10-18T21:00:29.322096" elapsed="0.220313"/>
</kw>
<status status="PASS" start="2025-10-18T21:00:29.321877" elapsed="0.221151"/>
</kw>
<arg>${train_no}</arg>
<arg>${name}</arg>
<arg>${from}</arg>
<arg>${to}</arg>
<arg>${available}</arg>
<arg>${fare}</arg>
<status status="PASS" start="2025-10-18T21:00:23.062667" elapsed="6.480596"/>
</kw>
<kw name="Add Train" owner="TrainApp">
<kw name="Open Add Train" owner="TrainApp">
<kw name="Click" owner="TrainApp">
<kw name="Wait Until Element Is Visible" owner="SeleniumLibrary">
<arg>${locator}</arg>
<doc>Waits until the element ``locator`` is visible.</doc>
<status status="PASS" start="2025-10-18T21:00:29.546716" elapsed="0.228106"/>
</kw>
<kw name="Click Element" owner="SeleniumLibrary">
<msg time="2025-10-18T21:00:29.776615" level="INFO">Clicking element 'css=a[href*="addtrain"]'.</msg>
<arg>${locator}</arg>
<doc>Click the element identified by ``locator``.</doc>
<status status="PASS" start="2025-10-18T21:00:29.775731" elapsed="0.281230"/>
</kw>
<arg>${NAV_ADD_TRAIN}</arg>
<status status="PASS" start="2025-10-18T21:00:29.546160" elapsed="0.510925"/>
</kw>
<status status="PASS" start="2025-10-18T21:00:29.545837" elapsed="0.511295"/>
</kw>
<kw name="Fill Add Train Form" owner="TrainApp">
<kw name="Set Field Value" owner="TrainApp">
<kw name="Wait Until Element Is Visible" owner="SeleniumLibrary">
<arg>${locator}</arg>
<doc>Waits until the element ``locator`` is visible.</doc>
<status status="PASS" start="2025-10-18T21:00:30.057877" elapsed="0.218191"/>
</kw>
<kw name="Clear Element Text" owner="SeleniumLibrary">
<arg>${locator}</arg>
<doc>Clears the value of the text-input-element identified by ``locator``.</doc>
<status status="PASS" start="2025-10-18T21:00:30.276662" elapsed="0.234855"/>
</kw>
<kw name="Input Text" owner="SeleniumLibrary">
<msg time="2025-10-18T21:00:30.513463" level="INFO">Typing text '56588' into text field 'css=input[name="trainno"]'.</msg>
<arg>${locator}</arg>
<arg>${value}</arg>
<doc>Types the given ``text`` into the text field identified by ``locator``.</doc>
<status status="PASS" start="2025-10-18T21:00:30.512494" elapsed="0.362933"/>
</kw>
<arg>${FLD_TRAIN_NO}</arg>
<arg>${train_no}</arg>
<status status="PASS" start="2025-10-18T21:00:30.057667" elapsed="0.818516"/>
</kw>
<kw name="Set Field Value" owner="TrainApp">
<kw name="Wait Until Element Is Visible" owner="SeleniumLibrary">
<arg>${locator}</arg>
<doc>Waits until the element ``locator`` is visible.</doc>
<status status="PASS" start="2025-10-18T21:00:30.876614" elapsed="0.217187"/>
</kw>
<kw name="Clear Element Text" owner="SeleniumLibrary">
<arg>${locator}</arg>
<doc>Clears the value of the text-input-element identified by ``locator``.</doc>
<status status="PASS" start="2025-10-18T21:00:31.094148" elapsed="0.237851"/>
</kw>
<kw name="Input Text" owner="SeleniumLibrary">
<msg time="2025-10-18T21:00:31.332291" level="INFO">Typing text 'YAMUNA EXP' into text field 'css=input[name="trainname"]'.</msg>
<arg>${locator}</arg>
<arg>${value}</arg>
<doc>Types the given ``text`` into the text field identified by ``locator``.</doc>
<status status="PASS" start="2025-10-18T21:00:31.332135" elapsed="0.390270"/>
</kw>
<arg>${FLD_TRAIN_NAME}</arg>
<arg>${name}</arg>
<status status="PASS" start="2025-10-18T21:00:30.876351" elapsed="0.846164"/>
</kw>
<kw name="Set Field Value" owner="TrainApp">
<kw name="Wait Until Element Is Visible" owner="SeleniumLibrary">
<arg>${locator}</arg>
<doc>Waits until the element ``locator`` is visible.</doc>
<status status="PASS" start="2025-10-18T21:00:31.722867" elapsed="0.221606"/>
</kw>
<kw name="Clear Element Text" owner="SeleniumLibrary">
<arg>${locator}</arg>
<doc>Clears the value of the text-input-element identified by ``locator``.</doc>
<status status="PASS" start="2025-10-18T21:00:31.945368" elapsed="0.250188"/>
</kw>
<kw name="Input Text" owner="SeleniumLibrary">
<msg time="2025-10-18T21:00:32.197918" level="INFO">Typing text 'GAYA' into text field 'css=input[name="fromstation"]'.</msg>
<arg>${locator}</arg>
<arg>${value}</arg>
<doc>Types the given ``text`` into the text field identified by ``locator``.</doc>
<status status="PASS" start="2025-10-18T21:00:32.196712" elapsed="0.395422"/>
</kw>
<arg>${FLD_FROM}</arg>
<arg>${from}</arg>
<status status="PASS" start="2025-10-18T21:00:31.722658" elapsed="0.869619"/>
</kw>
<kw name="Set Field Value" owner="TrainApp">
<kw name="Wait Until Element Is Visible" owner="SeleniumLibrary">
<arg>${locator}</arg>
<doc>Waits until the element ``locator`` is visible.</doc>
<status status="PASS" start="2025-10-18T21:00:32.592854" elapsed="0.233503"/>
</kw>
<kw name="Clear Element Text" owner="SeleniumLibrary">
<arg>${locator}</arg>
<doc>Clears the value of the text-input-element identified by ``locator``.</doc>
<status status="PASS" start="2025-10-18T21:00:32.827487" elapsed="0.241907"/>
</kw>
<kw name="Input Text" owner="SeleniumLibrary">
<msg time="2025-10-18T21:00:33.071484" level="INFO">Typing text 'DELHI' into text field 'css=input[name="tostation"]'.</msg>
<arg>${locator}</arg>
<arg>${value}</arg>
<doc>Types the given ``text`` into the text field identified by ``locator``.</doc>
<status status="PASS" start="2025-10-18T21:00:33.070393" elapsed="0.405529"/>
</kw>
<arg>${FLD_TO}</arg>
<arg>${to}</arg>
<status status="PASS" start="2025-10-18T21:00:32.592493" elapsed="0.883554"/>
</kw>
<kw name="Set Field Value" owner="TrainApp">
<kw name="Wait Until Element Is Visible" owner="SeleniumLibrary">
<arg>${locator}</arg>
<doc>Waits until the element ``locator`` is visible.</doc>
<status status="PASS" start="2025-10-18T21:00:33.476502" elapsed="0.220090"/>
</kw>
<kw name="Clear Element Text" owner="SeleniumLibrary">
<arg>${locator}</arg>
<doc>Clears the value of the text-input-element identified by ``locator``.</doc>
<status status="PASS" start="2025-10-18T21:00:33.701167" elapsed="0.245553"/>
</kw>
<kw name="Input Text" owner="SeleniumLibrary">
<msg time="2025-10-18T21:00:33.950779" level="INFO">Typing text '120' into text field 'css=input[name="available"]'.</msg>
<arg>${locator}</arg>
<arg>${value}</arg>
<doc>Types the given ``text`` into the text field identified by ``locator``.</doc>
<status status="PASS" start="2025-10-18T21:00:33.949369" elapsed="0.422070"/>
</kw>
<arg>${FLD_AVAILABLE}</arg>
<arg>${available}</arg>
<status status="PASS" start="2025-10-18T21:00:33.476221" elapsed="0.895326"/>
</kw>
<kw name="Set Field Value" owner="TrainApp">
<kw name="Wait Until Element Is Visible" owner="SeleniumLibrary">
<arg>${locator}</arg>
<doc>Waits until the element ``locator`` is visible.</doc>
<status status="PASS" start="2025-10-18T21:00:34.371912" elapsed="0.221793"/>
</kw>
<kw name="Clear Element Text" owner="SeleniumLibrary">
<arg>${locator}</arg>
<doc>Clears the value of the text-input-element identified by ``locator``.</doc>
<status status="PASS" start="2025-10-18T21:00:34.594379" elapsed="0.234687"/>
</kw>
<kw name="Input Text" owner="SeleniumLibrary">
<msg time="2025-10-18T21:00:34.830360" level="INFO">Typing text '550.50' into text field 'css=input[name="fare"]'.</msg>
<arg>${locator}</arg>
<arg>${value}</arg>
<doc>Types the given ``text`` into the text field identified by ``locator``.</doc>
<status status="PASS" start="2025-10-18T21:00:34.829650" elapsed="0.422862"/>
</kw>
<arg>${FLD_FARE}</arg>
<arg>${fare}</arg>
<status status="PASS" start="2025-10-18T21:00:34.371689" elapsed="0.880918"/>
</kw>
<arg>${train_no}</arg>
<arg>${name}</arg>
<arg>${from}</arg>
<arg>${to}</arg>
<arg>${available}</arg>
<arg>${fare}</arg>
<status status="PASS" start="2025-10-18T21:00:30.057305" elapsed="5.195334"/>
</kw>
<kw name="Click" owner="TrainApp">
<kw name="Wait Until Element Is Visible" owner="SeleniumLibrary">
<arg>${locator}</arg>
<doc>Waits until the element ``locator`` is visible.</doc>
<status status="PASS" start="2025-10-18T21:00:35.252970" elapsed="0.221883"/>
</kw>
<kw name="Click Element" owner="SeleniumLibrary">
<msg time="2025-10-18T21:00:35.476235" level="INFO">Clicking element 'css=input[type="submit"][value*="ADD TRAIN"]'.</msg>
<arg>${locator}</arg>
<doc>Click the element identified by ``locator``.</doc>
<status status="PASS" start="2025-10-18T21:00:35.475460" elapsed="0.382871"/>
</kw>
<arg>${BTN_ADD_TRAIN}</arg>
<status status="PASS" start="2025-10-18T21:00:35.252757" elapsed="0.605688"/>
</kw>
<kw name="Wait For Toast Or Inline" owner="TrainApp">
<kw name="Wait Until Element Is Visible" owner="SeleniumLibrary">
<arg>${TOAST_SUCCESS}</arg>
<arg>timeout=5</arg>
<doc>Waits until the element ``locator`` is visible.</doc>
<status status="PASS" start="2025-10-18T21:00:35.858802" elapsed="0.219158"/>
</kw>
<status status="PASS" start="2025-10-18T21:00:35.858594" elapsed="0.219775"/>
</kw>
<arg>${train_no}</arg>
<arg>${name}</arg>
<arg>${from}</arg>
<arg>${to}</arg>
<arg>${available}</arg>
<arg>${fare}</arg>
<status status="PASS" start="2025-10-18T21:00:29.544514" elapsed="6.534028"/>
</kw>
<kw name="Confirmation Should Contain" owner="TrainApp">
<kw name="Wait Until Page Contains" owner="SeleniumLibrary">
<arg>${text}</arg>
<doc>Waits until ``text`` appears on the current page.</doc>
<status status="PASS" start="2025-10-18T21:00:36.079995" elapsed="0.115096"/>
</kw>
<arg>${ERR_TRAIN_DETAILED_REQUIRED}</arg>
<status status="PASS" start="2025-10-18T21:00:36.079183" elapsed="0.116450"/>
</kw>
<arg>YAMUNA EXP</arg>
<arg>GAYA</arg>
<arg>DELHI</arg>
<arg>120</arg>
<arg>550.50</arg>
<status status="PASS" start="2025-10-18T21:00:23.061800" elapsed="13.134038"/>
</kw>
<kw name="No Operation" owner="BuiltIn" type="TEARDOWN">
<doc>Does absolutely nothing.</doc>
<status status="PASS" start="2025-10-18T21:00:36.196909" elapsed="0.000362"/>
</kw>
<tag>feature:add</tag>
<tag>layer:ui</tag>
<status status="PASS" start="2025-10-18T21:00:22.933617" elapsed="13.263785"/>
</test>
<test id="s1-t4" name="ADD_004 Add a new train with available negative data" line="32">
<kw name="Go Home" owner="TrainApp" type="SETUP">
<kw name="Go To" owner="SeleniumLibrary">
<msg time="2025-10-18T21:00:36.199861" level="INFO">Opening url 'http://localhost:8083/TrainBook/AdminHome.html'</msg>
<arg>${BASE_URL}</arg>
<doc>Navigates the current browser window to the provided ``url``.</doc>
<status status="PASS" start="2025-10-18T21:00:36.199639" elapsed="0.129268"/>
</kw>
<status status="PASS" start="2025-10-18T21:00:36.199215" elapsed="0.130320"/>
</kw>
<kw name="T_Add_Train_Succeeds_Available_Negative" owner="TrainApp">
<kw name="Generate Unique Train Number" owner="TrainApp">
<kw name="Get Time" owner="BuiltIn">
<msg time="2025-10-18T21:00:36.330122" level="INFO">${ts} = 1760787036</msg>
<var>${ts}</var>
<arg>epoch</arg>
<doc>Returns the given time in the requested format.</doc>
<status status="PASS" start="2025-10-18T21:00:36.330023" elapsed="0.000113"/>
</kw>
<kw name="Evaluate" owner="BuiltIn">
<msg time="2025-10-18T21:00:36.330295" level="INFO">${mod} = 56601</msg>
<var>${mod}</var>
<arg>int(${ts}) % 89999 + 10001</arg>
<doc>Evaluates the given expression in Python and returns the result.</doc>
<status status="PASS" start="2025-10-18T21:00:36.330183" elapsed="0.000122"/>
</kw>
<return>
<value>${mod}</value>
<status status="PASS" start="2025-10-18T21:00:36.330330" elapsed="0.000025"/>
</return>
<msg time="2025-10-18T21:00:36.330408" level="INFO">${train_no} = 56601</msg>
<var>${train_no}</var>
<status status="PASS" start="2025-10-18T21:00:36.329922" elapsed="0.000496"/>
</kw>
<kw name="Add Train" owner="TrainApp">
<kw name="Open Add Train" owner="TrainApp">
<kw name="Click" owner="TrainApp">
<kw name="Wait Until Element Is Visible" owner="SeleniumLibrary">
<arg>${locator}</arg>
<doc>Waits until the element ``locator`` is visible.</doc>
<status status="PASS" start="2025-10-18T21:00:36.330805" elapsed="0.210481"/>
</kw>
<kw name="Click Element" owner="SeleniumLibrary">
<msg time="2025-10-18T21:00:36.542228" level="INFO">Clicking element 'css=a[href*="addtrain"]'.</msg>
<arg>${locator}</arg>
<doc>Click the element identified by ``locator``.</doc>
<status status="PASS" start="2025-10-18T21:00:36.541746" elapsed="0.316963"/>
</kw>
<arg>${NAV_ADD_TRAIN}</arg>
<status status="PASS" start="2025-10-18T21:00:36.330703" elapsed="0.528115"/>
</kw>
<status status="PASS" start="2025-10-18T21:00:36.330622" elapsed="0.528225"/>
</kw>
<kw name="Fill Add Train Form" owner="TrainApp">
<kw name="Set Field Value" owner="TrainApp">
<kw name="Wait Until Element Is Visible" owner="SeleniumLibrary">
<arg>${locator}</arg>
<doc>Waits until the element ``locator`` is visible.</doc>
<status status="PASS" start="2025-10-18T21:00:36.859622" elapsed="0.214766"/>
</kw>
<kw name="Clear Element Text" owner="SeleniumLibrary">
<arg>${locator}</arg>
<doc>Clears the value of the text-input-element identified by ``locator``.</doc>
<status status="PASS" start="2025-10-18T21:00:37.075418" elapsed="0.244245"/>
</kw>
<kw name="Input Text" owner="SeleniumLibrary">
<msg time="2025-10-18T21:00:37.320092" level="INFO">Typing text '56601' into text field 'css=input[name="trainno"]'.</msg>
<arg>${locator}</arg>
<arg>${value}</arg>
<doc>Types the given ``text`` into the text field identified by ``locator``.</doc>
<status status="PASS" start="2025-10-18T21:00:37.319905" elapsed="0.376422"/>
</kw>
<arg>${FLD_TRAIN_NO}</arg>
<arg>${train_no}</arg>
<status status="PASS" start="2025-10-18T21:00:36.859426" elapsed="0.837071"/>
</kw>
<kw name="Set Field Value" owner="TrainApp">
<kw name="Wait Until Element Is Visible" owner="SeleniumLibrary">
<arg>${locator}</arg>
<doc>Waits until the element ``locator`` is visible.</doc>
<status status="PASS" start="2025-10-18T21:00:37.697081" elapsed="0.224709"/>
</kw>
<kw name="Clear Element Text" owner="SeleniumLibrary">
<arg>${locator}</arg>
<doc>Clears the value of the text-input-element identified by ``locator``.</doc>
<status status="PASS" start="2025-10-18T21:00:37.922639" elapsed="0.249081"/>
</kw>
<kw name="Input Text" owner="SeleniumLibrary">
<msg time="2025-10-18T21:00:38.174253" level="INFO">Typing text 'YAMUNA EXP' into text field 'css=input[name="trainname"]'.</msg>
<arg>${locator}</arg>
<arg>${value}</arg>
<doc>Types the given ``text`` into the text field identified by ``locator``.</doc>
<status status="PASS" start="2025-10-18T21:00:38.173127" elapsed="0.381912"/>
</kw>
<arg>${FLD_TRAIN_NAME}</arg>
<arg>${name}</arg>
<status status="PASS" start="2025-10-18T21:00:37.696720" elapsed="0.858478"/>
</kw>
<kw name="Set Field Value" owner="TrainApp">
<kw name="Wait Until Element Is Visible" owner="SeleniumLibrary">
<arg>${locator}</arg>
<doc>Waits until the element ``locator`` is visible.</doc>
<status status="PASS" start="2025-10-18T21:00:38.555744" elapsed="0.231206"/>
</kw>
<kw name="Clear Element Text" owner="SeleniumLibrary">
<arg>${locator}</arg>
<doc>Clears the value of the text-input-element identified by ``locator``.</doc>
<status status="PASS" start="2025-10-18T21:00:38.788006" elapsed="0.233767"/>
</kw>
<kw name="Input Text" owner="SeleniumLibrary">
<msg time="2025-10-18T21:00:39.024642" level="INFO">Typing text 'GAYA' into text field 'css=input[name="fromstation"]'.</msg>
<arg>${locator}</arg>
<arg>${value}</arg>
<doc>Types the given ``text`` into the text field identified by ``locator``.</doc>
<status status="PASS" start="2025-10-18T21:00:39.023482" elapsed="0.426312"/>
</kw>
<arg>${FLD_FROM}</arg>
<arg>${from}</arg>
<status status="PASS" start="2025-10-18T21:00:38.555406" elapsed="0.894495"/>
</kw>
<kw name="Set Field Value" owner="TrainApp">
<kw name="Wait Until Element Is Visible" owner="SeleniumLibrary">
<arg>${locator}</arg>
<doc>Waits until the element ``locator`` is visible.</doc>
<status status="PASS" start="2025-10-18T21:00:39.450277" elapsed="0.224038"/>
</kw>
<kw name="Clear Element Text" owner="SeleniumLibrary">
<arg>${locator}</arg>
<doc>Clears the value of the text-input-element identified by ``locator``.</doc>
<status status="PASS" start="2025-10-18T21:00:39.677606" elapsed="0.241288"/>
</kw>
<kw name="Input Text" owner="SeleniumLibrary">
<msg time="2025-10-18T21:00:39.921148" level="INFO">Typing text 'DELHI' into text field 'css=input[name="tostation"]'.</msg>
<arg>${locator}</arg>
<arg>${value}</arg>
<doc>Types the given ``text`` into the text field identified by ``locator``.</doc>
<status status="PASS" start="2025-10-18T21:00:39.920487" elapsed="0.415230"/>
</kw>
<arg>${FLD_TO}</arg>
<arg>${to}</arg>
<status status="PASS" start="2025-10-18T21:00:39.450044" elapsed="0.885772"/>
</kw>
<kw name="Set Field Value" owner="TrainApp">
<kw name="Wait Until Element Is Visible" owner="SeleniumLibrary">
<arg>${locator}</arg>
<doc>Waits until the element ``locator`` is visible.</doc>
<status status="PASS" start="2025-10-18T21:00:40.336141" elapsed="0.222172"/>
</kw>
<kw name="Clear Element Text" owner="SeleniumLibrary">
<arg>${locator}</arg>
<doc>Clears the value of the text-input-element identified by ``locator``.</doc>
<status status="PASS" start="2025-10-18T21:00:40.559962" elapsed="0.245239"/>
</kw>
<kw name="Input Text" owner="SeleniumLibrary">
<msg time="2025-10-18T21:00:40.807514" level="INFO">Typing text '-50' into text field 'css=input[name="available"]'.</msg>
<arg>${locator}</arg>
<arg>${value}</arg>
<doc>Types the given ``text`` into the text field identified by ``locator``.</doc>
<status status="PASS" start="2025-10-18T21:00:40.806343" elapsed="0.413264"/>
</kw>
<arg>${FLD_AVAILABLE}</arg>
<arg>${available}</arg>
<status status="PASS" start="2025-10-18T21:00:40.335945" elapsed="0.883760"/>
</kw>
<kw name="Set Field Value" owner="TrainApp">
<kw name="Wait Until Element Is Visible" owner="SeleniumLibrary">
<arg>${locator}</arg>
<doc>Waits until the element ``locator`` is visible.</doc>
<status status="PASS" start="2025-10-18T21:00:41.220046" elapsed="0.219303"/>
</kw>
<kw name="Clear Element Text" owner="SeleniumLibrary">
<arg>${locator}</arg>
<doc>Clears the value of the text-input-element identified by ``locator``.</doc>
<status status="PASS" start="2025-10-18T21:00:41.440396" elapsed="0.234717"/>
</kw>
<kw name="Input Text" owner="SeleniumLibrary">
<msg time="2025-10-18T21:00:41.676898" level="INFO">Typing text '550.50' into text field 'css=input[name="fare"]'.</msg>
<arg>${locator}</arg>
<arg>${value}</arg>
<doc>Types the given ``text`` into the text field identified by ``locator``.</doc>
<status status="PASS" start="2025-10-18T21:00:41.675936" elapsed="0.396587"/>
</kw>
<arg>${FLD_FARE}</arg>
<arg>${fare}</arg>
<status status="PASS" start="2025-10-18T21:00:41.219841" elapsed="0.852783"/>
</kw>
<arg>${train_no}</arg>
<arg>${name}</arg>
<arg>${from}</arg>
<arg>${to}</arg>
<arg>${available}</arg>
<arg>${fare}</arg>
<status status="PASS" start="2025-10-18T21:00:36.859051" elapsed="5.213675"/>
</kw>
<kw name="Click" owner="TrainApp">
<kw name="Wait Until Element Is Visible" owner="SeleniumLibrary">
<arg>${locator}</arg>
<doc>Waits until the element ``locator`` is visible.</doc>
<status status="PASS" start="2025-10-18T21:00:42.073050" elapsed="0.225479"/>
</kw>
<kw name="Click Element" owner="SeleniumLibrary">
<msg time="2025-10-18T21:00:42.300531" level="INFO">Clicking element 'css=input[type="submit"][value*="ADD TRAIN"]'.</msg>
<arg>${locator}</arg>
<doc>Click the element identified by ``locator``.</doc>
<status status="PASS" start="2025-10-18T21:00:42.299457" elapsed="0.307698"/>
</kw>
<arg>${BTN_ADD_TRAIN}</arg>
<status status="PASS" start="2025-10-18T21:00:42.072852" elapsed="0.534407"/>
</kw>
<kw name="Wait For Toast Or Inline" owner="TrainApp">
<kw name="Wait Until Element Is Visible" owner="SeleniumLibrary">
<arg>${TOAST_SUCCESS}</arg>
<arg>timeout=5</arg>
<doc>Waits until the element ``locator`` is visible.</doc>
<status status="PASS" start="2025-10-18T21:00:42.607585" elapsed="0.217568"/>
</kw>
<status status="PASS" start="2025-10-18T21:00:42.607390" elapsed="0.218401"/>
</kw>
<arg>${train_no}</arg>
<arg>${name}</arg>
<arg>${from}</arg>
<arg>${to}</arg>
<arg>${available}</arg>
<arg>${fare}</arg>
<status status="PASS" start="2025-10-18T21:00:36.330474" elapsed="6.495493"/>
</kw>
<kw name="Confirmation Should Contain" owner="TrainApp">
<kw name="Wait Until Page Contains" owner="SeleniumLibrary">
<arg>${text}</arg>
<doc>Waits until ``text`` appears on the current page.</doc>
<status status="PASS" start="2025-10-18T21:00:42.828060" elapsed="0.112975"/>
</kw>
<arg>${MSG_ADD_SUCCESS}</arg>
<status status="PASS" start="2025-10-18T21:00:42.826723" elapsed="0.114777"/>
</kw>
<kw name="Search Train By Number Should Show" owner="TrainApp">
<kw name="Open Search By Train No" owner="TrainApp">
<kw name="Click" owner="TrainApp">
<kw name="Wait Until Element Is Visible" owner="SeleniumLibrary">
<arg>${locator}</arg>
<doc>Waits until the element ``locator`` is visible.</doc>
<status status="PASS" start="2025-10-18T21:00:42.944237" elapsed="0.229876"/>
</kw>
<kw name="Click Element" owner="SeleniumLibrary">
<msg time="2025-10-18T21:00:43.176529" level="INFO">Clicking element 'css=a[href*="searchtrain"]'.</msg>
<arg>${locator}</arg>
<doc>Click the element identified by ``locator``.</doc>
<status status="PASS" start="2025-10-18T21:00:43.175310" elapsed="0.285049"/>
</kw>
<arg>${NAV_SEARCH_TRAIN}</arg>
<status status="PASS" start="2025-10-18T21:00:42.943693" elapsed="0.516752"/>
</kw>
<status status="PASS" start="2025-10-18T21:00:42.943291" elapsed="0.517183"/>
</kw>
<kw name="Enter Train No And Click Search" owner="TrainApp">
<kw name="Set Field Value" owner="TrainApp">
<kw name="Wait Until Element Is Visible" owner="SeleniumLibrary">
<arg>${locator}</arg>
<doc>Waits until the element ``locator`` is visible.</doc>
<status status="PASS" start="2025-10-18T21:00:43.460911" elapsed="0.214704"/>
</kw>
<kw name="Clear Element Text" owner="SeleniumLibrary">
<arg>${locator}</arg>
<doc>Clears the value of the text-input-element identified by ``locator``.</doc>
<status status="PASS" start="2025-10-18T21:00:43.676095" elapsed="0.231099"/>
</kw>
<kw name="Input Text" owner="SeleniumLibrary">
<msg time="2025-10-18T21:00:43.909456" level="INFO">Typing text '56601' into text field 'css=input[name="trainnumber"]'.</msg>
<arg>${locator}</arg>
<arg>${value}</arg>
<doc>Types the given ``text`` into the text field identified by ``locator``.</doc>
<status status="PASS" start="2025-10-18T21:00:43.908281" elapsed="0.387004"/>
</kw>
<arg>${FLD_SEARCH_TRAIN_NO}</arg>
<arg>${train_no}</arg>
<status status="PASS" start="2025-10-18T21:00:43.460773" elapsed="0.834726"/>
</kw>
<kw name="Click" owner="TrainApp">
<kw name="Wait Until Element Is Visible" owner="SeleniumLibrary">
<arg>${locator}</arg>
<doc>Waits until the element ``locator`` is visible.</doc>
<status status="PASS" start="2025-10-18T21:00:44.296202" elapsed="0.230636"/>
</kw>
<kw name="Click Element" owner="SeleniumLibrary">
<msg time="2025-10-18T21:00:44.528626" level="INFO">Clicking element 'css=input[type="submit"][value*="SEARCH TRAIN"]'.</msg>
<arg>${locator}</arg>
<doc>Click the element identified by ``locator``.</doc>
<status status="PASS" start="2025-10-18T21:00:44.527887" elapsed="0.281391"/>
</kw>
<arg>${BTN_SEARCH_TRAIN}</arg>
<status status="PASS" start="2025-10-18T21:00:44.295782" elapsed="0.513584"/>
</kw>
<kw name="Wait For Toast Or Inline" owner="TrainApp">
<kw name="Wait Until Element Is Visible" owner="SeleniumLibrary">
<arg>${TOAST_SUCCESS}</arg>
<arg>timeout=5</arg>
<doc>Waits until the element ``locator`` is visible.</doc>
<status status="PASS" start="2025-10-18T21:00:44.809626" elapsed="0.220163"/>
</kw>
<status status="PASS" start="2025-10-18T21:00:44.809478" elapsed="0.221038"/>
</kw>
<arg>${train_no}</arg>
<status status="PASS" start="2025-10-18T21:00:43.460593" elapsed="1.570110"/>
</kw>
<kw name="Result Panel Should Show" owner="TrainApp">
<kw name="Wait Until Element Is Visible" owner="SeleniumLibrary">
<arg>${RESULT_PANEL}</arg>
<doc>Waits until the element ``locator`` is visible.</doc>
<status status="PASS" start="2025-10-18T21:00:45.034400" elapsed="0.231858"/>
</kw>
<kw name="Run Keyword If" owner="BuiltIn">
<kw name="Element Text Should Be" owner="SeleniumLibrary">
<msg time="2025-10-18T21:00:45.268247" level="INFO">Verifying element 'xpath=//td[normalize-space(.)="Train Number :"]/following-sibling::td' contains exact text '56601'.</msg>
<arg>${RESULT_TRAIN_NO}</arg>
<arg>${train_no}</arg>
<doc>Verifies that element ``locator`` contains exact the text ``expected``.</doc>
<status status="PASS" start="2025-10-18T21:00:45.267777" elapsed="0.231420"/>
</kw>
[...]
<status status="PASS" start="2025-10-18T21:02:52.877528" elapsed="0.000212"/>
</kw>
<kw name="Run Keyword If" owner="BuiltIn">
<arg>'${to}'!='${ANY}'</arg>
<arg>Element Should Contain</arg>
<arg>${row}</arg>
<arg>${to}</arg>
<doc>Runs the given keyword with the given arguments, if ``condition`` is true.</doc>
<status status="PASS" start="2025-10-18T21:02:52.877890" elapsed="0.000184"/>
</kw>
<kw name="Run Keyword If" owner="BuiltIn">
<arg>'${available}'!='${ANY}'</arg>
<arg>Element Should Contain</arg>
<arg>${row}</arg>
<arg>${available}</arg>
<doc>Runs the given keyword with the given arguments, if ``condition`` is true.</doc>
<status status="PASS" start="2025-10-18T21:02:52.878192" elapsed="0.000061"/>
</kw>
<kw name="Get Text" owner="SeleniumLibrary">
<msg time="2025-10-18T21:02:53.114880" level="INFO">${fare_text} = 600.0 RS</msg>
<var>${fare_text}</var>
<arg>${row}/td[6]</arg>
<doc>Returns the text value of the element identified by ``locator``.</doc>
<status status="PASS" start="2025-10-18T21:02:52.878331" elapsed="0.236797"/>
</kw>
<kw name="Replace String Using Regexp" owner="String">
<msg time="2025-10-18T21:02:53.118367" level="INFO">${fare_clean} = 600.0</msg>
<var>${fare_clean}</var>
<arg>${fare_text}</arg>
<arg>[^0-9.\-]</arg>
<arg>${EMPTY}</arg>
<doc>Replaces ``pattern`` in the given ``string`` with ``replace_with``.</doc>
<status status="PASS" start="2025-10-18T21:02:53.115993" elapsed="0.002442"/>
</kw>
<kw name="Run Keyword If" owner="BuiltIn">
<kw name="Should Be Equal As Numbers" owner="BuiltIn">
<arg>${fare_clean}</arg>
<arg>${fare}</arg>
<doc>Fails if objects are unequal after converting them to real numbers.</doc>
<status status="PASS" start="2025-10-18T21:02:53.119255" elapsed="0.000323"/>
</kw>
<arg>'${fare}'!='${ANY}'</arg>
<arg>Should Be Equal As Numbers</arg>
<arg>${fare_clean}</arg>
<arg>${fare}</arg>
<doc>Runs the given keyword with the given arguments, if ``condition`` is true.</doc>
<status status="PASS" start="2025-10-18T21:02:53.118733" elapsed="0.000932"/>
</kw>
<arg>${train_no}</arg>
<arg>${ANY}</arg>
<arg>${ANY}</arg>
<arg>${ANY}</arg>
<arg>${ANY}</arg>
<arg>${new_fare}</arg>
<status status="PASS" start="2025-10-18T21:02:51.865173" elapsed="1.254585"/>
</kw>
<arg>YAMUNA EXP</arg>
<arg>GAYA</arg>
<arg>DELHI</arg>
<arg>120</arg>
<arg>550.50</arg>
<arg>600.00</arg>
<status status="PASS" start="2025-10-18T21:02:42.464858" elapsed="10.654986"/>
</kw>
<kw name="No Operation" owner="BuiltIn" type="TEARDOWN">
<doc>Does absolutely nothing.</doc>
<status status="PASS" start="2025-10-18T21:02:53.120207" elapsed="0.000115"/>
</kw>
<tag>feature:add</tag>
<tag>layer:ui</tag>
<status status="PASS" start="2025-10-18T21:02:42.303007" elapsed="10.817403"/>
</test>
<test id="s1-t20" name="VIEW_004 List reflects deletion" line="96">
<kw name="Go Home" owner="TrainApp" type="SETUP">
<kw name="Go To" owner="SeleniumLibrary">
<msg time="2025-10-18T21:02:53.121915" level="INFO">Opening url 'http://localhost:8083/TrainBook/AdminHome.html'</msg>
<arg>${BASE_URL}</arg>
<doc>Navigates the current browser window to the provided ``url``.</doc>
<status status="PASS" start="2025-10-18T21:02:53.121748" elapsed="0.202600"/>
</kw>
<status status="PASS" start="2025-10-18T21:02:53.121470" elapsed="0.202980"/>
</kw>
<kw name="T_View_Train_List_Reflects_Deletion" owner="TrainApp">
<kw name="Generate Unique Train Number" owner="TrainApp">
<kw name="Get Time" owner="BuiltIn">
<msg time="2025-10-18T21:02:53.325161" level="INFO">${ts} = 1760787173</msg>
<var>${ts}</var>
<arg>epoch</arg>
<doc>Returns the given time in the requested format.</doc>
<status status="PASS" start="2025-10-18T21:02:53.325033" elapsed="0.000144"/>
</kw>
<kw name="Evaluate" owner="BuiltIn">
<msg time="2025-10-18T21:02:53.325370" level="INFO">${mod} = 56738</msg>
<var>${mod}</var>
<arg>int(${ts}) % 89999 + 10001</arg>
<doc>Evaluates the given expression in Python and returns the result.</doc>
<status status="PASS" start="2025-10-18T21:02:53.325230" elapsed="0.000153"/>
</kw>
<return>
<value>${mod}</value>
<status status="PASS" start="2025-10-18T21:02:53.325412" elapsed="0.000044"/>
</return>
<msg time="2025-10-18T21:02:53.325515" level="INFO">${train_no} = 56738</msg>
<var>${train_no}</var>
<status status="PASS" start="2025-10-18T21:02:53.324912" elapsed="0.000614"/>
</kw>
<kw name="Add Train" owner="TrainApp">
<kw name="Open Add Train" owner="TrainApp">
<kw name="Click" owner="TrainApp">
<kw name="Wait Until Element Is Visible" owner="SeleniumLibrary">
<arg>${locator}</arg>
<doc>Waits until the element ``locator`` is visible.</doc>
<status status="PASS" start="2025-10-18T21:02:53.325937" elapsed="0.221067"/>
</kw>
<kw name="Click Element" owner="SeleniumLibrary">
<msg time="2025-10-18T21:02:53.549032" level="INFO">Clicking element 'css=a[href*="addtrain"]'.</msg>
<arg>${locator}</arg>
<doc>Click the element identified by ``locator``.</doc>
<status status="PASS" start="2025-10-18T21:02:53.548024" elapsed="0.275502"/>
</kw>
<arg>${NAV_ADD_TRAIN}</arg>
<status status="PASS" start="2025-10-18T21:02:53.325840" elapsed="0.497779"/>
</kw>
<status status="PASS" start="2025-10-18T21:02:53.325756" elapsed="0.497893"/>
</kw>
<kw name="Fill Add Train Form" owner="TrainApp">
<kw name="Set Field Value" owner="TrainApp">
<kw name="Wait Until Element Is Visible" owner="SeleniumLibrary">
<arg>${locator}</arg>
<doc>Waits until the element ``locator`` is visible.</doc>
<status status="PASS" start="2025-10-18T21:02:53.825033" elapsed="0.218795"/>
</kw>
<kw name="Clear Element Text" owner="SeleniumLibrary">
<arg>${locator}</arg>
<doc>Clears the value of the text-input-element identified by ``locator``.</doc>
<status status="PASS" start="2025-10-18T21:02:54.044292" elapsed="0.231552"/>
</kw>
<kw name="Input Text" owner="SeleniumLibrary">
<msg time="2025-10-18T21:02:54.277143" level="INFO">Typing text '56738' into text field 'css=input[name="trainno"]'.</msg>
<arg>${locator}</arg>
<arg>${value}</arg>
<doc>Types the given ``text`` into the text field identified by ``locator``.</doc>
<status status="PASS" start="2025-10-18T21:02:54.276356" elapsed="0.381512"/>
</kw>
<arg>${FLD_TRAIN_NO}</arg>
<arg>${train_no}</arg>
<status status="PASS" start="2025-10-18T21:02:53.824897" elapsed="0.833080"/>
</kw>
<kw name="Set Field Value" owner="TrainApp">
<kw name="Wait Until Element Is Visible" owner="SeleniumLibrary">
<arg>${locator}</arg>
<doc>Waits until the element ``locator`` is visible.</doc>
<status status="PASS" start="2025-10-18T21:02:54.658351" elapsed="0.222076"/>
</kw>
<kw name="Clear Element Text" owner="SeleniumLibrary">
<arg>${locator}</arg>
<doc>Clears the value of the text-input-element identified by ``locator``.</doc>
<status status="PASS" start="2025-10-18T21:02:54.881480" elapsed="0.260868"/>
</kw>
<kw name="Input Text" owner="SeleniumLibrary">
<msg time="2025-10-18T21:02:55.143109" level="INFO">Typing text 'YAMUNA EXP' into text field 'css=input[name="trainname"]'.</msg>
<arg>${locator}</arg>
<arg>${value}</arg>
<doc>Types the given ``text`` into the text field identified by ``locator``.</doc>
<status status="PASS" start="2025-10-18T21:02:55.142714" elapsed="0.411461"/>
</kw>
<arg>${FLD_TRAIN_NAME}</arg>
<arg>${name}</arg>
<status status="PASS" start="2025-10-18T21:02:54.658126" elapsed="0.896164"/>
</kw>
<kw name="Set Field Value" owner="TrainApp">
<kw name="Wait Until Element Is Visible" owner="SeleniumLibrary">
<arg>${locator}</arg>
<doc>Waits until the element ``locator`` is visible.</doc>
<status status="PASS" start="2025-10-18T21:02:55.554857" elapsed="0.225883"/>
</kw>
<kw name="Clear Element Text" owner="SeleniumLibrary">
<arg>${locator}</arg>
<doc>Clears the value of the text-input-element identified by ``locator``.</doc>
<status status="PASS" start="2025-10-18T21:02:55.782090" elapsed="0.239827"/>
</kw>
<kw name="Input Text" owner="SeleniumLibrary">
<msg time="2025-10-18T21:02:56.024242" level="INFO">Typing text 'GAYA' into text field 'css=input[name="fromstation"]'.</msg>
<arg>${locator}</arg>
<arg>${value}</arg>
<doc>Types the given ``text`` into the text field identified by ``locator``.</doc>
<status status="PASS" start="2025-10-18T21:02:56.022858" elapsed="0.424285"/>
</kw>
<arg>${FLD_FROM}</arg>
<arg>${from}</arg>
<status status="PASS" start="2025-10-18T21:02:55.554470" elapsed="0.892777"/>
</kw>
<kw name="Set Field Value" owner="TrainApp">
<kw name="Wait Until Element Is Visible" owner="SeleniumLibrary">
<arg>${locator}</arg>
<doc>Waits until the element ``locator`` is visible.</doc>
<status status="PASS" start="2025-10-18T21:02:56.447580" elapsed="0.224897"/>
</kw>
<kw name="Clear Element Text" owner="SeleniumLibrary">
<arg>${locator}</arg>
<doc>Clears the value of the text-input-element identified by ``locator``.</doc>
<status status="PASS" start="2025-10-18T21:02:56.673281" elapsed="0.235191"/>
</kw>
<kw name="Input Text" owner="SeleniumLibrary">
<msg time="2025-10-18T21:02:56.909718" level="INFO">Typing text 'DELHI' into text field 'css=input[name="tostation"]'.</msg>
<arg>${locator}</arg>
<arg>${value}</arg>
<doc>Types the given ``text`` into the text field identified by ``locator``.</doc>
<status status="PASS" start="2025-10-18T21:02:56.909029" elapsed="0.414419"/>
</kw>
<arg>${FLD_TO}</arg>
<arg>${to}</arg>
<status status="PASS" start="2025-10-18T21:02:56.447382" elapsed="0.876198"/>
</kw>
<kw name="Set Field Value" owner="TrainApp">
<kw name="Wait Until Element Is Visible" owner="SeleniumLibrary">
<arg>${locator}</arg>
<doc>Waits until the element ``locator`` is visible.</doc>
<status status="PASS" start="2025-10-18T21:02:57.324015" elapsed="0.223530"/>
</kw>
<kw name="Clear Element Text" owner="SeleniumLibrary">
<arg>${locator}</arg>
<doc>Clears the value of the text-input-element identified by ``locator``.</doc>
<status status="PASS" start="2025-10-18T21:02:57.548064" elapsed="0.241573"/>
</kw>
<kw name="Input Text" owner="SeleniumLibrary">
<msg time="2025-10-18T21:02:57.792297" level="INFO">Typing text '120' into text field 'css=input[name="available"]'.</msg>
<arg>${locator}</arg>
<arg>${value}</arg>
<doc>Types the given ``text`` into the text field identified by ``locator``.</doc>
<status status="PASS" start="2025-10-18T21:02:57.790546" elapsed="0.398237"/>
</kw>
<arg>${FLD_AVAILABLE}</arg>
<arg>${available}</arg>
<status status="PASS" start="2025-10-18T21:02:57.323750" elapsed="0.865184"/>
</kw>
<kw name="Set Field Value" owner="TrainApp">
<kw name="Wait Until Element Is Visible" owner="SeleniumLibrary">
<arg>${locator}</arg>
<doc>Waits until the element ``locator`` is visible.</doc>
<status status="PASS" start="2025-10-18T21:02:58.189460" elapsed="0.224191"/>
</kw>
<kw name="Clear Element Text" owner="SeleniumLibrary">
<arg>${locator}</arg>
<doc>Clears the value of the text-input-element identified by ``locator``.</doc>
<status status="PASS" start="2025-10-18T21:02:58.414175" elapsed="0.231651"/>
</kw>
<kw name="Input Text" owner="SeleniumLibrary">
<msg time="2025-10-18T21:02:58.646164" level="INFO">Typing text '550.50' into text field 'css=input[name="fare"]'.</msg>
<arg>${locator}</arg>
<arg>${value}</arg>
<doc>Types the given ``text`` into the text field identified by ``locator``.</doc>
<status status="PASS" start="2025-10-18T21:02:58.645996" elapsed="0.385357"/>
</kw>
<arg>${FLD_FARE}</arg>
<arg>${fare}</arg>
<status status="PASS" start="2025-10-18T21:02:58.189131" elapsed="0.842352"/>
</kw>
<arg>${train_no}</arg>
<arg>${name}</arg>
<arg>${from}</arg>
<arg>${to}</arg>
<arg>${available}</arg>
<arg>${fare}</arg>
<status status="PASS" start="2025-10-18T21:02:53.824637" elapsed="5.206903"/>
</kw>
<kw name="Click" owner="TrainApp">
<kw name="Wait Until Element Is Visible" owner="SeleniumLibrary">
<arg>${locator}</arg>
<doc>Waits until the element ``locator`` is visible.</doc>
<status status="PASS" start="2025-10-18T21:02:59.031886" elapsed="0.224149"/>
</kw>
<kw name="Click Element" owner="SeleniumLibrary">
<msg time="2025-10-18T21:02:59.258230" level="INFO">Clicking element 'css=input[type="submit"][value*="ADD TRAIN"]'.</msg>
<arg>${locator}</arg>
<doc>Click the element identified by ``locator``.</doc>
<status status="PASS" start="2025-10-18T21:02:59.256998" elapsed="0.286430"/>
</kw>
<arg>${BTN_ADD_TRAIN}</arg>
<status status="PASS" start="2025-10-18T21:02:59.031682" elapsed="0.511838"/>
</kw>
<kw name="Wait For Toast Or Inline" owner="TrainApp">
<kw name="Wait Until Element Is Visible" owner="SeleniumLibrary">
<arg>${TOAST_SUCCESS}</arg>
<arg>timeout=5</arg>
<doc>Waits until the element ``locator`` is visible.</doc>
<status status="PASS" start="2025-10-18T21:02:59.543777" elapsed="0.220721"/>
</kw>
<status status="PASS" start="2025-10-18T21:02:59.543631" elapsed="0.221190"/>
</kw>
<arg>${train_no}</arg>
<arg>${name}</arg>
<arg>${from}</arg>
<arg>${to}</arg>
<arg>${available}</arg>
<arg>${fare}</arg>
<status status="PASS" start="2025-10-18T21:02:53.325590" elapsed="6.439355"/>
</kw>
<kw name="Delete Train By Number" owner="TrainApp">
<kw name="Open Delete Train" owner="TrainApp">
<kw name="Click" owner="TrainApp">
<kw name="Wait Until Element Is Visible" owner="SeleniumLibrary">
<arg>${locator}</arg>
<doc>Waits until the element ``locator`` is visible.</doc>
<status status="PASS" start="2025-10-18T21:02:59.766979" elapsed="0.223218"/>
</kw>
<kw name="Click Element" owner="SeleniumLibrary">
<msg time="2025-10-18T21:02:59.992006" level="INFO">Clicking element 'css=a[href*="cancletrainfwd"]'.</msg>
<arg>${locator}</arg>
<doc>Click the element identified by ``locator``.</doc>
<status status="PASS" start="2025-10-18T21:02:59.991099" elapsed="0.299076"/>
</kw>
<arg>${NAV_DELETE_TRAIN}</arg>
<status status="PASS" start="2025-10-18T21:02:59.766497" elapsed="0.523771"/>
</kw>
<status status="PASS" start="2025-10-18T21:02:59.766108" elapsed="0.524188"/>
</kw>
<kw name="Set Field Value" owner="TrainApp">
<kw name="Wait Until Element Is Visible" owner="SeleniumLibrary">
<arg>${locator}</arg>
<doc>Waits until the element ``locator`` is visible.</doc>
<status status="PASS" start="2025-10-18T21:03:00.290582" elapsed="0.215185"/>
</kw>
<kw name="Clear Element Text" owner="SeleniumLibrary">
<arg>${locator}</arg>
<doc>Clears the value of the text-input-element identified by ``locator``.</doc>
<status status="PASS" start="2025-10-18T21:03:00.506312" elapsed="0.241860"/>
</kw>
<kw name="Input Text" owner="SeleniumLibrary">
<msg time="2025-10-18T21:03:00.749572" level="INFO">Typing text '56738' into text field 'css=input[name="trainno"]'.</msg>
<arg>${locator}</arg>
<arg>${value}</arg>
<doc>Types the given ``text`` into the text field identified by ``locator``.</doc>
<status status="PASS" start="2025-10-18T21:03:00.748658" elapsed="0.379734"/>
</kw>
<arg>${FLD_TRAIN_NO}</arg>
<arg>${train_no}</arg>
<status status="PASS" start="2025-10-18T21:03:00.290402" elapsed="0.838082"/>
</kw>
<kw name="Click" owner="TrainApp">
<kw name="Wait Until Element Is Visible" owner="SeleniumLibrary">
<arg>${locator}</arg>
<doc>Waits until the element ``locator`` is visible.</doc>
<status status="PASS" start="2025-10-18T21:03:01.128848" elapsed="0.222738"/>
</kw>
<kw name="Click Element" owner="SeleniumLibrary">
<msg time="2025-10-18T21:03:01.353419" level="INFO">Clicking element 'css=input[type="submit"][value*=" CANCLE TRAIN "]'.</msg>
<arg>${locator}</arg>
<doc>Click the element identified by ``locator``.</doc>
<status status="PASS" start="2025-10-18T21:03:01.352420" elapsed="0.299036"/>
</kw>
<arg>${BTN_CANCEL_TRAIN}</arg>
<status status="PASS" start="2025-10-18T21:03:01.128620" elapsed="0.522924"/>
</kw>
<kw name="Format String" owner="String">
<msg time="2025-10-18T21:03:01.651796" level="INFO">${expected_message} = Train number 56738 has been Deleted Successfully</msg>
<var>${expected_message}</var>
<arg>${MSG_DELETE_SUCCESS_PATTERN}</arg>
<arg>${train_no}</arg>
<doc>Formats a ``template`` using the given ``positional`` and ``named`` arguments.</doc>
<status status="PASS" start="2025-10-18T21:03:01.651637" elapsed="0.000413"/>
</kw>
<kw name="Confirmation Should Contain" owner="TrainApp">
<kw name="Wait Until Page Contains" owner="SeleniumLibrary">
<arg>${text}</arg>
<doc>Waits until ``text`` appears on the current page.</doc>
<status status="PASS" start="2025-10-18T21:03:01.652304" elapsed="0.110193"/>
</kw>
<arg>${expected_message}</arg>
<status status="PASS" start="2025-10-18T21:03:01.652157" elapsed="0.110436"/>
</kw>
<arg>${train_no}</arg>
<status status="PASS" start="2025-10-18T21:02:59.765428" elapsed="1.997201"/>
</kw>
<kw name="Open View Trains" owner="TrainApp">
<kw name="Click" owner="TrainApp">
<kw name="Wait Until Element Is Visible" owner="SeleniumLibrary">
<arg>${locator}</arg>
<doc>Waits until the element ``locator`` is visible.</doc>
<status status="PASS" start="2025-10-18T21:03:01.763072" elapsed="0.226651"/>
</kw>
<kw name="Click Element" owner="SeleniumLibrary">
<msg time="2025-10-18T21:03:01.991957" level="INFO">Clicking element 'css=a[href*="viewtrain"]'.</msg>
<arg>${locator}</arg>
<doc>Click the element identified by ``locator``.</doc>
<status status="PASS" start="2025-10-18T21:03:01.990769" elapsed="0.545471"/>
</kw>
<arg>${NAV_VIEW_TRAINS}</arg>
<status status="PASS" start="2025-10-18T21:03:01.762914" elapsed="0.773411"/>
</kw>
<status status="PASS" start="2025-10-18T21:03:01.762743" elapsed="0.773612"/>
</kw>
<kw name="Locator For Row With Train No" owner="TrainApp">
<return>
<value>xpath=//table//tr[td[2][normalize-space()='${train_no}']]</value>
<status status="PASS" start="2025-10-18T21:03:02.536594" elapsed="0.000028"/>
</return>
<msg time="2025-10-18T21:03:02.536685" level="INFO">${row} = xpath=//table//tr[td[2][normalize-space()='56738']]</msg>
<var>${row}</var>
<arg>${train_no}</arg>
<status status="PASS" start="2025-10-18T21:03:02.536461" elapsed="0.000237"/>
</kw>
<kw name="Element Should Not Be Visible" owner="SeleniumLibrary">
<msg time="2025-10-18T21:03:02.649184" level="INFO">Element 'xpath=//table//tr[td[2][normalize-space()='56738']]' did not exist.</msg>
<arg>${row}</arg>
<doc>Verifies that the element identified by ``locator`` is NOT visible.</doc>
<status status="PASS" start="2025-10-18T21:03:02.536769" elapsed="0.112531"/>
</kw>
<arg>YAMUNA EXP</arg>
<arg>GAYA</arg>
<arg>DELHI</arg>
<arg>120</arg>
<arg>550.50</arg>
<status status="PASS" start="2025-10-18T21:02:53.324677" elapsed="9.324700"/>
</kw>
<kw name="No Operation" owner="BuiltIn" type="TEARDOWN">
<doc>Does absolutely nothing.</doc>
<status status="PASS" start="2025-10-18T21:03:02.649606" elapsed="0.000081"/>
</kw>
<tag>feature:add</tag>
<tag>layer:ui</tag>
<status status="PASS" start="2025-10-18T21:02:53.120865" elapsed="9.528858"/>
</test>
<kw name="Close All Browsers" owner="SeleniumLibrary" type="TEARDOWN">
<doc>Closes all open browsers and resets the browser cache.</doc>
<status status="PASS" start="2025-10-18T21:03:02.650233" elapsed="0.193919"/>
</kw>
<status status="PASS" start="2025-10-18T20:59:57.109718" elapsed="185.734503"/>
</suite>
<statistics>
<total>
<stat pass="20" fail="0" skip="0">All Tests</stat>
</total>
<tag>
<stat pass="20" fail="0" skip="0">feature:add</stat>
<stat pass="20" fail="0" skip="0">layer:ui</stat>
</tag>
<suite>
<stat name="Thuy Chuong Duong" id="s1" pass="20" fail="0" skip="0">Thuy Chuong Duong</stat>
</suite>
</statistics>
<errors>
<msg time="2025-10-18T20:59:57.223718" level="WARN">Error in file '/Users/peanut/Library/CloudStorage/OneDrive-CharlesDarwinUniversity/F1-S2/PRT582  PROCESS&amp; TOOLS/automation-test-train-to-hd/Robot_Framework/resources/TrainApp.resource' on line 116: The '[Return]' setting is deprecated. Use the 'RETURN' statement instead.</msg>
<msg time="2025-10-18T20:59:57.223940" level="WARN">Error in file '/Users/peanut/Library/CloudStorage/OneDrive-CharlesDarwinUniversity/F1-S2/PRT582  PROCESS&amp; TOOLS/automation-test-train-to-hd/Robot_Framework/resources/TrainApp.resource' on line 158: The '[Return]' setting is deprecated. Use the 'RETURN' statement instead.</msg>
</errors>
</robot>
